10:38:17.834 [main] INFO org.testcontainers.images.PullPolicy -- Image pull policy will be performed by: DefaultPullPolicy()
10:38:17.838 [main] INFO org.testcontainers.utility.ImageNameSubstitutor -- Image name substitution will be performed by: DefaultImageNameSubstitutor (composite of 'ConfigurationFileImageNameSubstitutor' and 'PrefixingImageNameSubstitutor')
10:38:17.869 [main] INFO org.testcontainers.DockerClientFactory -- Testcontainers version: 2.0.4
10:38:18.538 [main] INFO org.testcontainers.dockerclient.DockerClientProviderStrategy -- Found Docker environment with Environment variables, system properties and defaults. Resolved dockerHost=unix:///home/GRT/.docker/desktop/docker.sock
10:38:18.539 [main] INFO org.testcontainers.DockerClientFactory -- Docker host IP address is localhost
10:38:18.572 [main] INFO org.testcontainers.DockerClientFactory -- Connected to docker: 
  Server Version: 29.2.1
  API Version: 1.53
  Operating System: Docker Desktop
  Total Memory: 32088 MB
  Labels: 
    com.docker.desktop.address=unix:///home/GRT/.docker/desktop/docker-cli.sock
10:38:18.613 [main] INFO tc.testcontainers/ryuk:0.14.0 -- Creating container for image: testcontainers/ryuk:0.14.0
10:38:18.658 [main] INFO org.testcontainers.utility.RegistryAuthLocator -- Credential helper/store (docker-credential-desktop) does not have credentials for https://index.docker.io/v1/
10:38:18.820 [main] INFO tc.testcontainers/ryuk:0.14.0 -- Container testcontainers/ryuk:0.14.0 is starting: c2b6ac1cc22b7ef27219b9b1a6df0be41ce170362167669d70b5e542d4c94857
10:38:19.449 [main] INFO tc.testcontainers/ryuk:0.14.0 -- Container testcontainers/ryuk:0.14.0 started in PT0.835730786S
10:38:19.458 [main] INFO org.testcontainers.utility.RyukResourceReaper -- Ryuk started - will monitor and terminate Testcontainers containers on JVM exit
10:38:19.458 [main] INFO org.testcontainers.DockerClientFactory -- Checking the system...
10:38:19.459 [main] INFO org.testcontainers.DockerClientFactory -- ✔︎ Docker server version should be at least 1.6.0
10:38:19.654 [main] INFO tc.postgres:16-alpine -- Creating container for image: postgres:16-alpine
10:38:19.857 [main] INFO tc.postgres:16-alpine -- Container postgres:16-alpine is starting: 4226f307fd3d0bf1d32b330a219079771faff3ea8dbf81277b722ee03cebf582
10:38:22.057 [main] INFO tc.postgres:16-alpine -- Container postgres:16-alpine started in PT2.403326534S
10:38:22.059 [main] INFO tc.postgres:16-alpine -- Container is started (JDBC URL: jdbc:postgresql://localhost:35477/test?loggerLevel=OFF)

  .   ____          _            __ _ _
 /\\ / ___'_ __ _ _(_)_ __  __ _ \ \ \ \
( ( )\___ | '_ | '_| | '_ \/ _` | \ \ \ \
 \\/  ___)| |_)| | | | | || (_| |  ) ) ) )
  '  |____| .__|_| |_|_| |_\__, | / / / /
 =========|_|==============|___/=/_/_/_/

 :: Spring Boot ::               (v3.5.13)

2026-04-11T10:38:22.437+08:00  INFO 64832 --- [media-task-platform-java] [           main] com.ryan.media.PostgresSmokeIT           : Starting PostgresSmokeIT using Java 21.0.10 with PID 64832 (started by GRT in /home/GRT/work/media-task-platform-java)
2026-04-11T10:38:22.439+08:00  INFO 64832 --- [media-task-platform-java] [           main] com.ryan.media.PostgresSmokeIT           : No active profile set, falling back to 1 default profile: "default"
2026-04-11T10:38:24.438+08:00  INFO 64832 --- [media-task-platform-java] [           main] org.flywaydb.core.FlywayExecutor         : Database: jdbc:postgresql://localhost:35477/test?loggerLevel=OFF (PostgreSQL 16.13)
2026-04-11T10:38:24.494+08:00  INFO 64832 --- [media-task-platform-java] [           main] o.f.c.i.s.JdbcTableSchemaHistory         : Schema history table "public"."flyway_schema_history" does not exist yet
2026-04-11T10:38:24.499+08:00  INFO 64832 --- [media-task-platform-java] [           main] o.f.core.internal.command.DbValidate     : Successfully validated 1 migration (execution time 00:00.021s)
2026-04-11T10:38:24.535+08:00  INFO 64832 --- [media-task-platform-java] [           main] o.f.c.i.s.JdbcTableSchemaHistory         : Creating Schema History table "public"."flyway_schema_history" ...
2026-04-11T10:38:24.686+08:00  INFO 64832 --- [media-task-platform-java] [           main] o.f.core.internal.command.DbMigrate      : Current version of schema "public": << Empty Schema >>
2026-04-11T10:38:24.709+08:00  INFO 64832 --- [media-task-platform-java] [           main] o.f.core.internal.command.DbMigrate      : Migrating schema "public" to version "1 - init"
2026-04-11T10:38:24.791+08:00  INFO 64832 --- [media-task-platform-java] [           main] o.f.core.internal.command.DbMigrate      : Successfully applied 1 migration to schema "public", now at version v1 (execution time 00:00.049s)
2026-04-11T10:38:25.142+08:00  INFO 64832 --- [media-task-platform-java] [           main] o.s.b.a.e.web.EndpointLinksResolver      : Exposing 2 endpoints beneath base path '/actuator'
2026-04-11T10:38:25.212+08:00  INFO 64832 --- [media-task-platform-java] [           main] com.ryan.media.PostgresSmokeIT           : Started PostgresSmokeIT in 3.077 seconds (process running for 8.027)
Mockito is currently self-attaching to enable the inline-mock-maker. This will no longer work in future releases of the JDK. Please add Mockito as an agent to your build as described in Mockito's documentation: https://javadoc.io/doc/org.mockito/mockito-core/latest/org.mockito/org/mockito/Mockito.html#0.3
OpenJDK 64-Bit Server VM warning: Sharing is only supported for boot loader classes because bootstrap classpath has been appended
WARNING: A Java agent has been loaded dynamically (/home/GRT/.m2/repository/net/bytebuddy/byte-buddy-agent/1.17.8/byte-buddy-agent-1.17.8.jar)
WARNING: If a serviceability tool is in use, please run with -XX:+EnableDynamicAgentLoading to hide this warning
WARNING: If a serviceability tool is not in use, please run with -Djdk.instrument.traceUsage for more information
WARNING: Dynamic loading of agents will be disallowed by default in a future release
2026-04-11T10:38:26.551+08:00  INFO 64832 --- [media-task-platform-java] [           main] com.zaxxer.hikari.HikariDataSource       : HikariPool-1 - Starting...
2026-04-11T10:38:26.587+08:00  INFO 64832 --- [media-task-platform-java] [           main] com.zaxxer.hikari.pool.HikariPool        : HikariPool-1 - Added connection org.postgresql.jdbc.PgConnection@4197e859
2026-04-11T10:38:26.591+08:00  INFO 64832 --- [media-task-platform-java] [           main] com.zaxxer.hikari.HikariDataSource       : HikariPool-1 - Start completed.
