10:44:24.334 [main] INFO org.testcontainers.images.PullPolicy -- Image pull policy will be performed by: DefaultPullPolicy()
10:44:24.338 [main] INFO org.testcontainers.utility.ImageNameSubstitutor -- Image name substitution will be performed by: DefaultImageNameSubstitutor (composite of 'ConfigurationFileImageNameSubstitutor' and 'PrefixingImageNameSubstitutor')
10:44:24.368 [main] INFO org.testcontainers.DockerClientFactory -- Testcontainers version: 2.0.4
10:44:25.057 [main] INFO org.testcontainers.dockerclient.DockerClientProviderStrategy -- Found Docker environment with Environment variables, system properties and defaults. Resolved dockerHost=unix:///home/GRT/.docker/desktop/docker.sock
10:44:25.058 [main] INFO org.testcontainers.DockerClientFactory -- Docker host IP address is localhost
10:44:25.091 [main] INFO org.testcontainers.DockerClientFactory -- Connected to docker: 
  Server Version: 29.2.1
  API Version: 1.53
  Operating System: Docker Desktop
  Total Memory: 32088 MB
  Labels: 
    com.docker.desktop.address=unix:///home/GRT/.docker/desktop/docker-cli.sock
10:44:25.144 [main] INFO tc.testcontainers/ryuk:0.14.0 -- Creating container for image: testcontainers/ryuk:0.14.0
10:44:25.192 [main] INFO org.testcontainers.utility.RegistryAuthLocator -- Credential helper/store (docker-credential-desktop) does not have credentials for https://index.docker.io/v1/
10:44:25.406 [main] INFO tc.testcontainers/ryuk:0.14.0 -- Container testcontainers/ryuk:0.14.0 is starting: ec22cb9663bed37157fde25da401b3640b73715760b684b93972c6a46f77a2f9
10:44:26.098 [main] INFO tc.testcontainers/ryuk:0.14.0 -- Container testcontainers/ryuk:0.14.0 started in PT0.953412929S
10:44:26.105 [main] INFO org.testcontainers.utility.RyukResourceReaper -- Ryuk started - will monitor and terminate Testcontainers containers on JVM exit
10:44:26.105 [main] INFO org.testcontainers.DockerClientFactory -- Checking the system...
10:44:26.106 [main] INFO org.testcontainers.DockerClientFactory -- ✔︎ Docker server version should be at least 1.6.0
10:44:26.281 [main] INFO tc.postgres:16-alpine -- Creating container for image: postgres:16-alpine
10:44:26.545 [main] INFO tc.postgres:16-alpine -- Container postgres:16-alpine is starting: a98461b4964063b368c7dddd8dee2f731766a638b2b451cb6a64fe66ae7bae95
10:44:29.107 [main] INFO tc.postgres:16-alpine -- Container postgres:16-alpine started in PT2.826433856S
10:44:29.109 [main] INFO tc.postgres:16-alpine -- Container is started (JDBC URL: jdbc:postgresql://localhost:38871/test?loggerLevel=OFF)

  .   ____          _            __ _ _
 /\\ / ___'_ __ _ _(_)_ __  __ _ \ \ \ \
( ( )\___ | '_ | '_| | '_ \/ _` | \ \ \ \
 \\/  ___)| |_)| | | | | || (_| |  ) ) ) )
  '  |____| .__|_| |_|_| |_\__, | / / / /
 =========|_|==============|___/=/_/_/_/

 :: Spring Boot ::               (v3.5.13)

2026-04-11T10:44:29.493+08:00  INFO 66366 --- [media-task-platform-java] [           main] com.ryan.media.RepositoryIT              : Starting RepositoryIT using Java 21.0.10 with PID 66366 (started by GRT in /home/GRT/work/media-task-platform-java)
2026-04-11T10:44:29.495+08:00  INFO 66366 --- [media-task-platform-java] [           main] com.ryan.media.RepositoryIT              : No active profile set, falling back to 1 default profile: "default"
2026-04-11T10:44:31.090+08:00  INFO 66366 --- [media-task-platform-java] [           main] org.flywaydb.core.FlywayExecutor         : Database: jdbc:postgresql://localhost:38871/test?loggerLevel=OFF (PostgreSQL 16.13)
2026-04-11T10:44:31.145+08:00  INFO 66366 --- [media-task-platform-java] [           main] o.f.c.i.s.JdbcTableSchemaHistory         : Schema history table "public"."flyway_schema_history" does not exist yet
2026-04-11T10:44:31.149+08:00  INFO 66366 --- [media-task-platform-java] [           main] o.f.core.internal.command.DbValidate     : Successfully validated 1 migration (execution time 00:00.017s)
2026-04-11T10:44:31.165+08:00  INFO 66366 --- [media-task-platform-java] [           main] o.f.c.i.s.JdbcTableSchemaHistory         : Creating Schema History table "public"."flyway_schema_history" ...
2026-04-11T10:44:31.278+08:00  INFO 66366 --- [media-task-platform-java] [           main] o.f.core.internal.command.DbMigrate      : Current version of schema "public": << Empty Schema >>
2026-04-11T10:44:31.300+08:00  INFO 66366 --- [media-task-platform-java] [           main] o.f.core.internal.command.DbMigrate      : Migrating schema "public" to version "1 - init"
2026-04-11T10:44:31.398+08:00  INFO 66366 --- [media-task-platform-java] [           main] o.f.core.internal.command.DbMigrate      : Successfully applied 1 migration to schema "public", now at version v1 (execution time 00:00.049s)
2026-04-11T10:44:32.213+08:00  INFO 66366 --- [media-task-platform-java] [           main] o.s.b.a.e.web.EndpointLinksResolver      : Exposing 2 endpoints beneath base path '/actuator'
2026-04-11T10:44:32.269+08:00  INFO 66366 --- [media-task-platform-java] [           main] com.ryan.media.RepositoryIT              : Started RepositoryIT in 3.086 seconds (process running for 8.611)
Mockito is currently self-attaching to enable the inline-mock-maker. This will no longer work in future releases of the JDK. Please add Mockito as an agent to your build as described in Mockito's documentation: https://javadoc.io/doc/org.mockito/mockito-core/latest/org.mockito/org/mockito/Mockito.html#0.3
OpenJDK 64-Bit Server VM warning: Sharing is only supported for boot loader classes because bootstrap classpath has been appended
WARNING: A Java agent has been loaded dynamically (/home/GRT/.m2/repository/net/bytebuddy/byte-buddy-agent/1.17.8/byte-buddy-agent-1.17.8.jar)
WARNING: If a serviceability tool is in use, please run with -XX:+EnableDynamicAgentLoading to hide this warning
WARNING: If a serviceability tool is not in use, please run with -Djdk.instrument.traceUsage for more information
WARNING: Dynamic loading of agents will be disallowed by default in a future release
2026-04-11T10:44:33.047+08:00  INFO 66366 --- [media-task-platform-java] [           main] com.zaxxer.hikari.HikariDataSource       : HikariPool-1 - Starting...
2026-04-11T10:44:33.082+08:00  INFO 66366 --- [media-task-platform-java] [           main] com.zaxxer.hikari.pool.HikariPool        : HikariPool-1 - Added connection org.postgresql.jdbc.PgConnection@5e1e19af
2026-04-11T10:44:33.085+08:00  INFO 66366 --- [media-task-platform-java] [           main] com.zaxxer.hikari.HikariDataSource       : HikariPool-1 - Start completed.
2026-04-11T10:44:33.923+08:00  INFO 66366 --- [media-task-platform-java] [           main] tc.postgres:16-alpine                    : Creating container for image: postgres:16-alpine
2026-04-11T10:44:34.193+08:00  INFO 66366 --- [media-task-platform-java] [           main] tc.postgres:16-alpine                    : Container postgres:16-alpine is starting: 57e551450ca39e6e0499dd6d3b7a3c697ceeca2f4d44639314e938c59023572c
2026-04-11T10:44:36.345+08:00  INFO 66366 --- [media-task-platform-java] [           main] tc.postgres:16-alpine                    : Container postgres:16-alpine started in PT2.421124824S
2026-04-11T10:44:36.345+08:00  INFO 66366 --- [media-task-platform-java] [           main] tc.postgres:16-alpine                    : Container is started (JDBC URL: jdbc:postgresql://localhost:39547/test?loggerLevel=OFF)

  .   ____          _            __ _ _
 /\\ / ___'_ __ _ _(_)_ __  __ _ \ \ \ \
( ( )\___ | '_ | '_| | '_ \/ _` | \ \ \ \
 \\/  ___)| |_)| | | | | || (_| |  ) ) ) )
  '  |____| .__|_| |_|_| |_\__, | / / / /
 =========|_|==============|___/=/_/_/_/

 :: Spring Boot ::               (v3.5.13)

2026-04-11T10:44:36.390+08:00  INFO 66366 --- [media-task-platform-java] [           main] com.ryan.media.PostgresSmokeIT           : Starting PostgresSmokeIT using Java 21.0.10 with PID 66366 (started by GRT in /home/GRT/work/media-task-platform-java)
2026-04-11T10:44:36.391+08:00  INFO 66366 --- [media-task-platform-java] [           main] com.ryan.media.PostgresSmokeIT           : No active profile set, falling back to 1 default profile: "default"
2026-04-11T10:44:36.867+08:00  INFO 66366 --- [media-task-platform-java] [           main] org.flywaydb.core.FlywayExecutor         : Database: jdbc:postgresql://localhost:39547/test?loggerLevel=OFF (PostgreSQL 16.13)
2026-04-11T10:44:36.907+08:00  INFO 66366 --- [media-task-platform-java] [           main] o.f.c.i.s.JdbcTableSchemaHistory         : Schema history table "public"."flyway_schema_history" does not exist yet
2026-04-11T10:44:36.910+08:00  INFO 66366 --- [media-task-platform-java] [           main] o.f.core.internal.command.DbValidate     : Successfully validated 1 migration (execution time 00:00.010s)
2026-04-11T10:44:36.941+08:00  INFO 66366 --- [media-task-platform-java] [           main] o.f.c.i.s.JdbcTableSchemaHistory         : Creating Schema History table "public"."flyway_schema_history" ...
2026-04-11T10:44:37.026+08:00  INFO 66366 --- [media-task-platform-java] [           main] o.f.core.internal.command.DbMigrate      : Current version of schema "public": << Empty Schema >>
2026-04-11T10:44:37.041+08:00  INFO 66366 --- [media-task-platform-java] [           main] o.f.core.internal.command.DbMigrate      : Migrating schema "public" to version "1 - init"
2026-04-11T10:44:37.113+08:00  INFO 66366 --- [media-task-platform-java] [           main] o.f.core.internal.command.DbMigrate      : Successfully applied 1 migration to schema "public", now at version v1 (execution time 00:00.046s)
2026-04-11T10:44:37.325+08:00  INFO 66366 --- [media-task-platform-java] [           main] o.s.b.a.e.web.EndpointLinksResolver      : Exposing 2 endpoints beneath base path '/actuator'
2026-04-11T10:44:37.340+08:00  INFO 66366 --- [media-task-platform-java] [           main] com.ryan.media.PostgresSmokeIT           : Started PostgresSmokeIT in 0.99 seconds (process running for 13.683)
2026-04-11T10:44:37.347+08:00  INFO 66366 --- [media-task-platform-java] [           main] com.zaxxer.hikari.HikariDataSource       : HikariPool-2 - Starting...
2026-04-11T10:44:37.366+08:00  INFO 66366 --- [media-task-platform-java] [           main] com.zaxxer.hikari.pool.HikariPool        : HikariPool-2 - Added connection org.postgresql.jdbc.PgConnection@66ca8882
2026-04-11T10:44:37.367+08:00  INFO 66366 --- [media-task-platform-java] [           main] com.zaxxer.hikari.HikariDataSource       : HikariPool-2 - Start completed.
