21:27:54.286 [main] INFO org.springframework.test.context.support.AnnotationConfigContextLoaderUtils -- Could not detect default configuration classes for test class [com.ryan.media.MediaTaskAudioCandidateHttpIT]: MediaTaskAudioCandidateHttpIT does not declare any static, non-private, non-final, nested classes annotated with @Configuration.
21:27:54.432 [main] INFO org.springframework.boot.test.context.SpringBootTestContextBootstrapper -- Found @SpringBootConfiguration com.ryan.media.MediaTaskApplication for test class com.ryan.media.MediaTaskAudioCandidateHttpIT

  .   ____          _            __ _ _
 /\\ / ___'_ __ _ _(_)_ __  __ _ \ \ \ \
( ( )\___ | '_ | '_| | '_ \/ _` | \ \ \ \
 \\/  ___)| |_)| | | | | || (_| |  ) ) ) )
  '  |____| .__|_| |_|_| |_\__, | / / / /
 =========|_|==============|___/=/_/_/_/

 :: Spring Boot ::               (v3.5.13)

2026-06-04T21:27:54.737+08:00  INFO 1237042 --- [media-task-platform-java] [           main] c.r.media.MediaTaskAudioCandidateHttpIT  : Starting MediaTaskAudioCandidateHttpIT using Java 21.0.10 with PID 1237042 (started by GRT in /home/GRT/work/media-task-platform-java)
2026-06-04T21:27:54.738+08:00  INFO 1237042 --- [media-task-platform-java] [           main] c.r.media.MediaTaskAudioCandidateHttpIT  : No active profile set, falling back to 1 default profile: "default"
2026-06-04T21:27:55.707+08:00  INFO 1237042 --- [media-task-platform-java] [           main] .s.d.r.c.RepositoryConfigurationDelegate : Multiple Spring Data modules found, entering strict repository configuration mode
2026-06-04T21:27:55.710+08:00  INFO 1237042 --- [media-task-platform-java] [           main] .s.d.r.c.RepositoryConfigurationDelegate : Bootstrapping Spring Data Redis repositories in DEFAULT mode.
2026-06-04T21:27:55.751+08:00  INFO 1237042 --- [media-task-platform-java] [           main] .s.d.r.c.RepositoryConfigurationDelegate : Finished Spring Data repository scanning in 17 ms. Found 0 Redis repository interfaces.
2026-06-04T21:27:56.347+08:00  INFO 1237042 --- [media-task-platform-java] [           main] o.s.b.w.embedded.tomcat.TomcatWebServer  : Tomcat initialized with port 0 (http)
2026-06-04T21:27:56.362+08:00  INFO 1237042 --- [media-task-platform-java] [           main] o.apache.catalina.core.StandardService   : Starting service [Tomcat]
2026-06-04T21:27:56.362+08:00  INFO 1237042 --- [media-task-platform-java] [           main] o.apache.catalina.core.StandardEngine    : Starting Servlet engine: [Apache Tomcat/10.1.53]
2026-06-04T21:27:56.402+08:00  INFO 1237042 --- [media-task-platform-java] [           main] o.a.c.c.C.[Tomcat].[localhost].[/]       : Initializing Spring embedded WebApplicationContext
2026-06-04T21:27:56.403+08:00  INFO 1237042 --- [media-task-platform-java] [           main] w.s.c.ServletWebServerApplicationContext : Root WebApplicationContext: initialization completed in 1649 ms
2026-06-04T21:27:56.803+08:00  INFO 1237042 --- [media-task-platform-java] [           main] com.zaxxer.hikari.HikariDataSource       : HikariPool-1 - Starting...
2026-06-04T21:27:57.001+08:00  INFO 1237042 --- [media-task-platform-java] [           main] com.zaxxer.hikari.pool.HikariPool        : HikariPool-1 - Added connection conn0: url=jdbc:h2:mem:d9a89aaf-b29d-41cf-82cf-2e49bc1e9f16 user=SA
2026-06-04T21:27:57.003+08:00  INFO 1237042 --- [media-task-platform-java] [           main] com.zaxxer.hikari.HikariDataSource       : HikariPool-1 - Start completed.
2026-06-04T21:27:57.050+08:00  INFO 1237042 --- [media-task-platform-java] [           main] org.flywaydb.core.FlywayExecutor         : Database: jdbc:h2:mem:d9a89aaf-b29d-41cf-82cf-2e49bc1e9f16 (H2 2.3)
2026-06-04T21:27:57.086+08:00  INFO 1237042 --- [media-task-platform-java] [           main] o.f.c.i.s.JdbcTableSchemaHistory         : Schema history table "PUBLIC"."flyway_schema_history" does not exist yet
2026-06-04T21:27:57.090+08:00  INFO 1237042 --- [media-task-platform-java] [           main] o.f.core.internal.command.DbValidate     : Successfully validated 2 migrations (execution time 00:00.014s)
2026-06-04T21:27:57.098+08:00  INFO 1237042 --- [media-task-platform-java] [           main] o.f.c.i.s.JdbcTableSchemaHistory         : Creating Schema History table "PUBLIC"."flyway_schema_history" ...
2026-06-04T21:27:57.135+08:00  INFO 1237042 --- [media-task-platform-java] [           main] o.f.core.internal.command.DbMigrate      : Current version of schema "PUBLIC": << Empty Schema >>
2026-06-04T21:27:57.144+08:00  INFO 1237042 --- [media-task-platform-java] [           main] o.f.core.internal.command.DbMigrate      : Migrating schema "PUBLIC" to version "1 - init"
2026-06-04T21:27:57.166+08:00  INFO 1237042 --- [media-task-platform-java] [           main] o.f.core.internal.command.DbMigrate      : Migrating schema "PUBLIC" to version "2 - indexes"
2026-06-04T21:27:57.177+08:00  INFO 1237042 --- [media-task-platform-java] [           main] o.f.core.internal.command.DbMigrate      : Successfully applied 2 migrations to schema "PUBLIC", now at version v2 (execution time 00:00.012s)
2026-06-04T21:27:57.819+08:00  INFO 1237042 --- [media-task-platform-java] [           main] o.s.b.a.e.web.EndpointLinksResolver      : Exposing 2 endpoints beneath base path '/actuator'
2026-06-04T21:27:57.854+08:00  WARN 1237042 --- [media-task-platform-java] [           main] .s.s.UserDetailsServiceAutoConfiguration : 

Using generated security password: 88597c2a-916b-42f8-9d7b-940e748e98c5

This generated password is for development use only. Your security configuration must be updated before running your application in production.

2026-06-04T21:27:57.860+08:00  INFO 1237042 --- [media-task-platform-java] [           main] r$InitializeUserDetailsManagerConfigurer : Global AuthenticationManager configured with UserDetailsService bean with name inMemoryUserDetailsManager
2026-06-04T21:27:58.548+08:00  INFO 1237042 --- [media-task-platform-java] [           main] o.s.b.w.embedded.tomcat.TomcatWebServer  : Tomcat started on port 40685 (http) with context path '/'
2026-06-04T21:27:58.563+08:00  INFO 1237042 --- [media-task-platform-java] [           main] c.r.media.MediaTaskAudioCandidateHttpIT  : Started MediaTaskAudioCandidateHttpIT in 4.037 seconds (process running for 4.794)
2026-06-04T21:27:59.299+08:00  INFO 1237042 --- [media-task-platform-java] [o-auto-1-exec-1] o.a.c.c.C.[Tomcat].[localhost].[/]       : Initializing Spring DispatcherServlet 'dispatcherServlet'
2026-06-04T21:27:59.299+08:00  INFO 1237042 --- [media-task-platform-java] [o-auto-1-exec-1] o.s.web.servlet.DispatcherServlet        : Initializing Servlet 'dispatcherServlet'
2026-06-04T21:27:59.300+08:00  INFO 1237042 --- [media-task-platform-java] [o-auto-1-exec-1] o.s.web.servlet.DispatcherServlet        : Completed initialization in 1 ms
