[INFO] Scanning for projects...
[INFO] 
[INFO] --------------< com.ryan.media:media-task-platform-java >---------------
[INFO] Building media-task-platform-java 0.0.1-SNAPSHOT
[INFO]   from pom.xml
[INFO] --------------------------------[ jar ]---------------------------------
[INFO] 
[INFO] --- resources:3.3.1:resources (default-resources) @ media-task-platform-java ---
[INFO] Copying 2 resources from src/main/resources to target/classes
[INFO] Copying 1 resource from src/main/resources to target/classes
[INFO] 
[INFO] --- compiler:3.14.1:compile (default-compile) @ media-task-platform-java ---
[INFO] Nothing to compile - all classes are up to date.
[INFO] 
[INFO] --- resources:3.3.1:testResources (default-testResources) @ media-task-platform-java ---
[INFO] skip non existing resourceDirectory /home/GRT/work/media-task-platform-java/src/test/resources
[INFO] 
[INFO] --- compiler:3.14.1:testCompile (default-testCompile) @ media-task-platform-java ---
[INFO] Nothing to compile - all classes are up to date.
[INFO] 
[INFO] --- surefire:3.5.5:test (default-test) @ media-task-platform-java ---
[INFO] Using auto detected provider org.apache.maven.surefire.junitplatform.JUnitPlatformProvider
[INFO] 
[INFO] -------------------------------------------------------
[INFO]  T E S T S
[INFO] -------------------------------------------------------
[INFO] Running com.ryan.media.AuthIT
11:59:19.339 [main] INFO org.springframework.test.context.support.AnnotationConfigContextLoaderUtils -- Could not detect default configuration classes for test class [com.ryan.media.AuthIT]: AuthIT does not declare any static, non-private, non-final, nested classes annotated with @Configuration.
11:59:19.524 [main] INFO org.springframework.boot.test.context.SpringBootTestContextBootstrapper -- Found @SpringBootConfiguration com.ryan.media.MediaTaskApplication for test class com.ryan.media.AuthIT

  .   ____          _            __ _ _
 /\\ / ___'_ __ _ _(_)_ __  __ _ \ \ \ \
( ( )\___ | '_ | '_| | '_ \/ _` | \ \ \ \
 \\/  ___)| |_)| | | | | || (_| |  ) ) ) )
  '  |____| .__|_| |_|_| |_\__, | / / / /
 =========|_|==============|___/=/_/_/_/

 :: Spring Boot ::               (v3.5.13)

2026-04-17T11:59:19.925+08:00  INFO 2125931 --- [media-task-platform-java] [           main] com.ryan.media.AuthIT                    : Starting AuthIT using Java 21.0.10 with PID 2125931 (started by GRT in /home/GRT/work/media-task-platform-java)
2026-04-17T11:59:19.926+08:00  INFO 2125931 --- [media-task-platform-java] [           main] com.ryan.media.AuthIT                    : No active profile set, falling back to 1 default profile: "default"
2026-04-17T11:59:21.757+08:00  WARN 2125931 --- [media-task-platform-java] [           main] .s.s.UserDetailsServiceAutoConfiguration : 

Using generated security password: 9bb174c2-2376-48a5-b375-c67828ed11d2

This generated password is for development use only. Your security configuration must be updated before running your application in production.

2026-04-17T11:59:21.765+08:00  INFO 2125931 --- [media-task-platform-java] [           main] r$InitializeUserDetailsManagerConfigurer : Global AuthenticationManager configured with UserDetailsService bean with name inMemoryUserDetailsManager
2026-04-17T11:59:22.032+08:00  INFO 2125931 --- [media-task-platform-java] [           main] o.s.b.t.m.w.SpringBootMockServletContext : Initializing Spring TestDispatcherServlet ''
2026-04-17T11:59:22.033+08:00  INFO 2125931 --- [media-task-platform-java] [           main] o.s.t.web.servlet.TestDispatcherServlet  : Initializing Servlet ''
2026-04-17T11:59:22.035+08:00  INFO 2125931 --- [media-task-platform-java] [           main] o.s.t.web.servlet.TestDispatcherServlet  : Completed initialization in 1 ms
2026-04-17T11:59:22.062+08:00  INFO 2125931 --- [media-task-platform-java] [           main] com.ryan.media.AuthIT                    : Started AuthIT in 2.446 seconds (process running for 3.441)
2026-04-17T11:59:22.269+08:00  WARN 2125931 --- [media-task-platform-java] [           main] .w.s.m.s.DefaultHandlerExceptionResolver : Resolved [org.springframework.web.bind.MethodArgumentNotValidException: Validation failed for argument [0] in public com.ryan.media.model.MediaTaskResponse com.ryan.media.controller.MediaTaskController.create(com.ryan.media.model.CreateMediaTaskRequest) with 2 errors: [Field error in object 'createMediaTaskRequest' on field 'title': rejected value [null]; codes [NotBlank.createMediaTaskRequest.title,NotBlank.title,NotBlank.java.lang.String,NotBlank]; arguments [org.springframework.context.support.DefaultMessageSourceResolvable: codes [createMediaTaskRequest.title,title]; arguments []; default message [title]]; default message [title must not be blank]] [Field error in object 'createMediaTaskRequest' on field 'mediaType': rejected value [null]; codes [NotBlank.createMediaTaskRequest.mediaType,NotBlank.mediaType,NotBlank.java.lang.String,NotBlank]; arguments [org.springframework.context.support.DefaultMessageSourceResolvable: codes [createMediaTaskRequest.mediaType,mediaType]; arguments []; default message [mediaType]]; default message [mediaType must not be blank]] ]
[INFO] Tests run: 6, Failures: 0, Errors: 0, Skipped: 0, Time elapsed: 3.204 s -- in com.ryan.media.AuthIT
[INFO] 
[INFO] Results:
[INFO] 
[INFO] Tests run: 6, Failures: 0, Errors: 0, Skipped: 0
[INFO] 
[INFO] ------------------------------------------------------------------------
[INFO] BUILD SUCCESS
[INFO] ------------------------------------------------------------------------
[INFO] Total time:  4.988 s
[INFO] Finished at: 2026-04-17T11:59:22+08:00
[INFO] ------------------------------------------------------------------------
