===== inspect security config =====
src/main/java/com/ryan/media/security/SecurityConfig.java:12:import org.springframework.security.crypto.bcrypt.BCryptPasswordEncoder;
src/main/java/com/ryan/media/security/SecurityConfig.java:13:import org.springframework.security.crypto.password.PasswordEncoder;
src/main/java/com/ryan/media/security/SecurityConfig.java:14:import org.springframework.security.web.SecurityFilterChain;
src/main/java/com/ryan/media/security/SecurityConfig.java:22:    SecurityFilterChain securityFilterChain(HttpSecurity http) throws Exception {
src/main/java/com/ryan/media/security/SecurityConfig.java:43:    PasswordEncoder passwordEncoder() {
src/main/java/com/ryan/media/security/SecurityConfig.java:44:        return new BCryptPasswordEncoder();
src/main/java/com/ryan/media/security/K6ProfileUserConfig.java:7:import org.springframework.security.core.userdetails.UserDetailsService;
src/main/java/com/ryan/media/security/K6ProfileUserConfig.java:15:    public UserDetailsService k6UserDetailsService() {

===== build runtime classpath =====
注: 由于在类路径中发现了一个或多个处理程序，因此启用了
  批注处理。未来发行版的 javac 可能会禁用批注处理，
  除非至少按名称指定了一个处理程序 (-processor)，
  或指定了搜索路径 (--processor-path, --processor-module-path)，
  或显式启用了批注处理 (-proc:only, -proc:full)。
  可使用 -Xlint:-options 隐藏此消息。
  可使用 -proc:none 禁用批注处理。
generated bcrypt hash length=60
bcrypt_prefix=$2a$10$16ruz...
patched K6ProfileUserConfig.java with BCrypt password hash

===== patched source =====
package com.ryan.media.security;

import org.springframework.context.annotation.Bean;
import org.springframework.context.annotation.Configuration;
import org.springframework.context.annotation.Profile;
import org.springframework.security.core.userdetails.User;
import org.springframework.security.core.userdetails.UserDetailsService;
import org.springframework.security.provisioning.InMemoryUserDetailsManager;

@Configuration
@Profile("k6")
public class K6ProfileUserConfig {

    @Bean
    public UserDetailsService k6UserDetailsService() {
        return new InMemoryUserDetailsManager(
                User.withUsername("k6-user")
                        .password("$2a$10$16ruzlsKheWauCL8ICUGfOJijWP4gHnlKFquwqSbrnpZI.ctcv5Qa")
                        .roles("USER")
                        .build()
        );
    }
}

===== compile/test targeted set =====
20:43:54.052 [main] INFO org.springframework.test.context.support.AnnotationConfigContextLoaderUtils -- Could not detect default configuration classes for test class [com.ryan.media.MediaTaskQueryIT]: MediaTaskQueryIT does not declare any static, non-private, non-final, nested classes annotated with @Configuration.
20:43:54.206 [main] INFO org.springframework.boot.test.context.SpringBootTestContextBootstrapper -- Found @SpringBootConfiguration com.ryan.media.MediaTaskApplication for test class com.ryan.media.MediaTaskQueryIT

  .   ____          _            __ _ _
 /\\ / ___'_ __ _ _(_)_ __  __ _ \ \ \ \
( ( )\___ | '_ | '_| | '_ \/ _` | \ \ \ \
 \\/  ___)| |_)| | | | | || (_| |  ) ) ) )
  '  |____| .__|_| |_|_| |_\__, | / / / /
 =========|_|==============|___/=/_/_/_/

 :: Spring Boot ::               (v3.5.13)

2026-05-18T20:43:54.585+08:00  INFO 336483 --- [media-task-platform-java] [           main] com.ryan.media.MediaTaskQueryIT          : Starting MediaTaskQueryIT using Java 21.0.10 with PID 336483 (started by GRT in /home/GRT/work/media-task-platform-java)
2026-05-18T20:43:54.587+08:00  INFO 336483 --- [media-task-platform-java] [           main] com.ryan.media.MediaTaskQueryIT          : No active profile set, falling back to 1 default profile: "default"
2026-05-18T20:43:54.979+08:00  INFO 336483 --- [media-task-platform-java] [           main] beddedDataSourceBeanFactoryPostProcessor : Replacing 'dataSource' DataSource bean with embedded version
2026-05-18T20:43:55.129+08:00  INFO 336483 --- [media-task-platform-java] [           main] o.s.j.d.e.EmbeddedDatabaseFactory        : Starting embedded database: url='jdbc:h2:mem:a8a5fc58-e6d9-40e0-9e81-d28e3df465b4;DB_CLOSE_DELAY=-1;DB_CLOSE_ON_EXIT=false', username='sa'
2026-05-18T20:43:55.349+08:00  INFO 336483 --- [media-task-platform-java] [           main] com.ryan.media.MediaTaskQueryIT          : Started MediaTaskQueryIT in 1.08 seconds (process running for 2.048)
Mockito is currently self-attaching to enable the inline-mock-maker. This will no longer work in future releases of the JDK. Please add Mockito as an agent to your build as described in Mockito's documentation: https://javadoc.io/doc/org.mockito/mockito-core/latest/org.mockito/org/mockito/Mockito.html#0.3
OpenJDK 64-Bit Server VM warning: Sharing is only supported for boot loader classes because bootstrap classpath has been appended
WARNING: A Java agent has been loaded dynamically (/home/GRT/.m2/repository/net/bytebuddy/byte-buddy-agent/1.17.8/byte-buddy-agent-1.17.8.jar)
WARNING: If a serviceability tool is in use, please run with -XX:+EnableDynamicAgentLoading to hide this warning
WARNING: If a serviceability tool is not in use, please run with -Djdk.instrument.traceUsage for more information
WARNING: Dynamic loading of agents will be disallowed by default in a future release
2026-05-18T20:43:56.112+08:00  INFO 336483 --- [media-task-platform-java] [           main] t.c.s.AnnotationConfigContextLoaderUtils : Could not detect default configuration classes for test class [com.ryan.media.MediaTaskQueryHttpIT]: MediaTaskQueryHttpIT does not declare any static, non-private, non-final, nested classes annotated with @Configuration.
2026-05-18T20:43:56.122+08:00  INFO 336483 --- [media-task-platform-java] [           main] .b.t.c.SpringBootTestContextBootstrapper : Found @SpringBootConfiguration com.ryan.media.MediaTaskApplication for test class com.ryan.media.MediaTaskQueryHttpIT

  .   ____          _            __ _ _
 /\\ / ___'_ __ _ _(_)_ __  __ _ \ \ \ \
( ( )\___ | '_ | '_| | '_ \/ _` | \ \ \ \
 \\/  ___)| |_)| | | | | || (_| |  ) ) ) )
  '  |____| .__|_| |_|_| |_\__, | / / / /
 =========|_|==============|___/=/_/_/_/

 :: Spring Boot ::               (v3.5.13)

2026-05-18T20:43:56.165+08:00  INFO 336483 --- [media-task-platform-java] [           main] com.ryan.media.MediaTaskQueryHttpIT      : Starting MediaTaskQueryHttpIT using Java 21.0.10 with PID 336483 (started by GRT in /home/GRT/work/media-task-platform-java)
2026-05-18T20:43:56.166+08:00  INFO 336483 --- [media-task-platform-java] [           main] com.ryan.media.MediaTaskQueryHttpIT      : No active profile set, falling back to 1 default profile: "default"
2026-05-18T20:43:56.909+08:00  INFO 336483 --- [media-task-platform-java] [           main] .s.d.r.c.RepositoryConfigurationDelegate : Multiple Spring Data modules found, entering strict repository configuration mode
2026-05-18T20:43:56.912+08:00  INFO 336483 --- [media-task-platform-java] [           main] .s.d.r.c.RepositoryConfigurationDelegate : Bootstrapping Spring Data Redis repositories in DEFAULT mode.
2026-05-18T20:43:56.944+08:00  INFO 336483 --- [media-task-platform-java] [           main] .s.d.r.c.RepositoryConfigurationDelegate : Finished Spring Data repository scanning in 10 ms. Found 0 Redis repository interfaces.
2026-05-18T20:43:58.742+08:00  INFO 336483 --- [media-task-platform-java] [           main] o.s.b.a.e.web.EndpointLinksResolver      : Exposing 2 endpoints beneath base path '/actuator'
2026-05-18T20:43:58.798+08:00  WARN 336483 --- [media-task-platform-java] [           main] .s.s.UserDetailsServiceAutoConfiguration : 

Using generated security password: 164368c3-26f2-4522-91bd-61e7aba8f9b1

This generated password is for development use only. Your security configuration must be updated before running your application in production.

2026-05-18T20:43:58.807+08:00  INFO 336483 --- [media-task-platform-java] [           main] r$InitializeUserDetailsManagerConfigurer : Global AuthenticationManager configured with UserDetailsService bean with name inMemoryUserDetailsManager
2026-05-18T20:43:59.508+08:00  INFO 336483 --- [media-task-platform-java] [           main] o.s.b.t.m.w.SpringBootMockServletContext : Initializing Spring TestDispatcherServlet ''
2026-05-18T20:43:59.509+08:00  INFO 336483 --- [media-task-platform-java] [           main] o.s.t.web.servlet.TestDispatcherServlet  : Initializing Servlet ''
2026-05-18T20:43:59.510+08:00  INFO 336483 --- [media-task-platform-java] [           main] o.s.t.web.servlet.TestDispatcherServlet  : Completed initialization in 1 ms
2026-05-18T20:43:59.574+08:00  INFO 336483 --- [media-task-platform-java] [           main] com.ryan.media.MediaTaskQueryHttpIT      : Started MediaTaskQueryHttpIT in 3.442 seconds (process running for 6.272)
2026-05-18T20:43:59.691+08:00  INFO 336483 --- [media-task-platform-java] [           main] com.zaxxer.hikari.HikariDataSource       : HikariPool-1 - Starting...
2026-05-18T20:43:59.710+08:00  INFO 336483 --- [media-task-platform-java] [           main] com.zaxxer.hikari.pool.HikariPool        : HikariPool-1 - Added connection conn3: url=jdbc:h2:mem:week11_query_http_it user=SA
2026-05-18T20:43:59.719+08:00  INFO 336483 --- [media-task-platform-java] [           main] com.zaxxer.hikari.HikariDataSource       : HikariPool-1 - Start completed.
2026-05-18T20:44:00.017+08:00  INFO 336483 --- [media-task-platform-java] [           main] t.c.s.AnnotationConfigContextLoaderUtils : Could not detect default configuration classes for test class [com.ryan.media.ContractIT]: ContractIT does not declare any static, non-private, non-final, nested classes annotated with @Configuration.
2026-05-18T20:44:00.034+08:00  INFO 336483 --- [media-task-platform-java] [           main] .b.t.c.SpringBootTestContextBootstrapper : Found @SpringBootConfiguration com.ryan.media.MediaTaskApplication for test class com.ryan.media.ContractIT

  .   ____          _            __ _ _
 /\\ / ___'_ __ _ _(_)_ __  __ _ \ \ \ \
( ( )\___ | '_ | '_| | '_ \/ _` | \ \ \ \
 \\/  ___)| |_)| | | | | || (_| |  ) ) ) )
  '  |____| .__|_| |_|_| |_\__, | / / / /
 =========|_|==============|___/=/_/_/_/

 :: Spring Boot ::               (v3.5.13)

2026-05-18T20:44:00.072+08:00  INFO 336483 --- [media-task-platform-java] [           main] com.ryan.media.ContractIT                : Starting ContractIT using Java 21.0.10 with PID 336483 (started by GRT in /home/GRT/work/media-task-platform-java)
2026-05-18T20:44:00.072+08:00  INFO 336483 --- [media-task-platform-java] [           main] com.ryan.media.ContractIT                : No active profile set, falling back to 1 default profile: "default"
2026-05-18T20:44:00.370+08:00  WARN 336483 --- [media-task-platform-java] [           main] .s.s.UserDetailsServiceAutoConfiguration : 

Using generated security password: c573b9a4-f0ad-4fa9-b0ee-7720b20e7dc8

This generated password is for development use only. Your security configuration must be updated before running your application in production.

2026-05-18T20:44:00.371+08:00  INFO 336483 --- [media-task-platform-java] [           main] r$InitializeUserDetailsManagerConfigurer : Global AuthenticationManager configured with UserDetailsService bean with name inMemoryUserDetailsManager
2026-05-18T20:44:00.398+08:00  INFO 336483 --- [media-task-platform-java] [           main] o.s.b.t.m.w.SpringBootMockServletContext : Initializing Spring TestDispatcherServlet ''
2026-05-18T20:44:00.399+08:00  INFO 336483 --- [media-task-platform-java] [           main] o.s.t.web.servlet.TestDispatcherServlet  : Initializing Servlet ''
2026-05-18T20:44:00.399+08:00  INFO 336483 --- [media-task-platform-java] [           main] o.s.t.web.servlet.TestDispatcherServlet  : Completed initialization in 0 ms
2026-05-18T20:44:00.403+08:00  INFO 336483 --- [media-task-platform-java] [           main] com.ryan.media.ContractIT                : Started ContractIT in 0.365 seconds (process running for 7.102)

===== status =====
## main...origin/main
 M pom.xml
 M src/main/java/com/ryan/media/controller/MediaTaskController.java
 M src/main/java/com/ryan/media/repository/MediaTaskRepository.java
 M src/main/java/com/ryan/media/service/MediaTaskService.java
 M src/test/java/com/ryan/media/ContractIT.java
?? artifacts/logs/week11_contract_query_20260518_163002.log
?? artifacts/logs/week11_contract_query_contractit_fix_20260518_165709.log
?? artifacts/logs/week11_contract_query_repair_20260518_165100.log
?? artifacts/logs/week11_java_app_start_for_k6_20260518_193008.log
?? artifacts/logs/week11_java_app_start_k6_auth_20260518_203251.log
?? artifacts/logs/week11_java_app_start_k6_forced_args_20260518_194044.log
?? artifacts/logs/week11_java_app_start_k6_main_schema_20260518_194255.log
?? artifacts/logs/week11_java_app_start_k6_profile_20260518_193736.log
?? artifacts/logs/week11_java_k6_bcrypt_user_fix_20260518_204342.log
?? artifacts/logs/week11_java_k6_profile_create_20260518_193730.log
?? artifacts/logs/week11_java_k6_runtime_schema_main_resources_20260518_194249.log
?? artifacts/logs/week11_java_k6_user_config_20260518_203229.log
?? artifacts/logs/week11_query_http_integration_20260518_174742.log
?? artifacts/logs/week11_query_http_integration_fix_producer_stub_20260518_175127.log
?? artifacts/logs/week11_query_repository_behavior_20260518_172107.log
?? artifacts/logs/week11_query_repository_disable_flyway_20260518_173111.log
?? artifacts/logs/week11_query_repository_jdbc_slice_fix_20260518_172354.log
?? artifacts/logs/week11_query_repository_precise_fix_20260518_173706.log
?? src/main/java/com/ryan/media/model/MediaTaskListResponse.java
?? src/main/java/com/ryan/media/security/K6ProfileUserConfig.java
?? src/main/resources/k6/
?? src/test/java/com/ryan/media/MediaTaskQueryHttpIT.java
?? src/test/java/com/ryan/media/MediaTaskQueryIT.java
?? src/test/resources/
