
  .   ____          _            __ _ _
 /\\ / ___'_ __ _ _(_)_ __  __ _ \ \ \ \
( ( )\___ | '_ | '_| | '_ \/ _` | \ \ \ \
 \\/  ___)| |_)| | | | | || (_| |  ) ) ) )
  '  |____| .__|_| |_|_| |_\__, | / / / /
 =========|_|==============|___/=/_/_/_/

 :: Spring Boot ::               (v3.5.13)

2026-06-03T16:48:25.908+08:00  INFO 94453 --- [media-task-platform-java] [           main] com.ryan.media.MediaTaskApplication      : Starting MediaTaskApplication using Java 21.0.10 with PID 94453 (/home/GRT/work/media-task-platform-java/target/classes started by GRT in /home/GRT/work/media-task-platform-java)
2026-06-03T16:48:25.910+08:00  INFO 94453 --- [media-task-platform-java] [           main] com.ryan.media.MediaTaskApplication      : The following 1 profile is active: "k6-smoke"
2026-06-03T16:48:26.817+08:00  INFO 94453 --- [media-task-platform-java] [           main] .s.d.r.c.RepositoryConfigurationDelegate : Multiple Spring Data modules found, entering strict repository configuration mode
2026-06-03T16:48:26.819+08:00  INFO 94453 --- [media-task-platform-java] [           main] .s.d.r.c.RepositoryConfigurationDelegate : Bootstrapping Spring Data Redis repositories in DEFAULT mode.
2026-06-03T16:48:26.861+08:00  INFO 94453 --- [media-task-platform-java] [           main] .s.d.r.c.RepositoryConfigurationDelegate : Finished Spring Data repository scanning in 26 ms. Found 0 Redis repository interfaces.
2026-06-03T16:48:27.381+08:00  INFO 94453 --- [media-task-platform-java] [           main] o.s.b.w.embedded.tomcat.TomcatWebServer  : Tomcat initialized with port 18080 (http)
2026-06-03T16:48:27.395+08:00  INFO 94453 --- [media-task-platform-java] [           main] o.apache.catalina.core.StandardService   : Starting service [Tomcat]
2026-06-03T16:48:27.395+08:00  INFO 94453 --- [media-task-platform-java] [           main] o.apache.catalina.core.StandardEngine    : Starting Servlet engine: [Apache Tomcat/10.1.53]
2026-06-03T16:48:27.439+08:00  INFO 94453 --- [media-task-platform-java] [           main] o.a.c.c.C.[Tomcat].[localhost].[/]       : Initializing Spring embedded WebApplicationContext
2026-06-03T16:48:27.440+08:00  INFO 94453 --- [media-task-platform-java] [           main] w.s.c.ServletWebServerApplicationContext : Root WebApplicationContext: initialization completed in 1496 ms
2026-06-03T16:48:27.775+08:00  INFO 94453 --- [media-task-platform-java] [           main] com.zaxxer.hikari.HikariDataSource       : HikariPool-1 - Starting...
2026-06-03T16:48:27.942+08:00  INFO 94453 --- [media-task-platform-java] [           main] com.zaxxer.hikari.pool.HikariPool        : HikariPool-1 - Added connection conn0: url=jdbc:h2:mem:fbed1296-4586-4cef-8c18-6087b0b648bc user=SA
2026-06-03T16:48:27.943+08:00  INFO 94453 --- [media-task-platform-java] [           main] com.zaxxer.hikari.HikariDataSource       : HikariPool-1 - Start completed.
2026-06-03T16:48:27.989+08:00  INFO 94453 --- [media-task-platform-java] [           main] org.flywaydb.core.FlywayExecutor         : Database: jdbc:h2:mem:fbed1296-4586-4cef-8c18-6087b0b648bc (H2 2.3)
2026-06-03T16:48:28.019+08:00  INFO 94453 --- [media-task-platform-java] [           main] o.f.c.i.s.JdbcTableSchemaHistory         : Schema history table "PUBLIC"."flyway_schema_history" does not exist yet
2026-06-03T16:48:28.021+08:00  INFO 94453 --- [media-task-platform-java] [           main] o.f.core.internal.command.DbValidate     : Successfully validated 2 migrations (execution time 00:00.011s)
2026-06-03T16:48:28.027+08:00  INFO 94453 --- [media-task-platform-java] [           main] o.f.c.i.s.JdbcTableSchemaHistory         : Creating Schema History table "PUBLIC"."flyway_schema_history" ...
2026-06-03T16:48:28.059+08:00  INFO 94453 --- [media-task-platform-java] [           main] o.f.core.internal.command.DbMigrate      : Current version of schema "PUBLIC": << Empty Schema >>
2026-06-03T16:48:28.066+08:00  INFO 94453 --- [media-task-platform-java] [           main] o.f.core.internal.command.DbMigrate      : Migrating schema "PUBLIC" to version "1 - init"
2026-06-03T16:48:28.080+08:00  INFO 94453 --- [media-task-platform-java] [           main] o.f.core.internal.command.DbMigrate      : Migrating schema "PUBLIC" to version "2 - indexes"
2026-06-03T16:48:28.089+08:00  INFO 94453 --- [media-task-platform-java] [           main] o.f.core.internal.command.DbMigrate      : Successfully applied 2 migrations to schema "PUBLIC", now at version v2 (execution time 00:00.009s)
2026-06-03T16:48:28.632+08:00  INFO 94453 --- [media-task-platform-java] [           main] o.s.b.a.e.web.EndpointLinksResolver      : Exposing 3 endpoints beneath base path '/actuator'
2026-06-03T16:48:28.660+08:00  WARN 94453 --- [media-task-platform-java] [           main] .s.s.UserDetailsServiceAutoConfiguration : 

Using generated security password: 59b4da85-678b-4e32-af2c-680d98ab829d

This generated password is for development use only. Your security configuration must be updated before running your application in production.

2026-06-03T16:48:28.667+08:00  INFO 94453 --- [media-task-platform-java] [           main] r$InitializeUserDetailsManagerConfigurer : Global AuthenticationManager configured with UserDetailsService bean with name inMemoryUserDetailsManager
2026-06-03T16:48:29.084+08:00  INFO 94453 --- [media-task-platform-java] [           main] o.s.b.w.embedded.tomcat.TomcatWebServer  : Tomcat started on port 18080 (http) with context path '/'
2026-06-03T16:48:29.099+08:00  INFO 94453 --- [media-task-platform-java] [           main] com.ryan.media.MediaTaskApplication      : Started MediaTaskApplication in 3.551 seconds (process running for 3.812)
2026-06-03T16:48:30.707+08:00  INFO 94453 --- [media-task-platform-java] [io-18080-exec-1] o.a.c.c.C.[Tomcat].[localhost].[/]       : Initializing Spring DispatcherServlet 'dispatcherServlet'
2026-06-03T16:48:30.707+08:00  INFO 94453 --- [media-task-platform-java] [io-18080-exec-1] o.s.web.servlet.DispatcherServlet        : Initializing Servlet 'dispatcherServlet'
2026-06-03T16:48:30.709+08:00  INFO 94453 --- [media-task-platform-java] [io-18080-exec-1] o.s.web.servlet.DispatcherServlet        : Completed initialization in 2 ms
2026-06-03T16:48:30.897+08:00  INFO 94453 --- [media-task-platform-java] [ionShutdownHook] o.s.b.w.e.tomcat.GracefulShutdown        : Commencing graceful shutdown. Waiting for active requests to complete
2026-06-03T16:48:30.903+08:00  INFO 94453 --- [media-task-platform-java] [tomcat-shutdown] o.s.b.w.e.tomcat.GracefulShutdown        : Graceful shutdown complete
2026-06-03T16:48:30.922+08:00  INFO 94453 --- [media-task-platform-java] [ionShutdownHook] com.zaxxer.hikari.HikariDataSource       : HikariPool-1 - Shutdown initiated...
2026-06-03T16:48:30.924+08:00  INFO 94453 --- [media-task-platform-java] [ionShutdownHook] com.zaxxer.hikari.HikariDataSource       : HikariPool-1 - Shutdown completed.
