===== [before ContractIT] =====
## main...origin/main
 M src/main/java/com/ryan/media/security/SecurityConfig.java
 M src/test/java/com/ryan/media/AuthSecurityTest.java
?? artifacts/logs/week10_auth_security_fix_20260512.log
?? artifacts/logs/week10_contract_it_20260512.log
?? artifacts/logs/week10_contract_it_preflight_20260512.log
?? artifacts/logs/week10_java_test_after_security_contract_20260512.log
?? artifacts/logs/week10_security_contract_align_20260512.log

===== [ContractIT source] =====
package com.ryan.media;

import com.ryan.media.auth.AuthController;
import com.ryan.media.controller.MediaTaskController;
import com.ryan.media.messaging.Consumer;
import com.ryan.media.security.SecurityConfig;
import com.ryan.media.service.MediaTaskService;
import org.junit.jupiter.api.Test;
import org.springframework.beans.factory.annotation.Autowired;
import org.springframework.boot.test.autoconfigure.web.servlet.WebMvcTest;
import org.springframework.boot.test.mock.mockito.MockBean;
import org.springframework.context.annotation.Import;
import org.springframework.http.MediaType;
import org.springframework.test.web.servlet.MockMvc;

import java.util.List;

import static org.mockito.Mockito.when;
import static org.springframework.security.test.web.servlet.request.SecurityMockMvcRequestPostProcessors.user;
import static org.springframework.test.web.servlet.request.MockMvcRequestBuilders.get;
import static org.springframework.test.web.servlet.request.MockMvcRequestBuilders.post;
import static org.springframework.test.web.servlet.result.MockMvcResultMatchers.content;
import static org.springframework.test.web.servlet.result.MockMvcResultMatchers.jsonPath;
import static org.springframework.test.web.servlet.result.MockMvcResultMatchers.status;

@WebMvcTest(controllers = {AuthController.class, MediaTaskController.class})
@Import(SecurityConfig.class)
class ContractIT {

    @Autowired
    private MockMvc mockMvc;

    @MockBean
    private MediaTaskService mediaTaskService;

    @MockBean
    private Consumer consumer;

    @Test
    void authLoginShouldKeepWeek10SkeletonContract() throws Exception {
        mockMvc.perform(post("/auth/login")
                .contentType(MediaType.APPLICATION_JSON)
                .content("""
                    {
                      "username": "week10-user",
                      "password": "week10-password"
                    }
                    """))
            .andExpect(status().isOk())
            .andExpect(jsonPath("$.mode").value("week06-skeleton"))
            .andExpect(jsonPath("$.issued").value(false))
            .andExpect(jsonPath("$.note").isString());
    }

    @Test
    void authMeShouldRejectAnonymousUser() throws Exception {
        mockMvc.perform(get("/auth/me"))
            .andExpect(status().isUnauthorized());
    }

    @Test
    void authMeShouldReturnCurrentPrincipalForAuthenticatedUser() throws Exception {
        mockMvc.perform(get("/auth/me").with(user("week10-contract-user").roles("USER")))
            .andExpect(status().isOk())
            .andExpect(jsonPath("$.authenticated").value(true))
            .andExpect(jsonPath("$.name").value("week10-contract-user"))
            .andExpect(jsonPath("$.authorities[0]").value("ROLE_USER"));
    }

    @Test
    void listMediaTasksShouldRejectAnonymousUser() throws Exception {
        mockMvc.perform(get("/api/media-tasks"))
            .andExpect(status().isUnauthorized());
    }

    @Test
    void listMediaTasksShouldReturnJsonArrayForAuthenticatedUser() throws Exception {
        when(mediaTaskService.list()).thenReturn(List.of());

        mockMvc.perform(get("/api/media-tasks").with(user("week10-contract-user").roles("USER")))
            .andExpect(status().isOk())
            .andExpect(content().contentTypeCompatibleWith(MediaType.APPLICATION_JSON))
            .andExpect(jsonPath("$").isArray());
    }

    @Test
    void createMediaTaskShouldRejectAnonymousUser() throws Exception {
        mockMvc.perform(post("/api/media-tasks")
                .contentType(MediaType.APPLICATION_JSON)
                .content("""
                    {
                      "title": "week10-contract-task",
                      "mediaType": "audio"
                    }
                    """))
            .andExpect(status().isUnauthorized());
    }

    @Test
    void createMediaTaskShouldAcceptAuthenticatedUserAtContractBoundary() throws Exception {
        mockMvc.perform(post("/api/media-tasks")
                .with(user("week10-contract-user").roles("USER"))
                .contentType(MediaType.APPLICATION_JSON)
                .content("""
                    {
                      "title": "week10-contract-task",
                      "mediaType": "audio"
                    }
                    """))
            .andExpect(status().isCreated());
    }
}

===== [run ContractIT only] =====
[INFO] Scanning for projects...
[INFO] 
[INFO] --------------< com.ryan.media:media-task-platform-java >---------------
[INFO] Building media-task-platform-java 0.0.1-SNAPSHOT
[INFO]   from pom.xml
[INFO] --------------------------------[ jar ]---------------------------------
[INFO] 
[INFO] --- resources:3.3.1:resources (default-resources) @ media-task-platform-java ---
[INFO] Copying 2 resources from src/main/resources to target/classes
[INFO] Copying 2 resources from src/main/resources to target/classes
[INFO] 
[INFO] --- compiler:3.14.1:compile (default-compile) @ media-task-platform-java ---
[INFO] Nothing to compile - all classes are up to date.
[INFO] 
[INFO] --- resources:3.3.1:testResources (default-testResources) @ media-task-platform-java ---
[INFO] skip non existing resourceDirectory /home/GRT/work/media-task-platform-java/src/test/resources
[INFO] 
[INFO] --- compiler:3.14.1:testCompile (default-testCompile) @ media-task-platform-java ---
[INFO] Recompiling the module because of changed source code.
[INFO] Compiling 9 source files with javac [debug parameters release 21] to target/test-classes
[WARNING] /home/GRT/work/media-task-platform-java/src/test/java/com/ryan/media/AuthIT.java:[29,6] org.springframework.boot.test.mock.mockito 中的 org.springframework.boot.test.mock.mockito.MockBean 已过时, 且标记为待删除
[WARNING] /home/GRT/work/media-task-platform-java/src/test/java/com/ryan/media/AuthIT.java:[29,6] org.springframework.boot.test.mock.mockito 中的 org.springframework.boot.test.mock.mockito.MockBean 已过时, 且标记为待删除
[WARNING] /home/GRT/work/media-task-platform-java/src/test/java/com/ryan/media/AuthIT.java:[29,6] org.springframework.boot.test.mock.mockito 中的 org.springframework.boot.test.mock.mockito.MockBean 已过时, 且标记为待删除
[WARNING] /home/GRT/work/media-task-platform-java/src/test/java/com/ryan/media/AuthIT.java:[29,6] org.springframework.boot.test.mock.mockito 中的 org.springframework.boot.test.mock.mockito.MockBean 已过时, 且标记为待删除
[WARNING] /home/GRT/work/media-task-platform-java/src/test/java/com/ryan/media/AuthIT.java:[29,6] org.springframework.boot.test.mock.mockito 中的 org.springframework.boot.test.mock.mockito.MockBean 已过时, 且标记为待删除
[WARNING] /home/GRT/work/media-task-platform-java/src/test/java/com/ryan/media/AuthSecurityTest.java:[26,6] org.springframework.boot.test.mock.mockito 中的 org.springframework.boot.test.mock.mockito.MockBean 已过时, 且标记为待删除
[WARNING] /home/GRT/work/media-task-platform-java/src/test/java/com/ryan/media/AuthSecurityTest.java:[26,6] org.springframework.boot.test.mock.mockito 中的 org.springframework.boot.test.mock.mockito.MockBean 已过时, 且标记为待删除
[WARNING] /home/GRT/work/media-task-platform-java/src/test/java/com/ryan/media/AuthSecurityTest.java:[26,6] org.springframework.boot.test.mock.mockito 中的 org.springframework.boot.test.mock.mockito.MockBean 已过时, 且标记为待删除
[WARNING] /home/GRT/work/media-task-platform-java/src/test/java/com/ryan/media/AuthSecurityTest.java:[26,6] org.springframework.boot.test.mock.mockito 中的 org.springframework.boot.test.mock.mockito.MockBean 已过时, 且标记为待删除
[WARNING] /home/GRT/work/media-task-platform-java/src/test/java/com/ryan/media/AuthSecurityTest.java:[26,6] org.springframework.boot.test.mock.mockito 中的 org.springframework.boot.test.mock.mockito.MockBean 已过时, 且标记为待删除
[WARNING] /home/GRT/work/media-task-platform-java/src/test/java/com/ryan/media/AuthSecurityTest.java:[29,6] org.springframework.boot.test.mock.mockito 中的 org.springframework.boot.test.mock.mockito.MockBean 已过时, 且标记为待删除
[WARNING] /home/GRT/work/media-task-platform-java/src/test/java/com/ryan/media/AuthSecurityTest.java:[29,6] org.springframework.boot.test.mock.mockito 中的 org.springframework.boot.test.mock.mockito.MockBean 已过时, 且标记为待删除
[WARNING] /home/GRT/work/media-task-platform-java/src/test/java/com/ryan/media/AuthSecurityTest.java:[29,6] org.springframework.boot.test.mock.mockito 中的 org.springframework.boot.test.mock.mockito.MockBean 已过时, 且标记为待删除
[WARNING] /home/GRT/work/media-task-platform-java/src/test/java/com/ryan/media/AuthSecurityTest.java:[29,6] org.springframework.boot.test.mock.mockito 中的 org.springframework.boot.test.mock.mockito.MockBean 已过时, 且标记为待删除
[WARNING] /home/GRT/work/media-task-platform-java/src/test/java/com/ryan/media/AuthSecurityTest.java:[29,6] org.springframework.boot.test.mock.mockito 中的 org.springframework.boot.test.mock.mockito.MockBean 已过时, 且标记为待删除
[WARNING] /home/GRT/work/media-task-platform-java/src/test/java/com/ryan/media/ContractIT.java:[33,6] org.springframework.boot.test.mock.mockito 中的 org.springframework.boot.test.mock.mockito.MockBean 已过时, 且标记为待删除
[WARNING] /home/GRT/work/media-task-platform-java/src/test/java/com/ryan/media/ContractIT.java:[33,6] org.springframework.boot.test.mock.mockito 中的 org.springframework.boot.test.mock.mockito.MockBean 已过时, 且标记为待删除
[WARNING] /home/GRT/work/media-task-platform-java/src/test/java/com/ryan/media/ContractIT.java:[33,6] org.springframework.boot.test.mock.mockito 中的 org.springframework.boot.test.mock.mockito.MockBean 已过时, 且标记为待删除
[WARNING] /home/GRT/work/media-task-platform-java/src/test/java/com/ryan/media/ContractIT.java:[33,6] org.springframework.boot.test.mock.mockito 中的 org.springframework.boot.test.mock.mockito.MockBean 已过时, 且标记为待删除
[WARNING] /home/GRT/work/media-task-platform-java/src/test/java/com/ryan/media/ContractIT.java:[33,6] org.springframework.boot.test.mock.mockito 中的 org.springframework.boot.test.mock.mockito.MockBean 已过时, 且标记为待删除
[WARNING] /home/GRT/work/media-task-platform-java/src/test/java/com/ryan/media/ContractIT.java:[36,6] org.springframework.boot.test.mock.mockito 中的 org.springframework.boot.test.mock.mockito.MockBean 已过时, 且标记为待删除
[WARNING] /home/GRT/work/media-task-platform-java/src/test/java/com/ryan/media/ContractIT.java:[36,6] org.springframework.boot.test.mock.mockito 中的 org.springframework.boot.test.mock.mockito.MockBean 已过时, 且标记为待删除
[WARNING] /home/GRT/work/media-task-platform-java/src/test/java/com/ryan/media/ContractIT.java:[36,6] org.springframework.boot.test.mock.mockito 中的 org.springframework.boot.test.mock.mockito.MockBean 已过时, 且标记为待删除
[WARNING] /home/GRT/work/media-task-platform-java/src/test/java/com/ryan/media/ContractIT.java:[36,6] org.springframework.boot.test.mock.mockito 中的 org.springframework.boot.test.mock.mockito.MockBean 已过时, 且标记为待删除
[WARNING] /home/GRT/work/media-task-platform-java/src/test/java/com/ryan/media/ContractIT.java:[36,6] org.springframework.boot.test.mock.mockito 中的 org.springframework.boot.test.mock.mockito.MockBean 已过时, 且标记为待删除
[WARNING] /home/GRT/work/media-task-platform-java/src/test/java/com/ryan/media/SmokeTest.java:[15,6] org.springframework.boot.test.mock.mockito 中的 org.springframework.boot.test.mock.mockito.MockBean 已过时, 且标记为待删除
[WARNING] /home/GRT/work/media-task-platform-java/src/test/java/com/ryan/media/SmokeTest.java:[15,6] org.springframework.boot.test.mock.mockito 中的 org.springframework.boot.test.mock.mockito.MockBean 已过时, 且标记为待删除
[WARNING] /home/GRT/work/media-task-platform-java/src/test/java/com/ryan/media/SmokeTest.java:[15,6] org.springframework.boot.test.mock.mockito 中的 org.springframework.boot.test.mock.mockito.MockBean 已过时, 且标记为待删除
[WARNING] /home/GRT/work/media-task-platform-java/src/test/java/com/ryan/media/SmokeTest.java:[15,6] org.springframework.boot.test.mock.mockito 中的 org.springframework.boot.test.mock.mockito.MockBean 已过时, 且标记为待删除
[WARNING] /home/GRT/work/media-task-platform-java/src/test/java/com/ryan/media/SmokeTest.java:[15,6] org.springframework.boot.test.mock.mockito 中的 org.springframework.boot.test.mock.mockito.MockBean 已过时, 且标记为待删除
[INFO] /home/GRT/work/media-task-platform-java/src/test/java/com/ryan/media/PostgresSmokeIT.java: 某些输入文件使用或覆盖了已过时的 API。
[INFO] /home/GRT/work/media-task-platform-java/src/test/java/com/ryan/media/PostgresSmokeIT.java: 有关详细信息, 请使用 -Xlint:deprecation 重新编译。
[INFO] 
[INFO] --- surefire:3.5.5:test (default-test) @ media-task-platform-java ---
[INFO] Using auto detected provider org.apache.maven.surefire.junitplatform.JUnitPlatformProvider
[INFO] 
[INFO] -------------------------------------------------------
[INFO]  T E S T S
[INFO] -------------------------------------------------------
[INFO] Running com.ryan.media.ContractIT
10:00:32.009 [main] INFO org.springframework.test.context.support.AnnotationConfigContextLoaderUtils -- Could not detect default configuration classes for test class [com.ryan.media.ContractIT]: ContractIT does not declare any static, non-private, non-final, nested classes annotated with @Configuration.
10:00:32.205 [main] INFO org.springframework.boot.test.context.SpringBootTestContextBootstrapper -- Found @SpringBootConfiguration com.ryan.media.MediaTaskApplication for test class com.ryan.media.ContractIT

  .   ____          _            __ _ _
 /\\ / ___'_ __ _ _(_)_ __  __ _ \ \ \ \
( ( )\___ | '_ | '_| | '_ \/ _` | \ \ \ \
 \\/  ___)| |_)| | | | | || (_| |  ) ) ) )
  '  |____| .__|_| |_|_| |_\__, | / / / /
 =========|_|==============|___/=/_/_/_/

 :: Spring Boot ::               (v3.5.13)

2026-05-12T10:00:32.677+08:00  INFO 849068 --- [media-task-platform-java] [           main] com.ryan.media.ContractIT                : Starting ContractIT using Java 21.0.10 with PID 849068 (started by GRT in /home/GRT/work/media-task-platform-java)
2026-05-12T10:00:32.679+08:00  INFO 849068 --- [media-task-platform-java] [           main] com.ryan.media.ContractIT                : No active profile set, falling back to 1 default profile: "default"
Mockito is currently self-attaching to enable the inline-mock-maker. This will no longer work in future releases of the JDK. Please add Mockito as an agent to your build as described in Mockito's documentation: https://javadoc.io/doc/org.mockito/mockito-core/latest/org.mockito/org/mockito/Mockito.html#0.3
OpenJDK 64-Bit Server VM warning: Sharing is only supported for boot loader classes because bootstrap classpath has been appended
WARNING: A Java agent has been loaded dynamically (/home/GRT/.m2/repository/net/bytebuddy/byte-buddy-agent/1.17.8/byte-buddy-agent-1.17.8.jar)
WARNING: If a serviceability tool is in use, please run with -XX:+EnableDynamicAgentLoading to hide this warning
WARNING: If a serviceability tool is not in use, please run with -Djdk.instrument.traceUsage for more information
WARNING: Dynamic loading of agents will be disallowed by default in a future release
2026-05-12T10:00:34.768+08:00  WARN 849068 --- [media-task-platform-java] [           main] .s.s.UserDetailsServiceAutoConfiguration : 

Using generated security password: 6d8d2ba8-71e1-4623-8535-2fd9be4fedad

This generated password is for development use only. Your security configuration must be updated before running your application in production.

2026-05-12T10:00:34.775+08:00  INFO 849068 --- [media-task-platform-java] [           main] r$InitializeUserDetailsManagerConfigurer : Global AuthenticationManager configured with UserDetailsService bean with name inMemoryUserDetailsManager
2026-05-12T10:00:35.110+08:00  INFO 849068 --- [media-task-platform-java] [           main] o.s.b.t.m.w.SpringBootMockServletContext : Initializing Spring TestDispatcherServlet ''
2026-05-12T10:00:35.111+08:00  INFO 849068 --- [media-task-platform-java] [           main] o.s.t.web.servlet.TestDispatcherServlet  : Initializing Servlet ''
2026-05-12T10:00:35.113+08:00  INFO 849068 --- [media-task-platform-java] [           main] o.s.t.web.servlet.TestDispatcherServlet  : Completed initialization in 2 ms
2026-05-12T10:00:35.141+08:00  INFO 849068 --- [media-task-platform-java] [           main] com.ryan.media.ContractIT                : Started ContractIT in 2.869 seconds (process running for 3.879)
[INFO] Tests run: 7, Failures: 0, Errors: 0, Skipped: 0, Time elapsed: 4.149 s -- in com.ryan.media.ContractIT
[INFO] 
[INFO] Results:
[INFO] 
[INFO] Tests run: 7, Failures: 0, Errors: 0, Skipped: 0
[INFO] 
[INFO] ------------------------------------------------------------------------
[INFO] BUILD SUCCESS
[INFO] ------------------------------------------------------------------------
[INFO] Total time:  7.970 s
[INFO] Finished at: 2026-05-12T10:00:36+08:00
[INFO] ------------------------------------------------------------------------

===== [run full mvnw test] =====
[INFO] Scanning for projects...
[INFO] 
[INFO] --------------< com.ryan.media:media-task-platform-java >---------------
[INFO] Building media-task-platform-java 0.0.1-SNAPSHOT
[INFO]   from pom.xml
[INFO] --------------------------------[ jar ]---------------------------------
[INFO] 
[INFO] --- resources:3.3.1:resources (default-resources) @ media-task-platform-java ---
[INFO] Copying 2 resources from src/main/resources to target/classes
[INFO] Copying 2 resources from src/main/resources to target/classes
[INFO] 
[INFO] --- compiler:3.14.1:compile (default-compile) @ media-task-platform-java ---
[INFO] Nothing to compile - all classes are up to date.
[INFO] 
[INFO] --- resources:3.3.1:testResources (default-testResources) @ media-task-platform-java ---
[INFO] skip non existing resourceDirectory /home/GRT/work/media-task-platform-java/src/test/resources
[INFO] 
[INFO] --- compiler:3.14.1:testCompile (default-testCompile) @ media-task-platform-java ---
[INFO] Nothing to compile - all classes are up to date.
[INFO] 
[INFO] --- surefire:3.5.5:test (default-test) @ media-task-platform-java ---
[INFO] Using auto detected provider org.apache.maven.surefire.junitplatform.JUnitPlatformProvider
[INFO] 
[INFO] -------------------------------------------------------
[INFO]  T E S T S
[INFO] -------------------------------------------------------
[INFO] Running com.ryan.media.controller.MediaTaskControllerTest
Mockito is currently self-attaching to enable the inline-mock-maker. This will no longer work in future releases of the JDK. Please add Mockito as an agent to your build as described in Mockito's documentation: https://javadoc.io/doc/org.mockito/mockito-core/latest/org.mockito/org/mockito/Mockito.html#0.3
WARNING: A Java agent has been loaded dynamically (/home/GRT/.m2/repository/net/bytebuddy/byte-buddy-agent/1.17.8/byte-buddy-agent-1.17.8.jar)
WARNING: If a serviceability tool is in use, please run with -XX:+EnableDynamicAgentLoading to hide this warning
WARNING: If a serviceability tool is not in use, please run with -Djdk.instrument.traceUsage for more information
WARNING: Dynamic loading of agents will be disallowed by default in a future release
OpenJDK 64-Bit Server VM warning: Sharing is only supported for boot loader classes because bootstrap classpath has been appended
10:00:40.092 [main] INFO org.hibernate.validator.internal.util.Version -- HV000001: Hibernate Validator 8.0.3.Final
10:00:40.603 [main] INFO org.springframework.mock.web.MockServletContext -- Initializing Spring TestDispatcherServlet ''
10:00:40.604 [main] INFO org.springframework.test.web.servlet.TestDispatcherServlet -- Initializing Servlet ''
10:00:40.607 [main] INFO org.springframework.test.web.servlet.TestDispatcherServlet -- Completed initialization in 2 ms
[INFO] Tests run: 1, Failures: 0, Errors: 0, Skipped: 0, Time elapsed: 1.676 s -- in com.ryan.media.controller.MediaTaskControllerTest
[INFO] Running com.ryan.media.AuthSecurityTest
10:00:40.790 [main] INFO org.springframework.test.context.support.AnnotationConfigContextLoaderUtils -- Could not detect default configuration classes for test class [com.ryan.media.AuthSecurityTest]: AuthSecurityTest does not declare any static, non-private, non-final, nested classes annotated with @Configuration.
10:00:40.925 [main] INFO org.springframework.boot.test.context.SpringBootTestContextBootstrapper -- Found @SpringBootConfiguration com.ryan.media.MediaTaskApplication for test class com.ryan.media.AuthSecurityTest

  .   ____          _            __ _ _
 /\\ / ___'_ __ _ _(_)_ __  __ _ \ \ \ \
( ( )\___ | '_ | '_| | '_ \/ _` | \ \ \ \
 \\/  ___)| |_)| | | | | || (_| |  ) ) ) )
  '  |____| .__|_| |_|_| |_\__, | / / / /
 =========|_|==============|___/=/_/_/_/

 :: Spring Boot ::               (v3.5.13)

2026-05-12T10:00:41.337+08:00  INFO 849477 --- [media-task-platform-java] [           main] com.ryan.media.AuthSecurityTest          : Starting AuthSecurityTest using Java 21.0.10 with PID 849477 (started by GRT in /home/GRT/work/media-task-platform-java)
2026-05-12T10:00:41.339+08:00  INFO 849477 --- [media-task-platform-java] [           main] com.ryan.media.AuthSecurityTest          : No active profile set, falling back to 1 default profile: "default"
2026-05-12T10:00:42.281+08:00  WARN 849477 --- [media-task-platform-java] [           main] .s.s.UserDetailsServiceAutoConfiguration : 

Using generated security password: 151362f1-38c1-45ed-a1c9-bd6bdbbe17ab

This generated password is for development use only. Your security configuration must be updated before running your application in production.

2026-05-12T10:00:42.288+08:00  INFO 849477 --- [media-task-platform-java] [           main] r$InitializeUserDetailsManagerConfigurer : Global AuthenticationManager configured with UserDetailsService bean with name inMemoryUserDetailsManager
2026-05-12T10:00:42.506+08:00  INFO 849477 --- [media-task-platform-java] [           main] o.s.b.t.m.w.SpringBootMockServletContext : Initializing Spring TestDispatcherServlet ''
2026-05-12T10:00:42.507+08:00  INFO 849477 --- [media-task-platform-java] [           main] o.s.t.web.servlet.TestDispatcherServlet  : Initializing Servlet ''
2026-05-12T10:00:42.508+08:00  INFO 849477 --- [media-task-platform-java] [           main] o.s.t.web.servlet.TestDispatcherServlet  : Completed initialization in 1 ms
2026-05-12T10:00:42.537+08:00  INFO 849477 --- [media-task-platform-java] [           main] com.ryan.media.AuthSecurityTest          : Started AuthSecurityTest in 1.559 seconds (process running for 3.94)
[INFO] Tests run: 4, Failures: 0, Errors: 0, Skipped: 0, Time elapsed: 1.947 s -- in com.ryan.media.AuthSecurityTest
[INFO] Running com.ryan.media.SmokeTest
2026-05-12T10:00:42.701+08:00  INFO 849477 --- [media-task-platform-java] [           main] t.c.s.AnnotationConfigContextLoaderUtils : Could not detect default configuration classes for test class [com.ryan.media.SmokeTest]: SmokeTest does not declare any static, non-private, non-final, nested classes annotated with @Configuration.
2026-05-12T10:00:42.707+08:00  INFO 849477 --- [media-task-platform-java] [           main] .b.t.c.SpringBootTestContextBootstrapper : Found @SpringBootConfiguration com.ryan.media.MediaTaskApplication for test class com.ryan.media.SmokeTest

  .   ____          _            __ _ _
 /\\ / ___'_ __ _ _(_)_ __  __ _ \ \ \ \
( ( )\___ | '_ | '_| | '_ \/ _` | \ \ \ \
 \\/  ___)| |_)| | | | | || (_| |  ) ) ) )
  '  |____| .__|_| |_|_| |_\__, | / / / /
 =========|_|==============|___/=/_/_/_/

 :: Spring Boot ::               (v3.5.13)

2026-05-12T10:00:42.740+08:00  INFO 849477 --- [media-task-platform-java] [           main] com.ryan.media.SmokeTest                 : Starting SmokeTest using Java 21.0.10 with PID 849477 (started by GRT in /home/GRT/work/media-task-platform-java)
2026-05-12T10:00:42.740+08:00  INFO 849477 --- [media-task-platform-java] [           main] com.ryan.media.SmokeTest                 : No active profile set, falling back to 1 default profile: "default"
2026-05-12T10:00:43.206+08:00  INFO 849477 --- [media-task-platform-java] [           main] .s.d.r.c.RepositoryConfigurationDelegate : Multiple Spring Data modules found, entering strict repository configuration mode
2026-05-12T10:00:43.208+08:00  INFO 849477 --- [media-task-platform-java] [           main] .s.d.r.c.RepositoryConfigurationDelegate : Bootstrapping Spring Data Redis repositories in DEFAULT mode.
2026-05-12T10:00:43.226+08:00  INFO 849477 --- [media-task-platform-java] [           main] .s.d.r.c.RepositoryConfigurationDelegate : Finished Spring Data repository scanning in 5 ms. Found 0 Redis repository interfaces.
2026-05-12T10:00:43.918+08:00  INFO 849477 --- [media-task-platform-java] [           main] o.s.b.a.e.web.EndpointLinksResolver      : Exposing 2 endpoints beneath base path '/actuator'
2026-05-12T10:00:43.940+08:00  WARN 849477 --- [media-task-platform-java] [           main] .s.s.UserDetailsServiceAutoConfiguration : 

Using generated security password: 775a4dfe-9079-4440-9761-861b7ec26e8b

This generated password is for development use only. Your security configuration must be updated before running your application in production.

2026-05-12T10:00:43.942+08:00  INFO 849477 --- [media-task-platform-java] [           main] r$InitializeUserDetailsManagerConfigurer : Global AuthenticationManager configured with UserDetailsService bean with name inMemoryUserDetailsManager
2026-05-12T10:00:44.261+08:00  INFO 849477 --- [media-task-platform-java] [           main] com.ryan.media.SmokeTest                 : Started SmokeTest in 1.545 seconds (process running for 5.662)
[INFO] Tests run: 1, Failures: 0, Errors: 0, Skipped: 0, Time elapsed: 1.650 s -- in com.ryan.media.SmokeTest
[INFO] 
[INFO] Results:
[INFO] 
[INFO] Tests run: 6, Failures: 0, Errors: 0, Skipped: 0
[INFO] 
[INFO] ------------------------------------------------------------------------
[INFO] BUILD SUCCESS
[INFO] ------------------------------------------------------------------------
[INFO] Total time:  6.880 s
[INFO] Finished at: 2026-05-12T10:00:44+08:00
[INFO] ------------------------------------------------------------------------

===== [post status] =====
## main...origin/main
 M src/main/java/com/ryan/media/security/SecurityConfig.java
 M src/test/java/com/ryan/media/AuthSecurityTest.java
?? artifacts/logs/week10_auth_security_fix_20260512.log
?? artifacts/logs/week10_contract_it_20260512.log
?? artifacts/logs/week10_contract_it_preflight_20260512.log
?? artifacts/logs/week10_java_test_after_security_contract_20260512.log
?? artifacts/logs/week10_security_contract_align_20260512.log
?? src/test/java/com/ryan/media/ContractIT.java

===== [diff stat] =====
 src/main/java/com/ryan/media/security/SecurityConfig.java | 4 ++--
 src/test/java/com/ryan/media/AuthSecurityTest.java        | 4 ++++
 2 files changed, 6 insertions(+), 2 deletions(-)

===== [log path] =====
-rw-rw-r-- 1 GRT GRT 28K  5月 12 10:00 artifacts/logs/week10_contract_it_20260512.log
