Week08 DB QueryPlanIT rerun summary
Date: 2026-04-29
Test log: artifacts/logs/week08_db_query_plan_it_rerun_20260429.log

=== Test result ===
73:2026-04-28T15:30:07.922+08:00  INFO 3409117 --- [media-task-platform-java] [           main] o.f.core.internal.command.DbMigrate      : Successfully applied 2 migrations to schema "public", now at version v2 (execution time 00:00.067s)
82:2026-04-28T15:30:10.137+08:00  INFO 3409117 --- [media-task-platform-java] [           main] com.ryan.media.QueryPlanIT               : Started QueryPlanIT in 7.59 seconds (process running for 18.42)
86:[INFO] Tests run: 1, Failures: 0, Errors: 0, Skipped: 0, Time elapsed: 16.94 s -- in com.ryan.media.QueryPlanIT
90:[INFO] Tests run: 1, Failures: 0, Errors: 0, Skipped: 0
93:[INFO] BUILD SUCCESS

=== Query A: recent tasks ===
1:Limit  (cost=0.28..1.08 rows=20 width=54) (actual time=0.019..0.025 rows=20 loops=1)
2:  ->  Index Scan using idx_media_task_created_at_desc on media_task  (cost=0.28..199.28 rows=5000 width=54) (actual time=0.017..0.021 rows=20 loops=1)
3:Planning Time: 0.429 ms
4:Execution Time: 0.052 ms

=== Query B: status-filtered recent tasks ===
1:Limit  (cost=0.28..2.82 rows=20 width=54) (actual time=0.022..0.037 rows=20 loops=1)
2:  ->  Index Scan using idx_media_task_created_at_desc on media_task  (cost=0.28..211.78 rows=1666 width=54) (actual time=0.021..0.034 rows=20 loops=1)
4:        Rows Removed by Filter: 40
5:Planning Time: 0.089 ms
6:Execution Time: 0.058 ms

=== Query C: task-scoped assets ===
1:Limit  (cost=0.27..2.42 rows=20 width=65) (actual time=0.021..0.026 rows=20 loops=1)
2:  ->  Index Scan using idx_media_asset_task_id_created_at_desc on media_asset  (cost=0.27..32.46 rows=300 width=65) (actual time=0.021..0.023 rows=20 loops=1)
4:Planning Time: 0.339 ms
5:Execution Time: 0.045 ms
