16:06:06.530 [main] INFO org.springframework.test.context.support.AnnotationConfigContextLoaderUtils -- Could not detect default configuration classes for test class [com.ryan.media.controller.Week15TemporalAlignmentExplicitRiskContractIT]: Week15TemporalAlignmentExplicitRiskContractIT does not declare any static, non-private, non-final, nested classes annotated with @Configuration.
16:06:06.752 [main] INFO org.springframework.boot.test.context.SpringBootTestContextBootstrapper -- Found @SpringBootConfiguration com.ryan.media.MediaTaskApplication for test class com.ryan.media.controller.Week15TemporalAlignmentExplicitRiskContractIT

  .   ____          _            __ _ _
 /\\ / ___'_ __ _ _(_)_ __  __ _ \ \ \ \
( ( )\___ | '_ | '_| | '_ \/ _` | \ \ \ \
 \\/  ___)| |_)| | | | | || (_| |  ) ) ) )
  '  |____| .__|_| |_|_| |_\__, | / / / /
 =========|_|==============|___/=/_/_/_/

 :: Spring Boot ::               (v3.5.13)

2026-06-18T16:06:07.547+08:00  INFO 252287 --- [media-task-platform-java] [           main] 5TemporalAlignmentExplicitRiskContractIT : Starting Week15TemporalAlignmentExplicitRiskContractIT using Java 21.0.10 with PID 252287 (started by GRT in /home/GRT/work/media-task-platform-java)
2026-06-18T16:06:07.549+08:00  INFO 252287 --- [media-task-platform-java] [           main] 5TemporalAlignmentExplicitRiskContractIT : No active profile set, falling back to 1 default profile: "default"
2026-06-18T16:06:08.515+08:00  INFO 252287 --- [media-task-platform-java] [           main] .s.d.r.c.RepositoryConfigurationDelegate : Multiple Spring Data modules found, entering strict repository configuration mode
2026-06-18T16:06:08.517+08:00  INFO 252287 --- [media-task-platform-java] [           main] .s.d.r.c.RepositoryConfigurationDelegate : Bootstrapping Spring Data Redis repositories in DEFAULT mode.
2026-06-18T16:06:08.549+08:00  INFO 252287 --- [media-task-platform-java] [           main] .s.d.r.c.RepositoryConfigurationDelegate : Finished Spring Data repository scanning in 17 ms. Found 0 Redis repository interfaces.
2026-06-18T16:06:09.083+08:00  INFO 252287 --- [media-task-platform-java] [           main] o.s.b.w.embedded.tomcat.TomcatWebServer  : Tomcat initialized with port 0 (http)
2026-06-18T16:06:09.099+08:00  INFO 252287 --- [media-task-platform-java] [           main] o.apache.catalina.core.StandardService   : Starting service [Tomcat]
2026-06-18T16:06:09.099+08:00  INFO 252287 --- [media-task-platform-java] [           main] o.apache.catalina.core.StandardEngine    : Starting Servlet engine: [Apache Tomcat/10.1.53]
2026-06-18T16:06:09.138+08:00  INFO 252287 --- [media-task-platform-java] [           main] o.a.c.c.C.[Tomcat].[localhost].[/]       : Initializing Spring embedded WebApplicationContext
2026-06-18T16:06:09.138+08:00  INFO 252287 --- [media-task-platform-java] [           main] w.s.c.ServletWebServerApplicationContext : Root WebApplicationContext: initialization completed in 1577 ms
2026-06-18T16:06:09.505+08:00  INFO 252287 --- [media-task-platform-java] [           main] com.zaxxer.hikari.HikariDataSource       : HikariPool-1 - Starting...
2026-06-18T16:06:09.682+08:00  INFO 252287 --- [media-task-platform-java] [           main] com.zaxxer.hikari.pool.HikariPool        : HikariPool-1 - Added connection conn0: url=jdbc:h2:mem:abe30ef3-f828-4622-a021-1b2a8821bfa2 user=SA
2026-06-18T16:06:09.683+08:00  INFO 252287 --- [media-task-platform-java] [           main] com.zaxxer.hikari.HikariDataSource       : HikariPool-1 - Start completed.
2026-06-18T16:06:09.732+08:00  INFO 252287 --- [media-task-platform-java] [           main] org.flywaydb.core.FlywayExecutor         : Database: jdbc:h2:mem:abe30ef3-f828-4622-a021-1b2a8821bfa2 (H2 2.3)
2026-06-18T16:06:09.768+08:00  INFO 252287 --- [media-task-platform-java] [           main] o.f.c.i.s.JdbcTableSchemaHistory         : Schema history table "PUBLIC"."flyway_schema_history" does not exist yet
2026-06-18T16:06:09.771+08:00  INFO 252287 --- [media-task-platform-java] [           main] o.f.core.internal.command.DbValidate     : Successfully validated 2 migrations (execution time 00:00.013s)
2026-06-18T16:06:09.777+08:00  INFO 252287 --- [media-task-platform-java] [           main] o.f.c.i.s.JdbcTableSchemaHistory         : Creating Schema History table "PUBLIC"."flyway_schema_history" ...
2026-06-18T16:06:09.817+08:00  INFO 252287 --- [media-task-platform-java] [           main] o.f.core.internal.command.DbMigrate      : Current version of schema "PUBLIC": << Empty Schema >>
2026-06-18T16:06:09.827+08:00  INFO 252287 --- [media-task-platform-java] [           main] o.f.core.internal.command.DbMigrate      : Migrating schema "PUBLIC" to version "1 - init"
2026-06-18T16:06:09.851+08:00  INFO 252287 --- [media-task-platform-java] [           main] o.f.core.internal.command.DbMigrate      : Migrating schema "PUBLIC" to version "2 - indexes"
2026-06-18T16:06:09.864+08:00  INFO 252287 --- [media-task-platform-java] [           main] o.f.core.internal.command.DbMigrate      : Successfully applied 2 migrations to schema "PUBLIC", now at version v2 (execution time 00:00.014s)
2026-06-18T16:06:10.497+08:00  INFO 252287 --- [media-task-platform-java] [           main] o.s.b.a.e.web.EndpointLinksResolver      : Exposing 2 endpoints beneath base path '/actuator'
2026-06-18T16:06:10.525+08:00  WARN 252287 --- [media-task-platform-java] [           main] .s.s.UserDetailsServiceAutoConfiguration : 

Using generated security password: 7fd28611-0367-4c27-acf4-67631fb0f76b

This generated password is for development use only. Your security configuration must be updated before running your application in production.

2026-06-18T16:06:10.532+08:00  INFO 252287 --- [media-task-platform-java] [           main] r$InitializeUserDetailsManagerConfigurer : Global AuthenticationManager configured with UserDetailsService bean with name inMemoryUserDetailsManager
2026-06-18T16:06:10.955+08:00  INFO 252287 --- [media-task-platform-java] [           main] o.s.b.w.embedded.tomcat.TomcatWebServer  : Tomcat started on port 37417 (http) with context path '/'
2026-06-18T16:06:10.969+08:00  INFO 252287 --- [media-task-platform-java] [           main] 5TemporalAlignmentExplicitRiskContractIT : Started Week15TemporalAlignmentExplicitRiskContractIT in 3.703 seconds (process running for 5.057)
2026-06-18T16:06:11.680+08:00  INFO 252287 --- [media-task-platform-java] [o-auto-1-exec-1] o.a.c.c.C.[Tomcat].[localhost].[/]       : Initializing Spring DispatcherServlet 'dispatcherServlet'
2026-06-18T16:06:11.680+08:00  INFO 252287 --- [media-task-platform-java] [o-auto-1-exec-1] o.s.web.servlet.DispatcherServlet        : Initializing Servlet 'dispatcherServlet'
2026-06-18T16:06:11.682+08:00  INFO 252287 --- [media-task-platform-java] [o-auto-1-exec-1] o.s.web.servlet.DispatcherServlet        : Completed initialization in 2 ms
