[INFO] Scanning for projects...
[INFO] 
[INFO] --------------< com.ryan.media:media-task-platform-java >---------------
[INFO] Building media-task-platform-java 0.0.1-SNAPSHOT
[INFO]   from pom.xml
[INFO] --------------------------------[ jar ]---------------------------------
[INFO] 
[INFO] --- resources:3.3.1:resources (default-resources) @ media-task-platform-java ---
[INFO] Copying 2 resources from src/main/resources to target/classes
[INFO] Copying 5 resources from src/main/resources to target/classes
[INFO] 
[INFO] --- compiler:3.14.1:compile (default-compile) @ media-task-platform-java ---
[INFO] Nothing to compile - all classes are up to date.
[INFO] 
[INFO] --- resources:3.3.1:testResources (default-testResources) @ media-task-platform-java ---
[INFO] Copying 3 resources from src/test/resources to target/test-classes
[INFO] 
[INFO] --- compiler:3.14.1:testCompile (default-testCompile) @ media-task-platform-java ---
[INFO] Nothing to compile - all classes are up to date.
[INFO] 
[INFO] --- surefire:3.5.5:test (default-test) @ media-task-platform-java ---
[INFO] Using auto detected provider org.apache.maven.surefire.junitplatform.JUnitPlatformProvider
[INFO] 
[INFO] -------------------------------------------------------
[INFO]  T E S T S
[INFO] -------------------------------------------------------
[INFO] Running com.ryan.media.controller.Week15TemporalAlignmentReviewStateRegistryBackedIT
17:36:48.267 [main] INFO org.springframework.test.context.support.AnnotationConfigContextLoaderUtils -- Could not detect default configuration classes for test class [com.ryan.media.controller.Week15TemporalAlignmentReviewStateRegistryBackedIT]: Week15TemporalAlignmentReviewStateRegistryBackedIT does not declare any static, non-private, non-final, nested classes annotated with @Configuration.
17:36:48.452 [main] INFO org.springframework.boot.test.context.SpringBootTestContextBootstrapper -- Found @SpringBootConfiguration com.ryan.media.MediaTaskApplication for test class com.ryan.media.controller.Week15TemporalAlignmentReviewStateRegistryBackedIT

  .   ____          _            __ _ _
 /\\ / ___'_ __ _ _(_)_ __  __ _ \ \ \ \
( ( )\___ | '_ | '_| | '_ \/ _` | \ \ \ \
 \\/  ___)| |_)| | | | | || (_| |  ) ) ) )
  '  |____| .__|_| |_|_| |_\__, | / / / /
 =========|_|==============|___/=/_/_/_/

 :: Spring Boot ::               (v3.5.13)

2026-06-17T17:36:48.941+08:00  INFO 26604 --- [media-task-platform-java] [           main] oralAlignmentReviewStateRegistryBackedIT : Starting Week15TemporalAlignmentReviewStateRegistryBackedIT using Java 21.0.10 with PID 26604 (started by GRT in /home/GRT/work/media-task-platform-java)
2026-06-17T17:36:48.943+08:00  INFO 26604 --- [media-task-platform-java] [           main] oralAlignmentReviewStateRegistryBackedIT : No active profile set, falling back to 1 default profile: "default"
2026-06-17T17:36:49.890+08:00  INFO 26604 --- [media-task-platform-java] [           main] .s.d.r.c.RepositoryConfigurationDelegate : Multiple Spring Data modules found, entering strict repository configuration mode
2026-06-17T17:36:49.892+08:00  INFO 26604 --- [media-task-platform-java] [           main] .s.d.r.c.RepositoryConfigurationDelegate : Bootstrapping Spring Data Redis repositories in DEFAULT mode.
2026-06-17T17:36:49.925+08:00  INFO 26604 --- [media-task-platform-java] [           main] .s.d.r.c.RepositoryConfigurationDelegate : Finished Spring Data repository scanning in 17 ms. Found 0 Redis repository interfaces.
2026-06-17T17:36:50.521+08:00  INFO 26604 --- [media-task-platform-java] [           main] o.s.b.w.embedded.tomcat.TomcatWebServer  : Tomcat initialized with port 0 (http)
2026-06-17T17:36:50.537+08:00  INFO 26604 --- [media-task-platform-java] [           main] o.apache.catalina.core.StandardService   : Starting service [Tomcat]
2026-06-17T17:36:50.537+08:00  INFO 26604 --- [media-task-platform-java] [           main] o.apache.catalina.core.StandardEngine    : Starting Servlet engine: [Apache Tomcat/10.1.53]
2026-06-17T17:36:50.583+08:00  INFO 26604 --- [media-task-platform-java] [           main] o.a.c.c.C.[Tomcat].[localhost].[/]       : Initializing Spring embedded WebApplicationContext
2026-06-17T17:36:50.585+08:00  INFO 26604 --- [media-task-platform-java] [           main] w.s.c.ServletWebServerApplicationContext : Root WebApplicationContext: initialization completed in 1626 ms
2026-06-17T17:36:50.974+08:00  INFO 26604 --- [media-task-platform-java] [           main] com.zaxxer.hikari.HikariDataSource       : HikariPool-1 - Starting...
2026-06-17T17:36:51.131+08:00  INFO 26604 --- [media-task-platform-java] [           main] com.zaxxer.hikari.pool.HikariPool        : HikariPool-1 - Added connection conn0: url=jdbc:h2:mem:367deb13-d357-4726-9476-fd6722b8dd66 user=SA
2026-06-17T17:36:51.133+08:00  INFO 26604 --- [media-task-platform-java] [           main] com.zaxxer.hikari.HikariDataSource       : HikariPool-1 - Start completed.
2026-06-17T17:36:51.178+08:00  INFO 26604 --- [media-task-platform-java] [           main] org.flywaydb.core.FlywayExecutor         : Database: jdbc:h2:mem:367deb13-d357-4726-9476-fd6722b8dd66 (H2 2.3)
2026-06-17T17:36:51.212+08:00  INFO 26604 --- [media-task-platform-java] [           main] o.f.c.i.s.JdbcTableSchemaHistory         : Schema history table "PUBLIC"."flyway_schema_history" does not exist yet
2026-06-17T17:36:51.214+08:00  INFO 26604 --- [media-task-platform-java] [           main] o.f.core.internal.command.DbValidate     : Successfully validated 2 migrations (execution time 00:00.013s)
2026-06-17T17:36:51.220+08:00  INFO 26604 --- [media-task-platform-java] [           main] o.f.c.i.s.JdbcTableSchemaHistory         : Creating Schema History table "PUBLIC"."flyway_schema_history" ...
2026-06-17T17:36:51.261+08:00  INFO 26604 --- [media-task-platform-java] [           main] o.f.core.internal.command.DbMigrate      : Current version of schema "PUBLIC": << Empty Schema >>
2026-06-17T17:36:51.273+08:00  INFO 26604 --- [media-task-platform-java] [           main] o.f.core.internal.command.DbMigrate      : Migrating schema "PUBLIC" to version "1 - init"
2026-06-17T17:36:51.297+08:00  INFO 26604 --- [media-task-platform-java] [           main] o.f.core.internal.command.DbMigrate      : Migrating schema "PUBLIC" to version "2 - indexes"
2026-06-17T17:36:51.313+08:00  INFO 26604 --- [media-task-platform-java] [           main] o.f.core.internal.command.DbMigrate      : Successfully applied 2 migrations to schema "PUBLIC", now at version v2 (execution time 00:00.015s)
2026-06-17T17:36:51.902+08:00  INFO 26604 --- [media-task-platform-java] [           main] o.s.b.a.e.web.EndpointLinksResolver      : Exposing 2 endpoints beneath base path '/actuator'
2026-06-17T17:36:51.932+08:00  WARN 26604 --- [media-task-platform-java] [           main] .s.s.UserDetailsServiceAutoConfiguration : 

Using generated security password: 31e3bd9c-967f-4376-8a93-76ae72307b03

This generated password is for development use only. Your security configuration must be updated before running your application in production.

2026-06-17T17:36:51.938+08:00  INFO 26604 --- [media-task-platform-java] [           main] r$InitializeUserDetailsManagerConfigurer : Global AuthenticationManager configured with UserDetailsService bean with name inMemoryUserDetailsManager
2026-06-17T17:36:52.543+08:00  INFO 26604 --- [media-task-platform-java] [           main] o.s.b.w.embedded.tomcat.TomcatWebServer  : Tomcat started on port 37173 (http) with context path '/'
2026-06-17T17:36:52.558+08:00  INFO 26604 --- [media-task-platform-java] [           main] oralAlignmentReviewStateRegistryBackedIT : Started Week15TemporalAlignmentReviewStateRegistryBackedIT in 3.889 seconds (process running for 4.923)
Mockito is currently self-attaching to enable the inline-mock-maker. This will no longer work in future releases of the JDK. Please add Mockito as an agent to your build as described in Mockito's documentation: https://javadoc.io/doc/org.mockito/mockito-core/latest/org.mockito/org/mockito/Mockito.html#0.3
WARNING: A Java agent has been loaded dynamically (/home/GRT/.m2/repository/net/bytebuddy/byte-buddy-agent/1.17.8/byte-buddy-agent-1.17.8.jar)
WARNING: If a serviceability tool is in use, please run with -XX:+EnableDynamicAgentLoading to hide this warning
WARNING: If a serviceability tool is not in use, please run with -Djdk.instrument.traceUsage for more information
WARNING: Dynamic loading of agents will be disallowed by default in a future release
OpenJDK 64-Bit Server VM warning: Sharing is only supported for boot loader classes because bootstrap classpath has been appended
2026-06-17T17:36:53.324+08:00  INFO 26604 --- [media-task-platform-java] [o-auto-1-exec-1] o.a.c.c.C.[Tomcat].[localhost].[/]       : Initializing Spring DispatcherServlet 'dispatcherServlet'
2026-06-17T17:36:53.325+08:00  INFO 26604 --- [media-task-platform-java] [o-auto-1-exec-1] o.s.web.servlet.DispatcherServlet        : Initializing Servlet 'dispatcherServlet'
2026-06-17T17:36:53.326+08:00  INFO 26604 --- [media-task-platform-java] [o-auto-1-exec-1] o.s.web.servlet.DispatcherServlet        : Completed initialization in 1 ms
[INFO] Tests run: 1, Failures: 0, Errors: 0, Skipped: 0, Time elapsed: 5.317 s -- in com.ryan.media.controller.Week15TemporalAlignmentReviewStateRegistryBackedIT
[INFO] Running com.ryan.media.controller.Week15TemporalAlignmentReviewStateIT
2026-06-17T17:36:53.457+08:00  INFO 26604 --- [media-task-platform-java] [           main] t.c.s.AnnotationConfigContextLoaderUtils : Could not detect default configuration classes for test class [com.ryan.media.controller.Week15TemporalAlignmentReviewStateIT]: Week15TemporalAlignmentReviewStateIT does not declare any static, non-private, non-final, nested classes annotated with @Configuration.
2026-06-17T17:36:53.463+08:00  INFO 26604 --- [media-task-platform-java] [           main] .b.t.c.SpringBootTestContextBootstrapper : Found @SpringBootConfiguration com.ryan.media.MediaTaskApplication for test class com.ryan.media.controller.Week15TemporalAlignmentReviewStateIT
[ERROR] Tests run: 1, Failures: 1, Errors: 0, Skipped: 0, Time elapsed: 0.093 s <<< FAILURE! -- in com.ryan.media.controller.Week15TemporalAlignmentReviewStateIT
[ERROR] com.ryan.media.controller.Week15TemporalAlignmentReviewStateIT.shouldExposeTemporalAlignmentReviewStateWithoutOverclaiming -- Time elapsed: 0.077 s <<< FAILURE!
org.opentest4j.AssertionFailedError: 

expected: "week15.temporal-alignment-review-state.v0"
 but was: "week15.temporal-alignment-review-state.registry-backed.v1"
	at com.ryan.media.controller.Week15TemporalAlignmentReviewStateIT.shouldExposeTemporalAlignmentReviewStateWithoutOverclaiming(Week15TemporalAlignmentReviewStateIT.java:36)
	at java.base/java.lang.reflect.Method.invoke(Method.java:580)
	at java.base/java.util.ArrayList.forEach(ArrayList.java:1596)
	at java.base/java.util.ArrayList.forEach(ArrayList.java:1596)

[INFO] 
[INFO] Results:
[INFO] 
[ERROR] Failures: 
[ERROR]   Week15TemporalAlignmentReviewStateIT.shouldExposeTemporalAlignmentReviewStateWithoutOverclaiming:36 
expected: "week15.temporal-alignment-review-state.v0"
 but was: "week15.temporal-alignment-review-state.registry-backed.v1"
[INFO] 
[ERROR] Tests run: 2, Failures: 1, Errors: 0, Skipped: 0
[INFO] 
[INFO] ------------------------------------------------------------------------
[INFO] BUILD FAILURE
[INFO] ------------------------------------------------------------------------
[INFO] Total time:  7.718 s
[INFO] Finished at: 2026-06-17T17:36:53+08:00
[INFO] ------------------------------------------------------------------------
[ERROR] Failed to execute goal org.apache.maven.plugins:maven-surefire-plugin:3.5.5:test (default-test) on project media-task-platform-java: There are test failures.
[ERROR] 
[ERROR] See /home/GRT/work/media-task-platform-java/target/surefire-reports for the individual test results.
[ERROR] See dump files (if any exist) [date].dump, [date]-jvmRun[N].dump and [date].dumpstream.
[ERROR] -> [Help 1]
[ERROR] 
[ERROR] To see the full stack trace of the errors, re-run Maven with the -e switch.
[ERROR] Re-run Maven using the -X switch to enable full debug logging.
[ERROR] 
[ERROR] For more information about the errors and possible solutions, please read the following articles:
[ERROR] [Help 1] http://cwiki.apache.org/confluence/display/MAVEN/MojoFailureException
