14:40:34.889 [main] INFO org.testcontainers.images.PullPolicy -- Image pull policy will be performed by: DefaultPullPolicy()
14:40:34.895 [main] INFO org.testcontainers.utility.ImageNameSubstitutor -- Image name substitution will be performed by: DefaultImageNameSubstitutor (composite of 'ConfigurationFileImageNameSubstitutor' and 'PrefixingImageNameSubstitutor')
14:40:34.970 [main] INFO org.testcontainers.DockerClientFactory -- Testcontainers version: 2.0.4
14:40:35.964 [main] INFO org.testcontainers.dockerclient.DockerClientProviderStrategy -- Found Docker environment with Environment variables, system properties and defaults. Resolved dockerHost=unix:///home/GRT/.docker/desktop/docker.sock
14:40:35.966 [main] INFO org.testcontainers.DockerClientFactory -- Docker host IP address is localhost
14:40:35.993 [main] INFO org.testcontainers.DockerClientFactory -- Connected to docker: 
  Server Version: 29.2.1
  API Version: 1.53
  Operating System: Docker Desktop
  Total Memory: 32088 MB
  Labels: 
    com.docker.desktop.address=unix:///home/GRT/.docker/desktop/docker-cli.sock
14:40:36.038 [main] INFO tc.testcontainers/ryuk:0.14.0 -- Creating container for image: testcontainers/ryuk:0.14.0
14:40:36.121 [main] INFO org.testcontainers.utility.RegistryAuthLocator -- Credential helper/store (docker-credential-desktop) does not have credentials for https://index.docker.io/v1/
14:40:36.542 [main] INFO tc.testcontainers/ryuk:0.14.0 -- Container testcontainers/ryuk:0.14.0 is starting: 635d8341d9eb01b187656f3f54f977c0ab9ff90c371e8a699392775e6ebfd96f
14:40:37.322 [main] INFO tc.testcontainers/ryuk:0.14.0 -- Container testcontainers/ryuk:0.14.0 started in PT1.283947288S
14:40:37.330 [main] INFO org.testcontainers.utility.RyukResourceReaper -- Ryuk started - will monitor and terminate Testcontainers containers on JVM exit
14:40:37.331 [main] INFO org.testcontainers.DockerClientFactory -- Checking the system...
14:40:37.331 [main] INFO org.testcontainers.DockerClientFactory -- ✔︎ Docker server version should be at least 1.6.0
14:40:37.817 [main] INFO tc.postgres:16-alpine -- Creating container for image: postgres:16-alpine
14:40:38.341 [main] INFO tc.postgres:16-alpine -- Container postgres:16-alpine is starting: 76c3c055bb23e28b31697d8b42561becb59629286b0c64a12984b70b4a5ae5d7
14:40:43.656 [main] INFO tc.postgres:16-alpine -- Container postgres:16-alpine started in PT5.838785268S
14:40:43.658 [main] INFO tc.postgres:16-alpine -- Container is started (JDBC URL: jdbc:postgresql://localhost:36007/test?loggerLevel=OFF)

  .   ____          _            __ _ _
 /\\ / ___'_ __ _ _(_)_ __  __ _ \ \ \ \
( ( )\___ | '_ | '_| | '_ \/ _` | \ \ \ \
 \\/  ___)| |_)| | | | | || (_| |  ) ) ) )
  '  |____| .__|_| |_|_| |_\__, | / / / /
 =========|_|==============|___/=/_/_/_/

 :: Spring Boot ::               (v3.5.13)

2026-04-29T14:40:44.346+08:00  INFO 27678 --- [media-task-platform-java] [           main] com.ryan.media.QueryPlanIT               : Starting QueryPlanIT using Java 21.0.10 with PID 27678 (started by GRT in /home/GRT/work/media-task-platform-java)
2026-04-29T14:40:44.348+08:00  INFO 27678 --- [media-task-platform-java] [           main] com.ryan.media.QueryPlanIT               : No active profile set, falling back to 1 default profile: "default"
2026-04-29T14:40:47.347+08:00  INFO 27678 --- [media-task-platform-java] [           main] .s.d.r.c.RepositoryConfigurationDelegate : Multiple Spring Data modules found, entering strict repository configuration mode
2026-04-29T14:40:47.351+08:00  INFO 27678 --- [media-task-platform-java] [           main] .s.d.r.c.RepositoryConfigurationDelegate : Bootstrapping Spring Data Redis repositories in DEFAULT mode.
2026-04-29T14:40:47.392+08:00  INFO 27678 --- [media-task-platform-java] [           main] .s.d.r.c.RepositoryConfigurationDelegate : Finished Spring Data repository scanning in 18 ms. Found 0 Redis repository interfaces.
2026-04-29T14:40:48.910+08:00  INFO 27678 --- [media-task-platform-java] [           main] org.flywaydb.core.FlywayExecutor         : Database: jdbc:postgresql://localhost:36007/test?loggerLevel=OFF (PostgreSQL 16.13)
2026-04-29T14:40:48.998+08:00  INFO 27678 --- [media-task-platform-java] [           main] o.f.c.i.s.JdbcTableSchemaHistory         : Schema history table "public"."flyway_schema_history" does not exist yet
2026-04-29T14:40:49.003+08:00  INFO 27678 --- [media-task-platform-java] [           main] o.f.core.internal.command.DbValidate     : Successfully validated 2 migrations (execution time 00:00.053s)
2026-04-29T14:40:49.031+08:00  INFO 27678 --- [media-task-platform-java] [           main] o.f.c.i.s.JdbcTableSchemaHistory         : Creating Schema History table "public"."flyway_schema_history" ...
2026-04-29T14:40:49.144+08:00  INFO 27678 --- [media-task-platform-java] [           main] o.f.core.internal.command.DbMigrate      : Current version of schema "public": << Empty Schema >>
2026-04-29T14:40:49.163+08:00  INFO 27678 --- [media-task-platform-java] [           main] o.f.core.internal.command.DbMigrate      : Migrating schema "public" to version "1 - init"
2026-04-29T14:40:49.221+08:00  INFO 27678 --- [media-task-platform-java] [           main] o.f.core.internal.command.DbMigrate      : Migrating schema "public" to version "2 - indexes"
2026-04-29T14:40:49.255+08:00  INFO 27678 --- [media-task-platform-java] [           main] o.f.core.internal.command.DbMigrate      : Successfully applied 2 migrations to schema "public", now at version v2 (execution time 00:00.044s)
2026-04-29T14:40:50.907+08:00  INFO 27678 --- [media-task-platform-java] [           main] o.s.b.a.e.web.EndpointLinksResolver      : Exposing 2 endpoints beneath base path '/actuator'
2026-04-29T14:40:50.950+08:00  WARN 27678 --- [media-task-platform-java] [           main] .s.s.UserDetailsServiceAutoConfiguration : 

Using generated security password: f4c1cce2-b23f-4d9d-82f1-a854ebf0d7b2

This generated password is for development use only. Your security configuration must be updated before running your application in production.

2026-04-29T14:40:50.968+08:00  INFO 27678 --- [media-task-platform-java] [           main] r$InitializeUserDetailsManagerConfigurer : Global AuthenticationManager configured with UserDetailsService bean with name inMemoryUserDetailsManager
2026-04-29T14:40:51.588+08:00  INFO 27678 --- [media-task-platform-java] [           main] com.ryan.media.QueryPlanIT               : Started QueryPlanIT in 7.85 seconds (process running for 21.55)
2026-04-29T14:40:52.510+08:00  INFO 27678 --- [media-task-platform-java] [           main] com.zaxxer.hikari.HikariDataSource       : HikariPool-1 - Starting...
2026-04-29T14:40:52.543+08:00  INFO 27678 --- [media-task-platform-java] [           main] com.zaxxer.hikari.pool.HikariPool        : HikariPool-1 - Added connection org.postgresql.jdbc.PgConnection@26f50a28
2026-04-29T14:40:52.547+08:00  INFO 27678 --- [media-task-platform-java] [           main] com.zaxxer.hikari.HikariDataSource       : HikariPool-1 - Start completed.
