===== Week12 Java lifecycle state machine test =====
repo=/home/GRT/work/media-task-platform-java
mvn=./mvnw
java_version_start
openjdk version "21.0.10" 2026-01-20
OpenJDK Runtime Environment (build 21.0.10+7-Ubuntu-122.04)
OpenJDK 64-Bit Server VM (build 21.0.10+7-Ubuntu-122.04, mixed mode, sharing)
java_version_end
maven_version_start
Apache Maven 3.9.14 (996c630dbc656c76214ce58821dcc58be960875b)
Maven home: /home/GRT/.m2/wrapper/dists/apache-maven-3.9.14/db91789b
Java version: 21.0.10, vendor: Ubuntu, runtime: /usr/lib/jvm/java-21-openjdk-amd64
Default locale: zh_CN, platform encoding: UTF-8
OS name: "linux", version: "6.8.0-107-generic", arch: "amd64", family: "unix"
maven_version_end
test_command=./mvnw -Dtest=MediaTaskLifecycleTransitionTest test

[INFO] Scanning for projects...
[INFO] 
[INFO] --------------< com.ryan.media:media-task-platform-java >---------------
[INFO] Building media-task-platform-java 0.0.1-SNAPSHOT
[INFO]   from pom.xml
[INFO] --------------------------------[ jar ]---------------------------------
[INFO] 
[INFO] --- resources:3.3.1:resources (default-resources) @ media-task-platform-java ---
[INFO] Copying 2 resources from src/main/resources to target/classes
[INFO] Copying 3 resources from src/main/resources to target/classes
[INFO] 
[INFO] --- compiler:3.14.1:compile (default-compile) @ media-task-platform-java ---
[INFO] Nothing to compile - all classes are up to date.
[INFO] 
[INFO] --- resources:3.3.1:testResources (default-testResources) @ media-task-platform-java ---
[INFO] Copying 3 resources from src/test/resources to target/test-classes
[INFO] 
[INFO] --- compiler:3.14.1:testCompile (default-testCompile) @ media-task-platform-java ---
[INFO] Nothing to compile - all classes are up to date.
[INFO] 
[INFO] --- surefire:3.5.5:test (default-test) @ media-task-platform-java ---
[INFO] Using auto detected provider org.apache.maven.surefire.junitplatform.JUnitPlatformProvider
[INFO] 
[INFO] -------------------------------------------------------
[INFO]  T E S T S
[INFO] -------------------------------------------------------
[INFO] Running com.ryan.media.MediaTaskLifecycleTransitionTest
[INFO] Tests run: 6, Failures: 0, Errors: 0, Skipped: 0, Time elapsed: 0.071 s -- in com.ryan.media.MediaTaskLifecycleTransitionTest
[INFO] 
[INFO] Results:
[INFO] 
[INFO] Tests run: 6, Failures: 0, Errors: 0, Skipped: 0
[INFO] 
[INFO] ------------------------------------------------------------------------
[INFO] BUILD SUCCESS
[INFO] ------------------------------------------------------------------------
[INFO] Total time:  2.278 s
[INFO] Finished at: 2026-05-22T11:07:08+08:00
[INFO] ------------------------------------------------------------------------
test_exit=0
===== surefire report check =====
target/surefire-reports/com.ryan.media.MediaTaskLifecycleTransitionTest.txt
target/surefire-reports/TEST-com.ryan.media.MediaTaskLifecycleTransitionTest.xml
surefire_xml=target/surefire-reports/TEST-com.ryan.media.MediaTaskLifecycleTransitionTest.xml
tests=6
failures=0
errors=0
skipped=0
[PASS] lifecycle surefire report verified
