===== date =====
2026-05-12T15:40:29+08:00

===== git pre-test status =====
## main...origin/main
 M src/main/java/com/ryan/media/controller/MediaTaskController.java
 M src/test/java/com/ryan/media/ContractIT.java
?? artifacts/logs/week10_problem_detail_contract_20260513.log
?? artifacts/logs/week10_problem_detail_source_map_20260513.log
?? src/main/java/com/ryan/media/controller/ApiExceptionHandler.java

===== problem detail source grep =====
src/main/java/com/ryan/media/controller/ApiExceptionHandler.java:7:import org.springframework.http.ProblemDetail;
src/main/java/com/ryan/media/controller/ApiExceptionHandler.java:8:import org.springframework.web.bind.annotation.ExceptionHandler;
src/main/java/com/ryan/media/controller/ApiExceptionHandler.java:12:public class ApiExceptionHandler {
src/main/java/com/ryan/media/controller/ApiExceptionHandler.java:14:    @ExceptionHandler(IllegalArgumentException.class)
src/main/java/com/ryan/media/controller/ApiExceptionHandler.java:15:    public ProblemDetail handleIllegalArgument(
src/main/java/com/ryan/media/controller/ApiExceptionHandler.java:19:        ProblemDetail problem = ProblemDetail.forStatusAndDetail(
src/main/java/com/ryan/media/controller/ApiExceptionHandler.java:27:        problem.setProperty("code", "MEDIA_TASK_NOT_FOUND");
src/test/java/com/ryan/media/ContractIT.java:114:    void getMediaTaskByIdShouldReturnProblemDetailWhenMissing() throws Exception {
src/test/java/com/ryan/media/ContractIT.java:127:            .andExpect(jsonPath("$.code").value("MEDIA_TASK_NOT_FOUND"));

===== run ContractIT and AuthSecurityTest =====
15:40:34.801 [main] INFO org.springframework.test.context.support.AnnotationConfigContextLoaderUtils -- Could not detect default configuration classes for test class [com.ryan.media.ContractIT]: ContractIT does not declare any static, non-private, non-final, nested classes annotated with @Configuration.
15:40:34.958 [main] INFO org.springframework.boot.test.context.SpringBootTestContextBootstrapper -- Found @SpringBootConfiguration com.ryan.media.MediaTaskApplication for test class com.ryan.media.ContractIT

  .   ____          _            __ _ _
 /\\ / ___'_ __ _ _(_)_ __  __ _ \ \ \ \
( ( )\___ | '_ | '_| | '_ \/ _` | \ \ \ \
 \\/  ___)| |_)| | | | | || (_| |  ) ) ) )
  '  |____| .__|_| |_|_| |_\__, | / / / /
 =========|_|==============|___/=/_/_/_/

 :: Spring Boot ::               (v3.5.13)

2026-05-12T15:40:35.387+08:00  INFO 1064313 --- [media-task-platform-java] [           main] com.ryan.media.ContractIT                : Starting ContractIT using Java 21.0.10 with PID 1064313 (started by GRT in /home/GRT/work/media-task-platform-java)
2026-05-12T15:40:35.388+08:00  INFO 1064313 --- [media-task-platform-java] [           main] com.ryan.media.ContractIT                : No active profile set, falling back to 1 default profile: "default"
Mockito is currently self-attaching to enable the inline-mock-maker. This will no longer work in future releases of the JDK. Please add Mockito as an agent to your build as described in Mockito's documentation: https://javadoc.io/doc/org.mockito/mockito-core/latest/org.mockito/org/mockito/Mockito.html#0.3
OpenJDK 64-Bit Server VM warning: Sharing is only supported for boot loader classes because bootstrap classpath has been appended
WARNING: A Java agent has been loaded dynamically (/home/GRT/.m2/repository/net/bytebuddy/byte-buddy-agent/1.17.8/byte-buddy-agent-1.17.8.jar)
WARNING: If a serviceability tool is in use, please run with -XX:+EnableDynamicAgentLoading to hide this warning
WARNING: If a serviceability tool is not in use, please run with -Djdk.instrument.traceUsage for more information
WARNING: Dynamic loading of agents will be disallowed by default in a future release
2026-05-12T15:40:37.498+08:00  WARN 1064313 --- [media-task-platform-java] [           main] .s.s.UserDetailsServiceAutoConfiguration : 

Using generated security password: 1d9c7c10-f09e-4d44-9b84-42f39c3d6309

This generated password is for development use only. Your security configuration must be updated before running your application in production.

2026-05-12T15:40:37.505+08:00  INFO 1064313 --- [media-task-platform-java] [           main] r$InitializeUserDetailsManagerConfigurer : Global AuthenticationManager configured with UserDetailsService bean with name inMemoryUserDetailsManager
2026-05-12T15:40:37.873+08:00  INFO 1064313 --- [media-task-platform-java] [           main] o.s.b.t.m.w.SpringBootMockServletContext : Initializing Spring TestDispatcherServlet ''
2026-05-12T15:40:37.874+08:00  INFO 1064313 --- [media-task-platform-java] [           main] o.s.t.web.servlet.TestDispatcherServlet  : Initializing Servlet ''
2026-05-12T15:40:37.876+08:00  INFO 1064313 --- [media-task-platform-java] [           main] o.s.t.web.servlet.TestDispatcherServlet  : Completed initialization in 2 ms
2026-05-12T15:40:37.904+08:00  INFO 1064313 --- [media-task-platform-java] [           main] com.ryan.media.ContractIT                : Started ContractIT in 2.879 seconds (process running for 3.815)
2026-05-12T15:40:38.727+08:00  INFO 1064313 --- [media-task-platform-java] [           main] t.c.s.AnnotationConfigContextLoaderUtils : Could not detect default configuration classes for test class [com.ryan.media.AuthSecurityTest]: AuthSecurityTest does not declare any static, non-private, non-final, nested classes annotated with @Configuration.
2026-05-12T15:40:38.746+08:00  INFO 1064313 --- [media-task-platform-java] [           main] .b.t.c.SpringBootTestContextBootstrapper : Found @SpringBootConfiguration com.ryan.media.MediaTaskApplication for test class com.ryan.media.AuthSecurityTest

===== post-test status =====
## main...origin/main
 M src/main/java/com/ryan/media/controller/MediaTaskController.java
 M src/test/java/com/ryan/media/ContractIT.java
?? artifacts/logs/week10_problem_detail_contract_20260513.log
?? artifacts/logs/week10_problem_detail_source_map_20260513.log
?? src/main/java/com/ryan/media/controller/ApiExceptionHandler.java
