11:52:34.506 [main] INFO org.springframework.test.context.support.AnnotationConfigContextLoaderUtils -- Could not detect default configuration classes for test class [com.ryan.media.MediaTaskQueryIT]: MediaTaskQueryIT does not declare any static, non-private, non-final, nested classes annotated with @Configuration.
11:52:34.641 [main] INFO org.springframework.boot.test.context.SpringBootTestContextBootstrapper -- Found @SpringBootConfiguration com.ryan.media.MediaTaskApplication for test class com.ryan.media.MediaTaskQueryIT

  .   ____          _            __ _ _
 /\\ / ___'_ __ _ _(_)_ __  __ _ \ \ \ \
( ( )\___ | '_ | '_| | '_ \/ _` | \ \ \ \
 \\/  ___)| |_)| | | | | || (_| |  ) ) ) )
  '  |____| .__|_| |_|_| |_\__, | / / / /
 =========|_|==============|___/=/_/_/_/

 :: Spring Boot ::               (v3.5.13)

2026-05-19T11:52:34.952+08:00  INFO 861991 --- [media-task-platform-java] [           main] com.ryan.media.MediaTaskQueryIT          : Starting MediaTaskQueryIT using Java 21.0.10 with PID 861991 (started by GRT in /home/GRT/work/media-task-platform-java)
2026-05-19T11:52:34.953+08:00  INFO 861991 --- [media-task-platform-java] [           main] com.ryan.media.MediaTaskQueryIT          : No active profile set, falling back to 1 default profile: "default"
2026-05-19T11:52:35.309+08:00  INFO 861991 --- [media-task-platform-java] [           main] beddedDataSourceBeanFactoryPostProcessor : Replacing 'dataSource' DataSource bean with embedded version
2026-05-19T11:52:35.439+08:00  INFO 861991 --- [media-task-platform-java] [           main] o.s.j.d.e.EmbeddedDatabaseFactory        : Starting embedded database: url='jdbc:h2:mem:b69b0852-2f50-488b-af4d-828abb595cd8;DB_CLOSE_DELAY=-1;DB_CLOSE_ON_EXIT=false', username='sa'
2026-05-19T11:52:35.674+08:00  INFO 861991 --- [media-task-platform-java] [           main] com.ryan.media.MediaTaskQueryIT          : Started MediaTaskQueryIT in 0.981 seconds (process running for 1.798)
Mockito is currently self-attaching to enable the inline-mock-maker. This will no longer work in future releases of the JDK. Please add Mockito as an agent to your build as described in Mockito's documentation: https://javadoc.io/doc/org.mockito/mockito-core/latest/org.mockito/org/mockito/Mockito.html#0.3
OpenJDK 64-Bit Server VM warning: Sharing is only supported for boot loader classes because bootstrap classpath has been appended
WARNING: A Java agent has been loaded dynamically (/home/GRT/.m2/repository/net/bytebuddy/byte-buddy-agent/1.17.8/byte-buddy-agent-1.17.8.jar)
WARNING: If a serviceability tool is in use, please run with -XX:+EnableDynamicAgentLoading to hide this warning
WARNING: If a serviceability tool is not in use, please run with -Djdk.instrument.traceUsage for more information
WARNING: Dynamic loading of agents will be disallowed by default in a future release
2026-05-19T11:52:36.506+08:00  INFO 861991 --- [media-task-platform-java] [           main] t.c.s.AnnotationConfigContextLoaderUtils : Could not detect default configuration classes for test class [com.ryan.media.MediaTaskQueryHttpIT]: MediaTaskQueryHttpIT does not declare any static, non-private, non-final, nested classes annotated with @Configuration.
2026-05-19T11:52:36.517+08:00  INFO 861991 --- [media-task-platform-java] [           main] .b.t.c.SpringBootTestContextBootstrapper : Found @SpringBootConfiguration com.ryan.media.MediaTaskApplication for test class com.ryan.media.MediaTaskQueryHttpIT

  .   ____          _            __ _ _
 /\\ / ___'_ __ _ _(_)_ __  __ _ \ \ \ \
( ( )\___ | '_ | '_| | '_ \/ _` | \ \ \ \
 \\/  ___)| |_)| | | | | || (_| |  ) ) ) )
  '  |____| .__|_| |_|_| |_\__, | / / / /
 =========|_|==============|___/=/_/_/_/

 :: Spring Boot ::               (v3.5.13)

2026-05-19T11:52:36.563+08:00  INFO 861991 --- [media-task-platform-java] [           main] com.ryan.media.MediaTaskQueryHttpIT      : Starting MediaTaskQueryHttpIT using Java 21.0.10 with PID 861991 (started by GRT in /home/GRT/work/media-task-platform-java)
2026-05-19T11:52:36.564+08:00  INFO 861991 --- [media-task-platform-java] [           main] com.ryan.media.MediaTaskQueryHttpIT      : No active profile set, falling back to 1 default profile: "default"
2026-05-19T11:52:37.341+08:00  INFO 861991 --- [media-task-platform-java] [           main] .s.d.r.c.RepositoryConfigurationDelegate : Multiple Spring Data modules found, entering strict repository configuration mode
2026-05-19T11:52:37.343+08:00  INFO 861991 --- [media-task-platform-java] [           main] .s.d.r.c.RepositoryConfigurationDelegate : Bootstrapping Spring Data Redis repositories in DEFAULT mode.
2026-05-19T11:52:37.372+08:00  INFO 861991 --- [media-task-platform-java] [           main] .s.d.r.c.RepositoryConfigurationDelegate : Finished Spring Data repository scanning in 11 ms. Found 0 Redis repository interfaces.
2026-05-19T11:52:39.164+08:00  INFO 861991 --- [media-task-platform-java] [           main] o.s.b.a.e.web.EndpointLinksResolver      : Exposing 2 endpoints beneath base path '/actuator'
2026-05-19T11:52:39.248+08:00  WARN 861991 --- [media-task-platform-java] [           main] .s.s.UserDetailsServiceAutoConfiguration : 

Using generated security password: e71fb91c-7753-45ee-9f4c-ee31a4312461

This generated password is for development use only. Your security configuration must be updated before running your application in production.

2026-05-19T11:52:39.256+08:00  INFO 861991 --- [media-task-platform-java] [           main] r$InitializeUserDetailsManagerConfigurer : Global AuthenticationManager configured with UserDetailsService bean with name inMemoryUserDetailsManager
2026-05-19T11:52:39.977+08:00  INFO 861991 --- [media-task-platform-java] [           main] o.s.b.t.m.w.SpringBootMockServletContext : Initializing Spring TestDispatcherServlet ''
2026-05-19T11:52:39.978+08:00  INFO 861991 --- [media-task-platform-java] [           main] o.s.t.web.servlet.TestDispatcherServlet  : Initializing Servlet ''
2026-05-19T11:52:39.980+08:00  INFO 861991 --- [media-task-platform-java] [           main] o.s.t.web.servlet.TestDispatcherServlet  : Completed initialization in 1 ms
2026-05-19T11:52:40.055+08:00  INFO 861991 --- [media-task-platform-java] [           main] com.ryan.media.MediaTaskQueryHttpIT      : Started MediaTaskQueryHttpIT in 3.528 seconds (process running for 6.179)
2026-05-19T11:52:40.207+08:00  INFO 861991 --- [media-task-platform-java] [           main] com.zaxxer.hikari.HikariDataSource       : HikariPool-1 - Starting...
2026-05-19T11:52:40.227+08:00  INFO 861991 --- [media-task-platform-java] [           main] com.zaxxer.hikari.pool.HikariPool        : HikariPool-1 - Added connection conn3: url=jdbc:h2:mem:week11_query_http_it user=SA
2026-05-19T11:52:40.236+08:00  INFO 861991 --- [media-task-platform-java] [           main] com.zaxxer.hikari.HikariDataSource       : HikariPool-1 - Start completed.
2026-05-19T11:52:40.540+08:00  INFO 861991 --- [media-task-platform-java] [           main] t.c.s.AnnotationConfigContextLoaderUtils : Could not detect default configuration classes for test class [com.ryan.media.ContractIT]: ContractIT does not declare any static, non-private, non-final, nested classes annotated with @Configuration.
2026-05-19T11:52:40.556+08:00  INFO 861991 --- [media-task-platform-java] [           main] .b.t.c.SpringBootTestContextBootstrapper : Found @SpringBootConfiguration com.ryan.media.MediaTaskApplication for test class com.ryan.media.ContractIT

  .   ____          _            __ _ _
 /\\ / ___'_ __ _ _(_)_ __  __ _ \ \ \ \
( ( )\___ | '_ | '_| | '_ \/ _` | \ \ \ \
 \\/  ___)| |_)| | | | | || (_| |  ) ) ) )
  '  |____| .__|_| |_|_| |_\__, | / / / /
 =========|_|==============|___/=/_/_/_/

 :: Spring Boot ::               (v3.5.13)

2026-05-19T11:52:40.585+08:00  INFO 861991 --- [media-task-platform-java] [           main] com.ryan.media.ContractIT                : Starting ContractIT using Java 21.0.10 with PID 861991 (started by GRT in /home/GRT/work/media-task-platform-java)
2026-05-19T11:52:40.585+08:00  INFO 861991 --- [media-task-platform-java] [           main] com.ryan.media.ContractIT                : No active profile set, falling back to 1 default profile: "default"
2026-05-19T11:52:40.955+08:00  WARN 861991 --- [media-task-platform-java] [           main] .s.s.UserDetailsServiceAutoConfiguration : 

Using generated security password: fa029eea-bbf1-4a17-b7aa-7ea2e15dbb4b

This generated password is for development use only. Your security configuration must be updated before running your application in production.

2026-05-19T11:52:40.956+08:00  INFO 861991 --- [media-task-platform-java] [           main] r$InitializeUserDetailsManagerConfigurer : Global AuthenticationManager configured with UserDetailsService bean with name inMemoryUserDetailsManager
2026-05-19T11:52:40.994+08:00  INFO 861991 --- [media-task-platform-java] [           main] o.s.b.t.m.w.SpringBootMockServletContext : Initializing Spring TestDispatcherServlet ''
2026-05-19T11:52:40.995+08:00  INFO 861991 --- [media-task-platform-java] [           main] o.s.t.web.servlet.TestDispatcherServlet  : Initializing Servlet ''
2026-05-19T11:52:40.995+08:00  INFO 861991 --- [media-task-platform-java] [           main] o.s.t.web.servlet.TestDispatcherServlet  : Completed initialization in 0 ms
2026-05-19T11:52:41.000+08:00  INFO 861991 --- [media-task-platform-java] [           main] com.ryan.media.ContractIT                : Started ContractIT in 0.44 seconds (process running for 7.124)
