===== patch k6 schema with seeded CREATED task =====

===== schema-k6.sql =====
drop table if exists media_task;

create table media_task (
    id varchar(100) primary key,
    title varchar(255) not null,
    media_type varchar(50) not null,
    status varchar(50) not null,
    created_at timestamp not null,
    updated_at timestamp not null
);

create index idx_media_task_created_at_desc
on media_task (created_at desc);

create index idx_media_task_status_created_at_desc
on media_task (status, created_at desc);

insert into media_task (
    id,
    title,
    media_type,
    status,
    created_at,
    updated_at
) values (
    'week11-k6-seed-created-001',
    'Week11 K6 Seed Created Task',
    'video',
    'CREATED',
    timestamp '2099-05-18 00:00:01',
    timestamp '2099-05-18 00:00:01'
);

===== compile/test targeted set =====
20:57:44.454 [main] INFO org.springframework.test.context.support.AnnotationConfigContextLoaderUtils -- Could not detect default configuration classes for test class [com.ryan.media.MediaTaskQueryIT]: MediaTaskQueryIT does not declare any static, non-private, non-final, nested classes annotated with @Configuration.
20:57:44.607 [main] INFO org.springframework.boot.test.context.SpringBootTestContextBootstrapper -- Found @SpringBootConfiguration com.ryan.media.MediaTaskApplication for test class com.ryan.media.MediaTaskQueryIT

  .   ____          _            __ _ _
 /\\ / ___'_ __ _ _(_)_ __  __ _ \ \ \ \
( ( )\___ | '_ | '_| | '_ \/ _` | \ \ \ \
 \\/  ___)| |_)| | | | | || (_| |  ) ) ) )
  '  |____| .__|_| |_|_| |_\__, | / / / /
 =========|_|==============|___/=/_/_/_/

 :: Spring Boot ::               (v3.5.13)

2026-05-18T20:57:45.018+08:00  INFO 354036 --- [media-task-platform-java] [           main] com.ryan.media.MediaTaskQueryIT          : Starting MediaTaskQueryIT using Java 21.0.10 with PID 354036 (started by GRT in /home/GRT/work/media-task-platform-java)
2026-05-18T20:57:45.020+08:00  INFO 354036 --- [media-task-platform-java] [           main] com.ryan.media.MediaTaskQueryIT          : No active profile set, falling back to 1 default profile: "default"
2026-05-18T20:57:45.433+08:00  INFO 354036 --- [media-task-platform-java] [           main] beddedDataSourceBeanFactoryPostProcessor : Replacing 'dataSource' DataSource bean with embedded version
2026-05-18T20:57:45.573+08:00  INFO 354036 --- [media-task-platform-java] [           main] o.s.j.d.e.EmbeddedDatabaseFactory        : Starting embedded database: url='jdbc:h2:mem:3ada09d2-6690-4d4e-9613-d5ddbac8f646;DB_CLOSE_DELAY=-1;DB_CLOSE_ON_EXIT=false', username='sa'
2026-05-18T20:57:45.827+08:00  INFO 354036 --- [media-task-platform-java] [           main] com.ryan.media.MediaTaskQueryIT          : Started MediaTaskQueryIT in 1.141 seconds (process running for 2.077)
Mockito is currently self-attaching to enable the inline-mock-maker. This will no longer work in future releases of the JDK. Please add Mockito as an agent to your build as described in Mockito's documentation: https://javadoc.io/doc/org.mockito/mockito-core/latest/org.mockito/org/mockito/Mockito.html#0.3
OpenJDK 64-Bit Server VM warning: Sharing is only supported for boot loader classes because bootstrap classpath has been appended
WARNING: A Java agent has been loaded dynamically (/home/GRT/.m2/repository/net/bytebuddy/byte-buddy-agent/1.17.8/byte-buddy-agent-1.17.8.jar)
WARNING: If a serviceability tool is in use, please run with -XX:+EnableDynamicAgentLoading to hide this warning
WARNING: If a serviceability tool is not in use, please run with -Djdk.instrument.traceUsage for more information
WARNING: Dynamic loading of agents will be disallowed by default in a future release
2026-05-18T20:57:46.535+08:00  INFO 354036 --- [media-task-platform-java] [           main] t.c.s.AnnotationConfigContextLoaderUtils : Could not detect default configuration classes for test class [com.ryan.media.MediaTaskQueryHttpIT]: MediaTaskQueryHttpIT does not declare any static, non-private, non-final, nested classes annotated with @Configuration.
2026-05-18T20:57:46.543+08:00  INFO 354036 --- [media-task-platform-java] [           main] .b.t.c.SpringBootTestContextBootstrapper : Found @SpringBootConfiguration com.ryan.media.MediaTaskApplication for test class com.ryan.media.MediaTaskQueryHttpIT

  .   ____          _            __ _ _
 /\\ / ___'_ __ _ _(_)_ __  __ _ \ \ \ \
( ( )\___ | '_ | '_| | '_ \/ _` | \ \ \ \
 \\/  ___)| |_)| | | | | || (_| |  ) ) ) )
  '  |____| .__|_| |_|_| |_\__, | / / / /
 =========|_|==============|___/=/_/_/_/

 :: Spring Boot ::               (v3.5.13)

2026-05-18T20:57:46.580+08:00  INFO 354036 --- [media-task-platform-java] [           main] com.ryan.media.MediaTaskQueryHttpIT      : Starting MediaTaskQueryHttpIT using Java 21.0.10 with PID 354036 (started by GRT in /home/GRT/work/media-task-platform-java)
2026-05-18T20:57:46.580+08:00  INFO 354036 --- [media-task-platform-java] [           main] com.ryan.media.MediaTaskQueryHttpIT      : No active profile set, falling back to 1 default profile: "default"
2026-05-18T20:57:47.218+08:00  INFO 354036 --- [media-task-platform-java] [           main] .s.d.r.c.RepositoryConfigurationDelegate : Multiple Spring Data modules found, entering strict repository configuration mode
2026-05-18T20:57:47.220+08:00  INFO 354036 --- [media-task-platform-java] [           main] .s.d.r.c.RepositoryConfigurationDelegate : Bootstrapping Spring Data Redis repositories in DEFAULT mode.
2026-05-18T20:57:47.240+08:00  INFO 354036 --- [media-task-platform-java] [           main] .s.d.r.c.RepositoryConfigurationDelegate : Finished Spring Data repository scanning in 6 ms. Found 0 Redis repository interfaces.
2026-05-18T20:57:48.731+08:00  INFO 354036 --- [media-task-platform-java] [           main] o.s.b.a.e.web.EndpointLinksResolver      : Exposing 2 endpoints beneath base path '/actuator'
2026-05-18T20:57:48.776+08:00  WARN 354036 --- [media-task-platform-java] [           main] .s.s.UserDetailsServiceAutoConfiguration : 

Using generated security password: fc88c857-84dc-45a7-8e58-85e86ec9d94c

This generated password is for development use only. Your security configuration must be updated before running your application in production.

2026-05-18T20:57:48.784+08:00  INFO 354036 --- [media-task-platform-java] [           main] r$InitializeUserDetailsManagerConfigurer : Global AuthenticationManager configured with UserDetailsService bean with name inMemoryUserDetailsManager
2026-05-18T20:57:49.415+08:00  INFO 354036 --- [media-task-platform-java] [           main] o.s.b.t.m.w.SpringBootMockServletContext : Initializing Spring TestDispatcherServlet ''
2026-05-18T20:57:49.416+08:00  INFO 354036 --- [media-task-platform-java] [           main] o.s.t.web.servlet.TestDispatcherServlet  : Initializing Servlet ''
2026-05-18T20:57:49.418+08:00  INFO 354036 --- [media-task-platform-java] [           main] o.s.t.web.servlet.TestDispatcherServlet  : Completed initialization in 1 ms
2026-05-18T20:57:49.493+08:00  INFO 354036 --- [media-task-platform-java] [           main] com.ryan.media.MediaTaskQueryHttpIT      : Started MediaTaskQueryHttpIT in 2.939 seconds (process running for 5.743)
2026-05-18T20:57:49.604+08:00  INFO 354036 --- [media-task-platform-java] [           main] com.zaxxer.hikari.HikariDataSource       : HikariPool-1 - Starting...
2026-05-18T20:57:49.624+08:00  INFO 354036 --- [media-task-platform-java] [           main] com.zaxxer.hikari.pool.HikariPool        : HikariPool-1 - Added connection conn3: url=jdbc:h2:mem:week11_query_http_it user=SA
2026-05-18T20:57:49.633+08:00  INFO 354036 --- [media-task-platform-java] [           main] com.zaxxer.hikari.HikariDataSource       : HikariPool-1 - Start completed.
2026-05-18T20:57:49.950+08:00  INFO 354036 --- [media-task-platform-java] [           main] t.c.s.AnnotationConfigContextLoaderUtils : Could not detect default configuration classes for test class [com.ryan.media.ContractIT]: ContractIT does not declare any static, non-private, non-final, nested classes annotated with @Configuration.
2026-05-18T20:57:49.970+08:00  INFO 354036 --- [media-task-platform-java] [           main] .b.t.c.SpringBootTestContextBootstrapper : Found @SpringBootConfiguration com.ryan.media.MediaTaskApplication for test class com.ryan.media.ContractIT

  .   ____          _            __ _ _
 /\\ / ___'_ __ _ _(_)_ __  __ _ \ \ \ \
( ( )\___ | '_ | '_| | '_ \/ _` | \ \ \ \
 \\/  ___)| |_)| | | | | || (_| |  ) ) ) )
  '  |____| .__|_| |_|_| |_\__, | / / / /
 =========|_|==============|___/=/_/_/_/

 :: Spring Boot ::               (v3.5.13)

2026-05-18T20:57:50.003+08:00  INFO 354036 --- [media-task-platform-java] [           main] com.ryan.media.ContractIT                : Starting ContractIT using Java 21.0.10 with PID 354036 (started by GRT in /home/GRT/work/media-task-platform-java)
2026-05-18T20:57:50.004+08:00  INFO 354036 --- [media-task-platform-java] [           main] com.ryan.media.ContractIT                : No active profile set, falling back to 1 default profile: "default"
2026-05-18T20:57:50.402+08:00  WARN 354036 --- [media-task-platform-java] [           main] .s.s.UserDetailsServiceAutoConfiguration : 

Using generated security password: 536f321a-9795-442a-932e-79806ed651dc

This generated password is for development use only. Your security configuration must be updated before running your application in production.

2026-05-18T20:57:50.403+08:00  INFO 354036 --- [media-task-platform-java] [           main] r$InitializeUserDetailsManagerConfigurer : Global AuthenticationManager configured with UserDetailsService bean with name inMemoryUserDetailsManager
2026-05-18T20:57:50.438+08:00  INFO 354036 --- [media-task-platform-java] [           main] o.s.b.t.m.w.SpringBootMockServletContext : Initializing Spring TestDispatcherServlet ''
2026-05-18T20:57:50.438+08:00  INFO 354036 --- [media-task-platform-java] [           main] o.s.t.web.servlet.TestDispatcherServlet  : Initializing Servlet ''
2026-05-18T20:57:50.439+08:00  INFO 354036 --- [media-task-platform-java] [           main] o.s.t.web.servlet.TestDispatcherServlet  : Completed initialization in 1 ms
2026-05-18T20:57:50.444+08:00  INFO 354036 --- [media-task-platform-java] [           main] com.ryan.media.ContractIT                : Started ContractIT in 0.47 seconds (process running for 6.694)

===== status =====
## main...origin/main
 M pom.xml
 M src/main/java/com/ryan/media/controller/MediaTaskController.java
 M src/main/java/com/ryan/media/repository/MediaTaskRepository.java
 M src/main/java/com/ryan/media/service/MediaTaskService.java
 M src/test/java/com/ryan/media/ContractIT.java
?? artifacts/logs/week11_contract_query_20260518_163002.log
?? artifacts/logs/week11_contract_query_contractit_fix_20260518_165709.log
?? artifacts/logs/week11_contract_query_repair_20260518_165100.log
?? artifacts/logs/week11_java_app_start_for_k6_20260518_193008.log
?? artifacts/logs/week11_java_app_start_k6_auth_20260518_203251.log
?? artifacts/logs/week11_java_app_start_k6_auth_bcrypt_20260518_204404.log
?? artifacts/logs/week11_java_app_start_k6_forced_args_20260518_194044.log
?? artifacts/logs/week11_java_app_start_k6_main_schema_20260518_194255.log
?? artifacts/logs/week11_java_app_start_k6_profile_20260518_193736.log
?? artifacts/logs/week11_java_k6_bcrypt_user_fix_20260518_204342.log
?? artifacts/logs/week11_java_k6_profile_create_20260518_193730.log
?? artifacts/logs/week11_java_k6_runtime_schema_main_resources_20260518_194249.log
?? artifacts/logs/week11_java_k6_seed_created_task_20260518_205741.log
?? artifacts/logs/week11_java_k6_user_config_20260518_203229.log
?? artifacts/logs/week11_query_http_integration_20260518_174742.log
?? artifacts/logs/week11_query_http_integration_fix_producer_stub_20260518_175127.log
?? artifacts/logs/week11_query_repository_behavior_20260518_172107.log
?? artifacts/logs/week11_query_repository_disable_flyway_20260518_173111.log
?? artifacts/logs/week11_query_repository_jdbc_slice_fix_20260518_172354.log
?? artifacts/logs/week11_query_repository_precise_fix_20260518_173706.log
?? src/main/java/com/ryan/media/model/MediaTaskListResponse.java
?? src/main/java/com/ryan/media/security/K6ProfileUserConfig.java
?? src/main/resources/k6/
?? src/test/java/com/ryan/media/MediaTaskQueryHttpIT.java
?? src/test/java/com/ryan/media/MediaTaskQueryIT.java
?? src/test/resources/
