15:27:59.903 [main] INFO org.testcontainers.images.PullPolicy -- Image pull policy will be performed by: DefaultPullPolicy()
15:27:59.907 [main] INFO org.testcontainers.utility.ImageNameSubstitutor -- Image name substitution will be performed by: DefaultImageNameSubstitutor (composite of 'ConfigurationFileImageNameSubstitutor' and 'PrefixingImageNameSubstitutor')
15:27:59.938 [main] INFO org.testcontainers.DockerClientFactory -- Testcontainers version: 2.0.4
15:28:00.631 [main] INFO org.testcontainers.dockerclient.DockerClientProviderStrategy -- Found Docker environment with Environment variables, system properties and defaults. Resolved dockerHost=unix:///home/GRT/.docker/desktop/docker.sock
15:28:00.633 [main] INFO org.testcontainers.DockerClientFactory -- Docker host IP address is localhost
15:28:00.669 [main] INFO org.testcontainers.DockerClientFactory -- Connected to docker: 
  Server Version: 29.2.1
  API Version: 1.53
  Operating System: Docker Desktop
  Total Memory: 32088 MB
  Labels: 
    com.docker.desktop.address=unix:///home/GRT/.docker/desktop/docker-cli.sock
15:28:00.729 [main] INFO tc.testcontainers/ryuk:0.14.0 -- Creating container for image: testcontainers/ryuk:0.14.0
15:28:00.769 [main] INFO org.testcontainers.utility.RegistryAuthLocator -- Credential helper/store (docker-credential-desktop) does not have credentials for https://index.docker.io/v1/
15:28:01.101 [main] INFO tc.testcontainers/ryuk:0.14.0 -- Container testcontainers/ryuk:0.14.0 is starting: 70fa489316d3be6e4ba80e9541dd093eeaf7ae49c233e2710e7771d78218032e
15:28:02.031 [main] INFO tc.testcontainers/ryuk:0.14.0 -- Container testcontainers/ryuk:0.14.0 started in PT1.301508726S
15:28:02.039 [main] INFO org.testcontainers.utility.RyukResourceReaper -- Ryuk started - will monitor and terminate Testcontainers containers on JVM exit
15:28:02.040 [main] INFO org.testcontainers.DockerClientFactory -- Checking the system...
15:28:02.041 [main] INFO org.testcontainers.DockerClientFactory -- ✔︎ Docker server version should be at least 1.6.0
15:28:02.234 [main] INFO tc.postgres:16-alpine -- Creating container for image: postgres:16-alpine
15:28:02.437 [main] INFO tc.postgres:16-alpine -- Container postgres:16-alpine is starting: 2eeef28e5bc1a2b11ec66f6643f77ab0f74561b5410433690c0547d47f80c04a
15:28:05.270 [main] INFO tc.postgres:16-alpine -- Container postgres:16-alpine started in PT3.035471758S
15:28:05.272 [main] INFO tc.postgres:16-alpine -- Container is started (JDBC URL: jdbc:postgresql://localhost:42343/test?loggerLevel=OFF)

  .   ____          _            __ _ _
 /\\ / ___'_ __ _ _(_)_ __  __ _ \ \ \ \
( ( )\___ | '_ | '_| | '_ \/ _` | \ \ \ \
 \\/  ___)| |_)| | | | | || (_| |  ) ) ) )
  '  |____| .__|_| |_|_| |_\__, | / / / /
 =========|_|==============|___/=/_/_/_/

 :: Spring Boot ::               (v3.5.13)

2026-04-11T15:28:05.642+08:00  INFO 103483 --- [media-task-platform-java] [           main] com.ryan.media.RepositoryIT              : Starting RepositoryIT using Java 21.0.10 with PID 103483 (started by GRT in /home/GRT/work/media-task-platform-java)
2026-04-11T15:28:05.644+08:00  INFO 103483 --- [media-task-platform-java] [           main] com.ryan.media.RepositoryIT              : No active profile set, falling back to 1 default profile: "default"
2026-04-11T15:28:07.247+08:00  INFO 103483 --- [media-task-platform-java] [           main] org.flywaydb.core.FlywayExecutor         : Database: jdbc:postgresql://localhost:42343/test?loggerLevel=OFF (PostgreSQL 16.13)
2026-04-11T15:28:07.313+08:00  INFO 103483 --- [media-task-platform-java] [           main] o.f.c.i.s.JdbcTableSchemaHistory         : Schema history table "public"."flyway_schema_history" does not exist yet
2026-04-11T15:28:07.318+08:00  INFO 103483 --- [media-task-platform-java] [           main] o.f.core.internal.command.DbValidate     : Successfully validated 1 migration (execution time 00:00.023s)
2026-04-11T15:28:07.354+08:00  INFO 103483 --- [media-task-platform-java] [           main] o.f.c.i.s.JdbcTableSchemaHistory         : Creating Schema History table "public"."flyway_schema_history" ...
2026-04-11T15:28:07.489+08:00  INFO 103483 --- [media-task-platform-java] [           main] o.f.core.internal.command.DbMigrate      : Current version of schema "public": << Empty Schema >>
2026-04-11T15:28:07.515+08:00  INFO 103483 --- [media-task-platform-java] [           main] o.f.core.internal.command.DbMigrate      : Migrating schema "public" to version "1 - init"
2026-04-11T15:28:07.621+08:00  INFO 103483 --- [media-task-platform-java] [           main] o.f.core.internal.command.DbMigrate      : Successfully applied 1 migration to schema "public", now at version v1 (execution time 00:00.058s)
2026-04-11T15:28:08.371+08:00  INFO 103483 --- [media-task-platform-java] [           main] o.s.b.a.e.web.EndpointLinksResolver      : Exposing 2 endpoints beneath base path '/actuator'
2026-04-11T15:28:08.428+08:00  INFO 103483 --- [media-task-platform-java] [           main] com.ryan.media.RepositoryIT              : Started RepositoryIT in 3.081 seconds (process running for 9.26)
Mockito is currently self-attaching to enable the inline-mock-maker. This will no longer work in future releases of the JDK. Please add Mockito as an agent to your build as described in Mockito's documentation: https://javadoc.io/doc/org.mockito/mockito-core/latest/org.mockito/org/mockito/Mockito.html#0.3
OpenJDK 64-Bit Server VM warning: Sharing is only supported for boot loader classes because bootstrap classpath has been appended
WARNING: A Java agent has been loaded dynamically (/home/GRT/.m2/repository/net/bytebuddy/byte-buddy-agent/1.17.8/byte-buddy-agent-1.17.8.jar)
WARNING: If a serviceability tool is in use, please run with -XX:+EnableDynamicAgentLoading to hide this warning
WARNING: If a serviceability tool is not in use, please run with -Djdk.instrument.traceUsage for more information
WARNING: Dynamic loading of agents will be disallowed by default in a future release
2026-04-11T15:28:09.243+08:00  INFO 103483 --- [media-task-platform-java] [           main] com.zaxxer.hikari.HikariDataSource       : HikariPool-1 - Starting...
2026-04-11T15:28:09.280+08:00  INFO 103483 --- [media-task-platform-java] [           main] com.zaxxer.hikari.pool.HikariPool        : HikariPool-1 - Added connection org.postgresql.jdbc.PgConnection@3e574f9c
2026-04-11T15:28:09.283+08:00  INFO 103483 --- [media-task-platform-java] [           main] com.zaxxer.hikari.HikariDataSource       : HikariPool-1 - Start completed.
