[INFO] Scanning for projects...
[INFO] 
[INFO] --------------< com.ryan.media:media-task-platform-java >---------------
[INFO] Building media-task-platform-java 0.0.1-SNAPSHOT
[INFO]   from pom.xml
[INFO] --------------------------------[ jar ]---------------------------------
[INFO] 
[INFO] --- resources:3.3.1:resources (default-resources) @ media-task-platform-java ---
[INFO] Copying 2 resources from src/main/resources to target/classes
[INFO] Copying 5 resources from src/main/resources to target/classes
[INFO] 
[INFO] --- compiler:3.14.1:compile (default-compile) @ media-task-platform-java ---
[INFO] Recompiling the module because of changed source code.
[INFO] Compiling 31 source files with javac [debug parameters release 21] to target/classes
[INFO] /home/GRT/work/media-task-platform-java/src/main/java/com/ryan/media/messaging/Consumer.java: /home/GRT/work/media-task-platform-java/src/main/java/com/ryan/media/messaging/Consumer.java使用了未经检查或不安全的操作。
[INFO] /home/GRT/work/media-task-platform-java/src/main/java/com/ryan/media/messaging/Consumer.java: 有关详细信息, 请使用 -Xlint:unchecked 重新编译。
[INFO] 
[INFO] --- resources:3.3.1:testResources (default-testResources) @ media-task-platform-java ---
[INFO] Copying 3 resources from src/test/resources to target/test-classes
[INFO] 
[INFO] --- compiler:3.14.1:testCompile (default-testCompile) @ media-task-platform-java ---
[INFO] Recompiling the module because of changed dependency.
[INFO] Compiling 25 source files with javac [debug parameters release 21] to target/test-classes
[INFO] /home/GRT/work/media-task-platform-java/src/test/java/com/ryan/media/PostgresSmokeIT.java: 某些输入文件使用或覆盖了已过时的 API。
[INFO] /home/GRT/work/media-task-platform-java/src/test/java/com/ryan/media/PostgresSmokeIT.java: 有关详细信息, 请使用 -Xlint:deprecation 重新编译。
[INFO] /home/GRT/work/media-task-platform-java/src/test/java/com/ryan/media/week13/Week13CandidateBankDemoReadinessControllerIT.java: /home/GRT/work/media-task-platform-java/src/test/java/com/ryan/media/week13/Week13CandidateBankDemoReadinessControllerIT.java使用了未经检查或不安全的操作。
[INFO] /home/GRT/work/media-task-platform-java/src/test/java/com/ryan/media/week13/Week13CandidateBankDemoReadinessControllerIT.java: 有关详细信息, 请使用 -Xlint:unchecked 重新编译。
[INFO] 某些消息已经过简化; 请使用 -Xdiags:verbose 重新编译以获得完整输出
[INFO] -------------------------------------------------------------
[WARNING] COMPILATION WARNING : 
[INFO] -------------------------------------------------------------
[WARNING] /home/GRT/work/media-task-platform-java/src/test/java/com/ryan/media/AuthIT.java:[29,6] org.springframework.boot.test.mock.mockito 中的 org.springframework.boot.test.mock.mockito.MockBean 已过时, 且标记为待删除
[WARNING] /home/GRT/work/media-task-platform-java/src/test/java/com/ryan/media/AuthIT.java:[29,6] org.springframework.boot.test.mock.mockito 中的 org.springframework.boot.test.mock.mockito.MockBean 已过时, 且标记为待删除
[WARNING] /home/GRT/work/media-task-platform-java/src/test/java/com/ryan/media/AuthIT.java:[29,6] org.springframework.boot.test.mock.mockito 中的 org.springframework.boot.test.mock.mockito.MockBean 已过时, 且标记为待删除
[WARNING] /home/GRT/work/media-task-platform-java/src/test/java/com/ryan/media/AuthIT.java:[29,6] org.springframework.boot.test.mock.mockito 中的 org.springframework.boot.test.mock.mockito.MockBean 已过时, 且标记为待删除
[WARNING] /home/GRT/work/media-task-platform-java/src/test/java/com/ryan/media/AuthIT.java:[29,6] org.springframework.boot.test.mock.mockito 中的 org.springframework.boot.test.mock.mockito.MockBean 已过时, 且标记为待删除
[WARNING] /home/GRT/work/media-task-platform-java/src/test/java/com/ryan/media/AuthSecurityTest.java:[26,6] org.springframework.boot.test.mock.mockito 中的 org.springframework.boot.test.mock.mockito.MockBean 已过时, 且标记为待删除
[WARNING] /home/GRT/work/media-task-platform-java/src/test/java/com/ryan/media/AuthSecurityTest.java:[26,6] org.springframework.boot.test.mock.mockito 中的 org.springframework.boot.test.mock.mockito.MockBean 已过时, 且标记为待删除
[WARNING] /home/GRT/work/media-task-platform-java/src/test/java/com/ryan/media/AuthSecurityTest.java:[26,6] org.springframework.boot.test.mock.mockito 中的 org.springframework.boot.test.mock.mockito.MockBean 已过时, 且标记为待删除
[WARNING] /home/GRT/work/media-task-platform-java/src/test/java/com/ryan/media/AuthSecurityTest.java:[26,6] org.springframework.boot.test.mock.mockito 中的 org.springframework.boot.test.mock.mockito.MockBean 已过时, 且标记为待删除
[WARNING] /home/GRT/work/media-task-platform-java/src/test/java/com/ryan/media/AuthSecurityTest.java:[26,6] org.springframework.boot.test.mock.mockito 中的 org.springframework.boot.test.mock.mockito.MockBean 已过时, 且标记为待删除
[WARNING] /home/GRT/work/media-task-platform-java/src/test/java/com/ryan/media/AuthSecurityTest.java:[29,6] org.springframework.boot.test.mock.mockito 中的 org.springframework.boot.test.mock.mockito.MockBean 已过时, 且标记为待删除
[WARNING] /home/GRT/work/media-task-platform-java/src/test/java/com/ryan/media/AuthSecurityTest.java:[29,6] org.springframework.boot.test.mock.mockito 中的 org.springframework.boot.test.mock.mockito.MockBean 已过时, 且标记为待删除
[WARNING] /home/GRT/work/media-task-platform-java/src/test/java/com/ryan/media/AuthSecurityTest.java:[29,6] org.springframework.boot.test.mock.mockito 中的 org.springframework.boot.test.mock.mockito.MockBean 已过时, 且标记为待删除
[WARNING] /home/GRT/work/media-task-platform-java/src/test/java/com/ryan/media/AuthSecurityTest.java:[29,6] org.springframework.boot.test.mock.mockito 中的 org.springframework.boot.test.mock.mockito.MockBean 已过时, 且标记为待删除
[WARNING] /home/GRT/work/media-task-platform-java/src/test/java/com/ryan/media/AuthSecurityTest.java:[29,6] org.springframework.boot.test.mock.mockito 中的 org.springframework.boot.test.mock.mockito.MockBean 已过时, 且标记为待删除
[WARNING] /home/GRT/work/media-task-platform-java/src/test/java/com/ryan/media/ContractIT.java:[36,6] org.springframework.boot.test.mock.mockito 中的 org.springframework.boot.test.mock.mockito.MockBean 已过时, 且标记为待删除
[WARNING] /home/GRT/work/media-task-platform-java/src/test/java/com/ryan/media/ContractIT.java:[36,6] org.springframework.boot.test.mock.mockito 中的 org.springframework.boot.test.mock.mockito.MockBean 已过时, 且标记为待删除
[WARNING] /home/GRT/work/media-task-platform-java/src/test/java/com/ryan/media/ContractIT.java:[36,6] org.springframework.boot.test.mock.mockito 中的 org.springframework.boot.test.mock.mockito.MockBean 已过时, 且标记为待删除
[WARNING] /home/GRT/work/media-task-platform-java/src/test/java/com/ryan/media/ContractIT.java:[36,6] org.springframework.boot.test.mock.mockito 中的 org.springframework.boot.test.mock.mockito.MockBean 已过时, 且标记为待删除
[WARNING] /home/GRT/work/media-task-platform-java/src/test/java/com/ryan/media/ContractIT.java:[36,6] org.springframework.boot.test.mock.mockito 中的 org.springframework.boot.test.mock.mockito.MockBean 已过时, 且标记为待删除
[WARNING] /home/GRT/work/media-task-platform-java/src/test/java/com/ryan/media/ContractIT.java:[39,6] org.springframework.boot.test.mock.mockito 中的 org.springframework.boot.test.mock.mockito.MockBean 已过时, 且标记为待删除
[WARNING] /home/GRT/work/media-task-platform-java/src/test/java/com/ryan/media/ContractIT.java:[39,6] org.springframework.boot.test.mock.mockito 中的 org.springframework.boot.test.mock.mockito.MockBean 已过时, 且标记为待删除
[WARNING] /home/GRT/work/media-task-platform-java/src/test/java/com/ryan/media/ContractIT.java:[39,6] org.springframework.boot.test.mock.mockito 中的 org.springframework.boot.test.mock.mockito.MockBean 已过时, 且标记为待删除
[WARNING] /home/GRT/work/media-task-platform-java/src/test/java/com/ryan/media/ContractIT.java:[39,6] org.springframework.boot.test.mock.mockito 中的 org.springframework.boot.test.mock.mockito.MockBean 已过时, 且标记为待删除
[WARNING] /home/GRT/work/media-task-platform-java/src/test/java/com/ryan/media/ContractIT.java:[39,6] org.springframework.boot.test.mock.mockito 中的 org.springframework.boot.test.mock.mockito.MockBean 已过时, 且标记为待删除
[WARNING] /home/GRT/work/media-task-platform-java/src/test/java/com/ryan/media/MediaTaskQueryHttpIT.java:[44,6] org.springframework.boot.test.mock.mockito 中的 org.springframework.boot.test.mock.mockito.MockBean 已过时, 且标记为待删除
[WARNING] /home/GRT/work/media-task-platform-java/src/test/java/com/ryan/media/MediaTaskQueryHttpIT.java:[44,6] org.springframework.boot.test.mock.mockito 中的 org.springframework.boot.test.mock.mockito.MockBean 已过时, 且标记为待删除
[WARNING] /home/GRT/work/media-task-platform-java/src/test/java/com/ryan/media/MediaTaskQueryHttpIT.java:[44,6] org.springframework.boot.test.mock.mockito 中的 org.springframework.boot.test.mock.mockito.MockBean 已过时, 且标记为待删除
[WARNING] /home/GRT/work/media-task-platform-java/src/test/java/com/ryan/media/MediaTaskQueryHttpIT.java:[44,6] org.springframework.boot.test.mock.mockito 中的 org.springframework.boot.test.mock.mockito.MockBean 已过时, 且标记为待删除
[WARNING] /home/GRT/work/media-task-platform-java/src/test/java/com/ryan/media/MediaTaskQueryHttpIT.java:[44,6] org.springframework.boot.test.mock.mockito 中的 org.springframework.boot.test.mock.mockito.MockBean 已过时, 且标记为待删除
[WARNING] /home/GRT/work/media-task-platform-java/src/test/java/com/ryan/media/MediaTaskQueryHttpIT.java:[47,6] org.springframework.boot.test.mock.mockito 中的 org.springframework.boot.test.mock.mockito.MockBean 已过时, 且标记为待删除
[WARNING] /home/GRT/work/media-task-platform-java/src/test/java/com/ryan/media/MediaTaskQueryHttpIT.java:[47,6] org.springframework.boot.test.mock.mockito 中的 org.springframework.boot.test.mock.mockito.MockBean 已过时, 且标记为待删除
[WARNING] /home/GRT/work/media-task-platform-java/src/test/java/com/ryan/media/MediaTaskQueryHttpIT.java:[47,6] org.springframework.boot.test.mock.mockito 中的 org.springframework.boot.test.mock.mockito.MockBean 已过时, 且标记为待删除
[WARNING] /home/GRT/work/media-task-platform-java/src/test/java/com/ryan/media/MediaTaskQueryHttpIT.java:[47,6] org.springframework.boot.test.mock.mockito 中的 org.springframework.boot.test.mock.mockito.MockBean 已过时, 且标记为待删除
[WARNING] /home/GRT/work/media-task-platform-java/src/test/java/com/ryan/media/MediaTaskQueryHttpIT.java:[47,6] org.springframework.boot.test.mock.mockito 中的 org.springframework.boot.test.mock.mockito.MockBean 已过时, 且标记为待删除
[WARNING] /home/GRT/work/media-task-platform-java/src/test/java/com/ryan/media/SmokeTest.java:[15,6] org.springframework.boot.test.mock.mockito 中的 org.springframework.boot.test.mock.mockito.MockBean 已过时, 且标记为待删除
[WARNING] /home/GRT/work/media-task-platform-java/src/test/java/com/ryan/media/SmokeTest.java:[15,6] org.springframework.boot.test.mock.mockito 中的 org.springframework.boot.test.mock.mockito.MockBean 已过时, 且标记为待删除
[WARNING] /home/GRT/work/media-task-platform-java/src/test/java/com/ryan/media/SmokeTest.java:[15,6] org.springframework.boot.test.mock.mockito 中的 org.springframework.boot.test.mock.mockito.MockBean 已过时, 且标记为待删除
[WARNING] /home/GRT/work/media-task-platform-java/src/test/java/com/ryan/media/SmokeTest.java:[15,6] org.springframework.boot.test.mock.mockito 中的 org.springframework.boot.test.mock.mockito.MockBean 已过时, 且标记为待删除
[WARNING] /home/GRT/work/media-task-platform-java/src/test/java/com/ryan/media/SmokeTest.java:[15,6] org.springframework.boot.test.mock.mockito 中的 org.springframework.boot.test.mock.mockito.MockBean 已过时, 且标记为待删除
[INFO] 40 warnings 
[INFO] -------------------------------------------------------------
[INFO] -------------------------------------------------------------
[ERROR] COMPILATION ERROR : 
[INFO] -------------------------------------------------------------
[ERROR] /home/GRT/work/media-task-platform-java/src/test/java/com/ryan/media/week13/Week13CandidateBankDemoReadinessControllerIT.java:[53,29] 无法将类 org.assertj.core.api.AbstractIterableAssert<SELF,ACTUAL,ELEMENT,ELEMENT_ASSERT>中的方法 contains应用到给定类型;
  需要: capture#1, 共 ?[]
  找到:    java.lang.String,java.lang.String,java.lang.String,java.lang.String,java.lang.String,java.lang.String
  原因: varargs 不匹配; java.lang.String无法转换为capture#1, 共 ?
[INFO] 1 error
[INFO] -------------------------------------------------------------
[INFO] ------------------------------------------------------------------------
[INFO] BUILD FAILURE
[INFO] ------------------------------------------------------------------------
[INFO] Total time:  9.838 s
[INFO] Finished at: 2026-06-11T16:11:09+08:00
[INFO] ------------------------------------------------------------------------
[ERROR] Failed to execute goal org.apache.maven.plugins:maven-compiler-plugin:3.14.1:testCompile (default-testCompile) on project media-task-platform-java: Compilation failure
[ERROR] /home/GRT/work/media-task-platform-java/src/test/java/com/ryan/media/week13/Week13CandidateBankDemoReadinessControllerIT.java:[53,29] 无法将类 org.assertj.core.api.AbstractIterableAssert<SELF,ACTUAL,ELEMENT,ELEMENT_ASSERT>中的方法 contains应用到给定类型;
[ERROR]   需要: capture#1, 共 ?[]
[ERROR]   找到:    java.lang.String,java.lang.String,java.lang.String,java.lang.String,java.lang.String,java.lang.String
[ERROR]   原因: varargs 不匹配; java.lang.String无法转换为capture#1, 共 ?
[ERROR] 
[ERROR] -> [Help 1]
[ERROR] 
[ERROR] To see the full stack trace of the errors, re-run Maven with the -e switch.
[ERROR] Re-run Maven using the -X switch to enable full debug logging.
[ERROR] 
[ERROR] For more information about the errors and possible solutions, please read the following articles:
[ERROR] [Help 1] http://cwiki.apache.org/confluence/display/MAVEN/MojoFailureException
