[INFO] Scanning for projects...
[INFO] 
[INFO] --------------< com.ryan.media:media-task-platform-java >---------------
[INFO] Building media-task-platform-java 0.0.1-SNAPSHOT
[INFO]   from pom.xml
[INFO] --------------------------------[ jar ]---------------------------------
[INFO] 
[INFO] --- resources:3.3.1:resources (default-resources) @ media-task-platform-java ---
[INFO] Copying 2 resources from src/main/resources to target/classes
[INFO] Copying 2 resources from src/main/resources to target/classes
[INFO] 
[INFO] --- compiler:3.14.1:compile (default-compile) @ media-task-platform-java ---
[INFO] Nothing to compile - all classes are up to date.
[INFO] 
[INFO] --- resources:3.3.1:testResources (default-testResources) @ media-task-platform-java ---
[INFO] skip non existing resourceDirectory /home/GRT/work/media-task-platform-java/src/test/resources
[INFO] 
[INFO] --- compiler:3.14.1:testCompile (default-testCompile) @ media-task-platform-java ---
[INFO] Nothing to compile - all classes are up to date.
[INFO] 
[INFO] --- surefire:3.5.5:test (default-test) @ media-task-platform-java ---
[INFO] Using auto detected provider org.apache.maven.surefire.junitplatform.JUnitPlatformProvider
[INFO] 
[INFO] -------------------------------------------------------
[INFO]  T E S T S
[INFO] -------------------------------------------------------
[INFO] Running com.ryan.media.QueryPlanIT
15:29:55.802 [main] INFO org.testcontainers.images.PullPolicy -- Image pull policy will be performed by: DefaultPullPolicy()
15:29:55.814 [main] INFO org.testcontainers.utility.ImageNameSubstitutor -- Image name substitution will be performed by: DefaultImageNameSubstitutor (composite of 'ConfigurationFileImageNameSubstitutor' and 'PrefixingImageNameSubstitutor')
15:29:55.905 [main] INFO org.testcontainers.DockerClientFactory -- Testcontainers version: 2.0.4
15:29:57.306 [main] INFO org.testcontainers.dockerclient.DockerClientProviderStrategy -- Found Docker environment with Environment variables, system properties and defaults. Resolved dockerHost=unix:///home/GRT/.docker/desktop/docker.sock
15:29:57.308 [main] INFO org.testcontainers.DockerClientFactory -- Docker host IP address is localhost
15:29:57.336 [main] INFO org.testcontainers.DockerClientFactory -- Connected to docker: 
  Server Version: 29.2.1
  API Version: 1.53
  Operating System: Docker Desktop
  Total Memory: 32088 MB
  Labels: 
    com.docker.desktop.address=unix:///home/GRT/.docker/desktop/docker-cli.sock
15:29:57.401 [main] INFO tc.testcontainers/ryuk:0.14.0 -- Creating container for image: testcontainers/ryuk:0.14.0
15:29:57.455 [main] INFO org.testcontainers.utility.RegistryAuthLocator -- Credential helper/store (docker-credential-desktop) does not have credentials for https://index.docker.io/v1/
15:29:57.783 [main] INFO tc.testcontainers/ryuk:0.14.0 -- Container testcontainers/ryuk:0.14.0 is starting: cee02862b064abcdc4210b7fbb5a33786fed54528aac07bbe54afaa2a1c9086a
15:29:58.709 [main] INFO tc.testcontainers/ryuk:0.14.0 -- Container testcontainers/ryuk:0.14.0 started in PT1.307771901S
15:29:58.718 [main] INFO org.testcontainers.utility.RyukResourceReaper -- Ryuk started - will monitor and terminate Testcontainers containers on JVM exit
15:29:58.719 [main] INFO org.testcontainers.DockerClientFactory -- Checking the system...
15:29:58.719 [main] INFO org.testcontainers.DockerClientFactory -- ✔︎ Docker server version should be at least 1.6.0
15:29:59.342 [main] INFO tc.postgres:16-alpine -- Creating container for image: postgres:16-alpine
15:29:59.647 [main] INFO tc.postgres:16-alpine -- Container postgres:16-alpine is starting: fd23644b894d431839fa81561d11ecd6171973d7d56aa71267d32d1c4e4f189f
15:30:02.469 [main] INFO tc.postgres:16-alpine -- Container postgres:16-alpine started in PT3.126910838S
15:30:02.471 [main] INFO tc.postgres:16-alpine -- Container is started (JDBC URL: jdbc:postgresql://localhost:33501/test?loggerLevel=OFF)

  .   ____          _            __ _ _
 /\\ / ___'_ __ _ _(_)_ __  __ _ \ \ \ \
( ( )\___ | '_ | '_| | '_ \/ _` | \ \ \ \
 \\/  ___)| |_)| | | | | || (_| |  ) ) ) )
  '  |____| .__|_| |_|_| |_\__, | / / / /
 =========|_|==============|___/=/_/_/_/

 :: Spring Boot ::               (v3.5.13)

2026-04-28T15:30:02.959+08:00  INFO 3409117 --- [media-task-platform-java] [           main] com.ryan.media.QueryPlanIT               : Starting QueryPlanIT using Java 21.0.10 with PID 3409117 (started by GRT in /home/GRT/work/media-task-platform-java)
2026-04-28T15:30:02.961+08:00  INFO 3409117 --- [media-task-platform-java] [           main] com.ryan.media.QueryPlanIT               : No active profile set, falling back to 1 default profile: "default"
2026-04-28T15:30:05.904+08:00  INFO 3409117 --- [media-task-platform-java] [           main] .s.d.r.c.RepositoryConfigurationDelegate : Multiple Spring Data modules found, entering strict repository configuration mode
2026-04-28T15:30:05.906+08:00  INFO 3409117 --- [media-task-platform-java] [           main] .s.d.r.c.RepositoryConfigurationDelegate : Bootstrapping Spring Data Redis repositories in DEFAULT mode.
2026-04-28T15:30:06.002+08:00  INFO 3409117 --- [media-task-platform-java] [           main] .s.d.r.c.RepositoryConfigurationDelegate : Finished Spring Data repository scanning in 45 ms. Found 0 Redis repository interfaces.
2026-04-28T15:30:07.461+08:00  INFO 3409117 --- [media-task-platform-java] [           main] org.flywaydb.core.FlywayExecutor         : Database: jdbc:postgresql://localhost:33501/test?loggerLevel=OFF (PostgreSQL 16.13)
2026-04-28T15:30:07.557+08:00  INFO 3409117 --- [media-task-platform-java] [           main] o.f.c.i.s.JdbcTableSchemaHistory         : Schema history table "public"."flyway_schema_history" does not exist yet
2026-04-28T15:30:07.564+08:00  INFO 3409117 --- [media-task-platform-java] [           main] o.f.core.internal.command.DbValidate     : Successfully validated 2 migrations (execution time 00:00.066s)
2026-04-28T15:30:07.609+08:00  INFO 3409117 --- [media-task-platform-java] [           main] o.f.c.i.s.JdbcTableSchemaHistory         : Creating Schema History table "public"."flyway_schema_history" ...
2026-04-28T15:30:07.764+08:00  INFO 3409117 --- [media-task-platform-java] [           main] o.f.core.internal.command.DbMigrate      : Current version of schema "public": << Empty Schema >>
2026-04-28T15:30:07.778+08:00  INFO 3409117 --- [media-task-platform-java] [           main] o.f.core.internal.command.DbMigrate      : Migrating schema "public" to version "1 - init"
2026-04-28T15:30:07.870+08:00  INFO 3409117 --- [media-task-platform-java] [           main] o.f.core.internal.command.DbMigrate      : Migrating schema "public" to version "2 - indexes"
2026-04-28T15:30:07.922+08:00  INFO 3409117 --- [media-task-platform-java] [           main] o.f.core.internal.command.DbMigrate      : Successfully applied 2 migrations to schema "public", now at version v2 (execution time 00:00.067s)
2026-04-28T15:30:09.406+08:00  INFO 3409117 --- [media-task-platform-java] [           main] o.s.b.a.e.web.EndpointLinksResolver      : Exposing 2 endpoints beneath base path '/actuator'
2026-04-28T15:30:09.463+08:00  WARN 3409117 --- [media-task-platform-java] [           main] .s.s.UserDetailsServiceAutoConfiguration : 

Using generated security password: 0de4c39c-2a53-4980-85d3-087a27798e7d

This generated password is for development use only. Your security configuration must be updated before running your application in production.

2026-04-28T15:30:09.536+08:00  INFO 3409117 --- [media-task-platform-java] [           main] r$InitializeUserDetailsManagerConfigurer : Global AuthenticationManager configured with UserDetailsService bean with name inMemoryUserDetailsManager
2026-04-28T15:30:10.137+08:00  INFO 3409117 --- [media-task-platform-java] [           main] com.ryan.media.QueryPlanIT               : Started QueryPlanIT in 7.59 seconds (process running for 18.42)
2026-04-28T15:30:11.093+08:00  INFO 3409117 --- [media-task-platform-java] [           main] com.zaxxer.hikari.HikariDataSource       : HikariPool-1 - Starting...
2026-04-28T15:30:11.121+08:00  INFO 3409117 --- [media-task-platform-java] [           main] com.zaxxer.hikari.pool.HikariPool        : HikariPool-1 - Added connection org.postgresql.jdbc.PgConnection@2541b4d3
2026-04-28T15:30:11.124+08:00  INFO 3409117 --- [media-task-platform-java] [           main] com.zaxxer.hikari.HikariDataSource       : HikariPool-1 - Start completed.
[INFO] Tests run: 1, Failures: 0, Errors: 0, Skipped: 0, Time elapsed: 16.94 s -- in com.ryan.media.QueryPlanIT
[INFO] 
[INFO] Results:
[INFO] 
[INFO] Tests run: 1, Failures: 0, Errors: 0, Skipped: 0
[INFO] 
[INFO] ------------------------------------------------------------------------
[INFO] BUILD SUCCESS
[INFO] ------------------------------------------------------------------------
[INFO] Total time:  30.584 s
[INFO] Finished at: 2026-04-28T15:30:17+08:00
[INFO] ------------------------------------------------------------------------
