[INFO] Scanning for projects...
[INFO] 
[INFO] --------------< com.ryan.media:media-task-platform-java >---------------
[INFO] Building media-task-platform-java 0.0.1-SNAPSHOT
[INFO]   from pom.xml
[INFO] --------------------------------[ jar ]---------------------------------
[INFO] 
[INFO] --- resources:3.3.1:resources (default-resources) @ media-task-platform-java ---
[INFO] Copying 2 resources from src/main/resources to target/classes
[INFO] Copying 5 resources from src/main/resources to target/classes
[INFO] 
[INFO] --- compiler:3.14.1:compile (default-compile) @ media-task-platform-java ---
[INFO] Recompiling the module because of changed source code.
[INFO] Compiling 33 source files with javac [debug parameters release 21] to target/classes
[INFO] /home/GRT/work/media-task-platform-java/src/main/java/com/ryan/media/messaging/Consumer.java: /home/GRT/work/media-task-platform-java/src/main/java/com/ryan/media/messaging/Consumer.java使用了未经检查或不安全的操作。
[INFO] /home/GRT/work/media-task-platform-java/src/main/java/com/ryan/media/messaging/Consumer.java: 有关详细信息, 请使用 -Xlint:unchecked 重新编译。
[INFO] 
[INFO] --- resources:3.3.1:testResources (default-testResources) @ media-task-platform-java ---
[INFO] Copying 3 resources from src/test/resources to target/test-classes
[INFO] 
[INFO] --- compiler:3.14.1:testCompile (default-testCompile) @ media-task-platform-java ---
[INFO] Recompiling the module because of changed dependency.
[INFO] Compiling 27 source files with javac [debug parameters release 21] to target/test-classes
[WARNING] /home/GRT/work/media-task-platform-java/src/test/java/com/ryan/media/AuthIT.java:[29,6] org.springframework.boot.test.mock.mockito 中的 org.springframework.boot.test.mock.mockito.MockBean 已过时, 且标记为待删除
[WARNING] /home/GRT/work/media-task-platform-java/src/test/java/com/ryan/media/AuthIT.java:[29,6] org.springframework.boot.test.mock.mockito 中的 org.springframework.boot.test.mock.mockito.MockBean 已过时, 且标记为待删除
[WARNING] /home/GRT/work/media-task-platform-java/src/test/java/com/ryan/media/AuthIT.java:[29,6] org.springframework.boot.test.mock.mockito 中的 org.springframework.boot.test.mock.mockito.MockBean 已过时, 且标记为待删除
[WARNING] /home/GRT/work/media-task-platform-java/src/test/java/com/ryan/media/AuthIT.java:[29,6] org.springframework.boot.test.mock.mockito 中的 org.springframework.boot.test.mock.mockito.MockBean 已过时, 且标记为待删除
[WARNING] /home/GRT/work/media-task-platform-java/src/test/java/com/ryan/media/AuthIT.java:[29,6] org.springframework.boot.test.mock.mockito 中的 org.springframework.boot.test.mock.mockito.MockBean 已过时, 且标记为待删除
[WARNING] /home/GRT/work/media-task-platform-java/src/test/java/com/ryan/media/AuthSecurityTest.java:[26,6] org.springframework.boot.test.mock.mockito 中的 org.springframework.boot.test.mock.mockito.MockBean 已过时, 且标记为待删除
[WARNING] /home/GRT/work/media-task-platform-java/src/test/java/com/ryan/media/AuthSecurityTest.java:[26,6] org.springframework.boot.test.mock.mockito 中的 org.springframework.boot.test.mock.mockito.MockBean 已过时, 且标记为待删除
[WARNING] /home/GRT/work/media-task-platform-java/src/test/java/com/ryan/media/AuthSecurityTest.java:[26,6] org.springframework.boot.test.mock.mockito 中的 org.springframework.boot.test.mock.mockito.MockBean 已过时, 且标记为待删除
[WARNING] /home/GRT/work/media-task-platform-java/src/test/java/com/ryan/media/AuthSecurityTest.java:[26,6] org.springframework.boot.test.mock.mockito 中的 org.springframework.boot.test.mock.mockito.MockBean 已过时, 且标记为待删除
[WARNING] /home/GRT/work/media-task-platform-java/src/test/java/com/ryan/media/AuthSecurityTest.java:[26,6] org.springframework.boot.test.mock.mockito 中的 org.springframework.boot.test.mock.mockito.MockBean 已过时, 且标记为待删除
[WARNING] /home/GRT/work/media-task-platform-java/src/test/java/com/ryan/media/AuthSecurityTest.java:[29,6] org.springframework.boot.test.mock.mockito 中的 org.springframework.boot.test.mock.mockito.MockBean 已过时, 且标记为待删除
[WARNING] /home/GRT/work/media-task-platform-java/src/test/java/com/ryan/media/AuthSecurityTest.java:[29,6] org.springframework.boot.test.mock.mockito 中的 org.springframework.boot.test.mock.mockito.MockBean 已过时, 且标记为待删除
[WARNING] /home/GRT/work/media-task-platform-java/src/test/java/com/ryan/media/AuthSecurityTest.java:[29,6] org.springframework.boot.test.mock.mockito 中的 org.springframework.boot.test.mock.mockito.MockBean 已过时, 且标记为待删除
[WARNING] /home/GRT/work/media-task-platform-java/src/test/java/com/ryan/media/AuthSecurityTest.java:[29,6] org.springframework.boot.test.mock.mockito 中的 org.springframework.boot.test.mock.mockito.MockBean 已过时, 且标记为待删除
[WARNING] /home/GRT/work/media-task-platform-java/src/test/java/com/ryan/media/AuthSecurityTest.java:[29,6] org.springframework.boot.test.mock.mockito 中的 org.springframework.boot.test.mock.mockito.MockBean 已过时, 且标记为待删除
[WARNING] /home/GRT/work/media-task-platform-java/src/test/java/com/ryan/media/ContractIT.java:[36,6] org.springframework.boot.test.mock.mockito 中的 org.springframework.boot.test.mock.mockito.MockBean 已过时, 且标记为待删除
[WARNING] /home/GRT/work/media-task-platform-java/src/test/java/com/ryan/media/ContractIT.java:[36,6] org.springframework.boot.test.mock.mockito 中的 org.springframework.boot.test.mock.mockito.MockBean 已过时, 且标记为待删除
[WARNING] /home/GRT/work/media-task-platform-java/src/test/java/com/ryan/media/ContractIT.java:[36,6] org.springframework.boot.test.mock.mockito 中的 org.springframework.boot.test.mock.mockito.MockBean 已过时, 且标记为待删除
[WARNING] /home/GRT/work/media-task-platform-java/src/test/java/com/ryan/media/ContractIT.java:[36,6] org.springframework.boot.test.mock.mockito 中的 org.springframework.boot.test.mock.mockito.MockBean 已过时, 且标记为待删除
[WARNING] /home/GRT/work/media-task-platform-java/src/test/java/com/ryan/media/ContractIT.java:[36,6] org.springframework.boot.test.mock.mockito 中的 org.springframework.boot.test.mock.mockito.MockBean 已过时, 且标记为待删除
[WARNING] /home/GRT/work/media-task-platform-java/src/test/java/com/ryan/media/ContractIT.java:[39,6] org.springframework.boot.test.mock.mockito 中的 org.springframework.boot.test.mock.mockito.MockBean 已过时, 且标记为待删除
[WARNING] /home/GRT/work/media-task-platform-java/src/test/java/com/ryan/media/ContractIT.java:[39,6] org.springframework.boot.test.mock.mockito 中的 org.springframework.boot.test.mock.mockito.MockBean 已过时, 且标记为待删除
[WARNING] /home/GRT/work/media-task-platform-java/src/test/java/com/ryan/media/ContractIT.java:[39,6] org.springframework.boot.test.mock.mockito 中的 org.springframework.boot.test.mock.mockito.MockBean 已过时, 且标记为待删除
[WARNING] /home/GRT/work/media-task-platform-java/src/test/java/com/ryan/media/ContractIT.java:[39,6] org.springframework.boot.test.mock.mockito 中的 org.springframework.boot.test.mock.mockito.MockBean 已过时, 且标记为待删除
[WARNING] /home/GRT/work/media-task-platform-java/src/test/java/com/ryan/media/ContractIT.java:[39,6] org.springframework.boot.test.mock.mockito 中的 org.springframework.boot.test.mock.mockito.MockBean 已过时, 且标记为待删除
[WARNING] /home/GRT/work/media-task-platform-java/src/test/java/com/ryan/media/MediaTaskQueryHttpIT.java:[44,6] org.springframework.boot.test.mock.mockito 中的 org.springframework.boot.test.mock.mockito.MockBean 已过时, 且标记为待删除
[WARNING] /home/GRT/work/media-task-platform-java/src/test/java/com/ryan/media/MediaTaskQueryHttpIT.java:[44,6] org.springframework.boot.test.mock.mockito 中的 org.springframework.boot.test.mock.mockito.MockBean 已过时, 且标记为待删除
[WARNING] /home/GRT/work/media-task-platform-java/src/test/java/com/ryan/media/MediaTaskQueryHttpIT.java:[44,6] org.springframework.boot.test.mock.mockito 中的 org.springframework.boot.test.mock.mockito.MockBean 已过时, 且标记为待删除
[WARNING] /home/GRT/work/media-task-platform-java/src/test/java/com/ryan/media/MediaTaskQueryHttpIT.java:[44,6] org.springframework.boot.test.mock.mockito 中的 org.springframework.boot.test.mock.mockito.MockBean 已过时, 且标记为待删除
[WARNING] /home/GRT/work/media-task-platform-java/src/test/java/com/ryan/media/MediaTaskQueryHttpIT.java:[44,6] org.springframework.boot.test.mock.mockito 中的 org.springframework.boot.test.mock.mockito.MockBean 已过时, 且标记为待删除
[WARNING] /home/GRT/work/media-task-platform-java/src/test/java/com/ryan/media/MediaTaskQueryHttpIT.java:[47,6] org.springframework.boot.test.mock.mockito 中的 org.springframework.boot.test.mock.mockito.MockBean 已过时, 且标记为待删除
[WARNING] /home/GRT/work/media-task-platform-java/src/test/java/com/ryan/media/MediaTaskQueryHttpIT.java:[47,6] org.springframework.boot.test.mock.mockito 中的 org.springframework.boot.test.mock.mockito.MockBean 已过时, 且标记为待删除
[WARNING] /home/GRT/work/media-task-platform-java/src/test/java/com/ryan/media/MediaTaskQueryHttpIT.java:[47,6] org.springframework.boot.test.mock.mockito 中的 org.springframework.boot.test.mock.mockito.MockBean 已过时, 且标记为待删除
[WARNING] /home/GRT/work/media-task-platform-java/src/test/java/com/ryan/media/MediaTaskQueryHttpIT.java:[47,6] org.springframework.boot.test.mock.mockito 中的 org.springframework.boot.test.mock.mockito.MockBean 已过时, 且标记为待删除
[WARNING] /home/GRT/work/media-task-platform-java/src/test/java/com/ryan/media/MediaTaskQueryHttpIT.java:[47,6] org.springframework.boot.test.mock.mockito 中的 org.springframework.boot.test.mock.mockito.MockBean 已过时, 且标记为待删除
[WARNING] /home/GRT/work/media-task-platform-java/src/test/java/com/ryan/media/SmokeTest.java:[15,6] org.springframework.boot.test.mock.mockito 中的 org.springframework.boot.test.mock.mockito.MockBean 已过时, 且标记为待删除
[WARNING] /home/GRT/work/media-task-platform-java/src/test/java/com/ryan/media/SmokeTest.java:[15,6] org.springframework.boot.test.mock.mockito 中的 org.springframework.boot.test.mock.mockito.MockBean 已过时, 且标记为待删除
[WARNING] /home/GRT/work/media-task-platform-java/src/test/java/com/ryan/media/SmokeTest.java:[15,6] org.springframework.boot.test.mock.mockito 中的 org.springframework.boot.test.mock.mockito.MockBean 已过时, 且标记为待删除
[WARNING] /home/GRT/work/media-task-platform-java/src/test/java/com/ryan/media/SmokeTest.java:[15,6] org.springframework.boot.test.mock.mockito 中的 org.springframework.boot.test.mock.mockito.MockBean 已过时, 且标记为待删除
[WARNING] /home/GRT/work/media-task-platform-java/src/test/java/com/ryan/media/SmokeTest.java:[15,6] org.springframework.boot.test.mock.mockito 中的 org.springframework.boot.test.mock.mockito.MockBean 已过时, 且标记为待删除
[INFO] /home/GRT/work/media-task-platform-java/src/test/java/com/ryan/media/PostgresSmokeIT.java: 某些输入文件使用或覆盖了已过时的 API。
[INFO] /home/GRT/work/media-task-platform-java/src/test/java/com/ryan/media/PostgresSmokeIT.java: 有关详细信息, 请使用 -Xlint:deprecation 重新编译。
[INFO] /home/GRT/work/media-task-platform-java/src/test/java/com/ryan/media/week13/Week13CandidateBankDemoReadinessControllerIT.java: /home/GRT/work/media-task-platform-java/src/test/java/com/ryan/media/week13/Week13CandidateBankDemoReadinessControllerIT.java使用了未经检查或不安全的操作。
[INFO] /home/GRT/work/media-task-platform-java/src/test/java/com/ryan/media/week13/Week13CandidateBankDemoReadinessControllerIT.java: 有关详细信息, 请使用 -Xlint:unchecked 重新编译。
[INFO] 
[INFO] --- surefire:3.5.5:test (default-test) @ media-task-platform-java ---
[INFO] Using auto detected provider org.apache.maven.surefire.junitplatform.JUnitPlatformProvider
[INFO] 
[INFO] -------------------------------------------------------
[INFO]  T E S T S
[INFO] -------------------------------------------------------
[INFO] Running com.ryan.media.controller.Week15TemporalAlignmentScoreSummaryIT
20:12:57.025 [main] INFO org.springframework.test.context.support.AnnotationConfigContextLoaderUtils -- Could not detect default configuration classes for test class [com.ryan.media.controller.Week15TemporalAlignmentScoreSummaryIT]: Week15TemporalAlignmentScoreSummaryIT does not declare any static, non-private, non-final, nested classes annotated with @Configuration.
20:12:57.221 [main] INFO org.springframework.boot.test.context.SpringBootTestContextBootstrapper -- Found @SpringBootConfiguration com.ryan.media.MediaTaskApplication for test class com.ryan.media.controller.Week15TemporalAlignmentScoreSummaryIT

  .   ____          _            __ _ _
 /\\ / ___'_ __ _ _(_)_ __  __ _ \ \ \ \
( ( )\___ | '_ | '_| | '_ \/ _` | \ \ \ \
 \\/  ___)| |_)| | | | | || (_| |  ) ) ) )
  '  |____| .__|_| |_|_| |_\__, | / / / /
 =========|_|==============|___/=/_/_/_/

 :: Spring Boot ::               (v3.5.13)

2026-06-15T20:12:57.619+08:00  INFO 3236939 --- [media-task-platform-java] [           main] .c.Week15TemporalAlignmentScoreSummaryIT : Starting Week15TemporalAlignmentScoreSummaryIT using Java 21.0.10 with PID 3236939 (started by GRT in /home/GRT/work/media-task-platform-java)
2026-06-15T20:12:57.620+08:00  INFO 3236939 --- [media-task-platform-java] [           main] .c.Week15TemporalAlignmentScoreSummaryIT : No active profile set, falling back to 1 default profile: "default"
2026-06-15T20:12:58.681+08:00  INFO 3236939 --- [media-task-platform-java] [           main] .s.d.r.c.RepositoryConfigurationDelegate : Multiple Spring Data modules found, entering strict repository configuration mode
2026-06-15T20:12:58.683+08:00  INFO 3236939 --- [media-task-platform-java] [           main] .s.d.r.c.RepositoryConfigurationDelegate : Bootstrapping Spring Data Redis repositories in DEFAULT mode.
2026-06-15T20:12:58.718+08:00  INFO 3236939 --- [media-task-platform-java] [           main] .s.d.r.c.RepositoryConfigurationDelegate : Finished Spring Data repository scanning in 17 ms. Found 0 Redis repository interfaces.
2026-06-15T20:12:59.406+08:00  INFO 3236939 --- [media-task-platform-java] [           main] o.s.b.w.embedded.tomcat.TomcatWebServer  : Tomcat initialized with port 0 (http)
2026-06-15T20:12:59.424+08:00  INFO 3236939 --- [media-task-platform-java] [           main] o.apache.catalina.core.StandardService   : Starting service [Tomcat]
2026-06-15T20:12:59.425+08:00  INFO 3236939 --- [media-task-platform-java] [           main] o.apache.catalina.core.StandardEngine    : Starting Servlet engine: [Apache Tomcat/10.1.53]
2026-06-15T20:12:59.475+08:00  INFO 3236939 --- [media-task-platform-java] [           main] o.a.c.c.C.[Tomcat].[localhost].[/]       : Initializing Spring embedded WebApplicationContext
2026-06-15T20:12:59.477+08:00  INFO 3236939 --- [media-task-platform-java] [           main] w.s.c.ServletWebServerApplicationContext : Root WebApplicationContext: initialization completed in 1825 ms
2026-06-15T20:12:59.883+08:00  INFO 3236939 --- [media-task-platform-java] [           main] com.zaxxer.hikari.HikariDataSource       : HikariPool-1 - Starting...
2026-06-15T20:13:00.066+08:00  INFO 3236939 --- [media-task-platform-java] [           main] com.zaxxer.hikari.pool.HikariPool        : HikariPool-1 - Added connection conn0: url=jdbc:h2:mem:4100bc34-f0a7-4aec-8159-90a2ef2bbb7f user=SA
2026-06-15T20:13:00.069+08:00  INFO 3236939 --- [media-task-platform-java] [           main] com.zaxxer.hikari.HikariDataSource       : HikariPool-1 - Start completed.
2026-06-15T20:13:00.128+08:00  INFO 3236939 --- [media-task-platform-java] [           main] org.flywaydb.core.FlywayExecutor         : Database: jdbc:h2:mem:4100bc34-f0a7-4aec-8159-90a2ef2bbb7f (H2 2.3)
2026-06-15T20:13:00.169+08:00  INFO 3236939 --- [media-task-platform-java] [           main] o.f.c.i.s.JdbcTableSchemaHistory         : Schema history table "PUBLIC"."flyway_schema_history" does not exist yet
2026-06-15T20:13:00.172+08:00  INFO 3236939 --- [media-task-platform-java] [           main] o.f.core.internal.command.DbValidate     : Successfully validated 2 migrations (execution time 00:00.014s)
2026-06-15T20:13:00.180+08:00  INFO 3236939 --- [media-task-platform-java] [           main] o.f.c.i.s.JdbcTableSchemaHistory         : Creating Schema History table "PUBLIC"."flyway_schema_history" ...
2026-06-15T20:13:00.221+08:00  INFO 3236939 --- [media-task-platform-java] [           main] o.f.core.internal.command.DbMigrate      : Current version of schema "PUBLIC": << Empty Schema >>
2026-06-15T20:13:00.230+08:00  INFO 3236939 --- [media-task-platform-java] [           main] o.f.core.internal.command.DbMigrate      : Migrating schema "PUBLIC" to version "1 - init"
2026-06-15T20:13:00.248+08:00  INFO 3236939 --- [media-task-platform-java] [           main] o.f.core.internal.command.DbMigrate      : Migrating schema "PUBLIC" to version "2 - indexes"
2026-06-15T20:13:00.259+08:00  INFO 3236939 --- [media-task-platform-java] [           main] o.f.core.internal.command.DbMigrate      : Successfully applied 2 migrations to schema "PUBLIC", now at version v2 (execution time 00:00.010s)
2026-06-15T20:13:00.844+08:00  INFO 3236939 --- [media-task-platform-java] [           main] o.s.b.a.e.web.EndpointLinksResolver      : Exposing 2 endpoints beneath base path '/actuator'
2026-06-15T20:13:00.873+08:00  WARN 3236939 --- [media-task-platform-java] [           main] .s.s.UserDetailsServiceAutoConfiguration : 

Using generated security password: b1bdef15-e100-42fa-a93d-339dabee8201

This generated password is for development use only. Your security configuration must be updated before running your application in production.

2026-06-15T20:13:00.880+08:00  INFO 3236939 --- [media-task-platform-java] [           main] r$InitializeUserDetailsManagerConfigurer : Global AuthenticationManager configured with UserDetailsService bean with name inMemoryUserDetailsManager
2026-06-15T20:13:01.498+08:00  INFO 3236939 --- [media-task-platform-java] [           main] o.s.b.w.embedded.tomcat.TomcatWebServer  : Tomcat started on port 45277 (http) with context path '/'
2026-06-15T20:13:01.513+08:00  INFO 3236939 --- [media-task-platform-java] [           main] .c.Week15TemporalAlignmentScoreSummaryIT : Started Week15TemporalAlignmentScoreSummaryIT in 4.176 seconds (process running for 5.15)
2026-06-15T20:13:02.260+08:00  INFO 3236939 --- [media-task-platform-java] [o-auto-1-exec-1] o.a.c.c.C.[Tomcat].[localhost].[/]       : Initializing Spring DispatcherServlet 'dispatcherServlet'
2026-06-15T20:13:02.260+08:00  INFO 3236939 --- [media-task-platform-java] [o-auto-1-exec-1] o.s.web.servlet.DispatcherServlet        : Initializing Servlet 'dispatcherServlet'
2026-06-15T20:13:02.262+08:00  INFO 3236939 --- [media-task-platform-java] [o-auto-1-exec-1] o.s.web.servlet.DispatcherServlet        : Completed initialization in 1 ms
[INFO] Tests run: 1, Failures: 0, Errors: 0, Skipped: 0, Time elapsed: 5.536 s -- in com.ryan.media.controller.Week15TemporalAlignmentScoreSummaryIT
[INFO] 
[INFO] Results:
[INFO] 
[INFO] Tests run: 1, Failures: 0, Errors: 0, Skipped: 0
[INFO] 
[INFO] ------------------------------------------------------------------------
[INFO] BUILD SUCCESS
[INFO] ------------------------------------------------------------------------
[INFO] Total time:  11.242 s
[INFO] Finished at: 2026-06-15T20:13:02+08:00
[INFO] ------------------------------------------------------------------------
