12:00:57.654 [main] INFO org.springframework.test.context.support.AnnotationConfigContextLoaderUtils -- Could not detect default configuration classes for test class [com.ryan.media.MediaTaskQueryIT]: MediaTaskQueryIT does not declare any static, non-private, non-final, nested classes annotated with @Configuration.
12:00:57.815 [main] INFO org.springframework.boot.test.context.SpringBootTestContextBootstrapper -- Found @SpringBootConfiguration com.ryan.media.MediaTaskApplication for test class com.ryan.media.MediaTaskQueryIT

  .   ____          _            __ _ _
 /\\ / ___'_ __ _ _(_)_ __  __ _ \ \ \ \
( ( )\___ | '_ | '_| | '_ \/ _` | \ \ \ \
 \\/  ___)| |_)| | | | | || (_| |  ) ) ) )
  '  |____| .__|_| |_|_| |_\__, | / / / /
 =========|_|==============|___/=/_/_/_/

 :: Spring Boot ::               (v3.5.13)

2026-05-19T12:00:58.231+08:00  INFO 869058 --- [media-task-platform-java] [           main] com.ryan.media.MediaTaskQueryIT          : Starting MediaTaskQueryIT using Java 21.0.10 with PID 869058 (started by GRT in /home/GRT/work/media-task-platform-java)
2026-05-19T12:00:58.233+08:00  INFO 869058 --- [media-task-platform-java] [           main] com.ryan.media.MediaTaskQueryIT          : No active profile set, falling back to 1 default profile: "default"
2026-05-19T12:00:58.657+08:00  INFO 869058 --- [media-task-platform-java] [           main] beddedDataSourceBeanFactoryPostProcessor : Replacing 'dataSource' DataSource bean with embedded version
2026-05-19T12:00:58.806+08:00  INFO 869058 --- [media-task-platform-java] [           main] o.s.j.d.e.EmbeddedDatabaseFactory        : Starting embedded database: url='jdbc:h2:mem:8de8c0c8-d07e-46a2-a716-4d81c2eece92;DB_CLOSE_DELAY=-1;DB_CLOSE_ON_EXIT=false', username='sa'
2026-05-19T12:00:59.062+08:00  INFO 869058 --- [media-task-platform-java] [           main] com.ryan.media.MediaTaskQueryIT          : Started MediaTaskQueryIT in 1.185 seconds (process running for 2.122)
Mockito is currently self-attaching to enable the inline-mock-maker. This will no longer work in future releases of the JDK. Please add Mockito as an agent to your build as described in Mockito's documentation: https://javadoc.io/doc/org.mockito/mockito-core/latest/org.mockito/org/mockito/Mockito.html#0.3
OpenJDK 64-Bit Server VM warning: Sharing is only supported for boot loader classes because bootstrap classpath has been appended
WARNING: A Java agent has been loaded dynamically (/home/GRT/.m2/repository/net/bytebuddy/byte-buddy-agent/1.17.8/byte-buddy-agent-1.17.8.jar)
WARNING: If a serviceability tool is in use, please run with -XX:+EnableDynamicAgentLoading to hide this warning
WARNING: If a serviceability tool is not in use, please run with -Djdk.instrument.traceUsage for more information
WARNING: Dynamic loading of agents will be disallowed by default in a future release
2026-05-19T12:00:59.868+08:00  INFO 869058 --- [media-task-platform-java] [           main] t.c.s.AnnotationConfigContextLoaderUtils : Could not detect default configuration classes for test class [com.ryan.media.MediaTaskQueryHttpIT]: MediaTaskQueryHttpIT does not declare any static, non-private, non-final, nested classes annotated with @Configuration.
2026-05-19T12:00:59.879+08:00  INFO 869058 --- [media-task-platform-java] [           main] .b.t.c.SpringBootTestContextBootstrapper : Found @SpringBootConfiguration com.ryan.media.MediaTaskApplication for test class com.ryan.media.MediaTaskQueryHttpIT

  .   ____          _            __ _ _
 /\\ / ___'_ __ _ _(_)_ __  __ _ \ \ \ \
( ( )\___ | '_ | '_| | '_ \/ _` | \ \ \ \
 \\/  ___)| |_)| | | | | || (_| |  ) ) ) )
  '  |____| .__|_| |_|_| |_\__, | / / / /
 =========|_|==============|___/=/_/_/_/

 :: Spring Boot ::               (v3.5.13)

2026-05-19T12:00:59.930+08:00  INFO 869058 --- [media-task-platform-java] [           main] com.ryan.media.MediaTaskQueryHttpIT      : Starting MediaTaskQueryHttpIT using Java 21.0.10 with PID 869058 (started by GRT in /home/GRT/work/media-task-platform-java)
2026-05-19T12:00:59.930+08:00  INFO 869058 --- [media-task-platform-java] [           main] com.ryan.media.MediaTaskQueryHttpIT      : No active profile set, falling back to 1 default profile: "default"
2026-05-19T12:01:00.652+08:00  INFO 869058 --- [media-task-platform-java] [           main] .s.d.r.c.RepositoryConfigurationDelegate : Multiple Spring Data modules found, entering strict repository configuration mode
2026-05-19T12:01:00.655+08:00  INFO 869058 --- [media-task-platform-java] [           main] .s.d.r.c.RepositoryConfigurationDelegate : Bootstrapping Spring Data Redis repositories in DEFAULT mode.
2026-05-19T12:01:00.680+08:00  INFO 869058 --- [media-task-platform-java] [           main] .s.d.r.c.RepositoryConfigurationDelegate : Finished Spring Data repository scanning in 8 ms. Found 0 Redis repository interfaces.
2026-05-19T12:01:02.374+08:00  INFO 869058 --- [media-task-platform-java] [           main] o.s.b.a.e.web.EndpointLinksResolver      : Exposing 2 endpoints beneath base path '/actuator'
2026-05-19T12:01:02.467+08:00  WARN 869058 --- [media-task-platform-java] [           main] .s.s.UserDetailsServiceAutoConfiguration : 

Using generated security password: 4dfdcbc2-f279-4dc8-989c-9a54e68e21f6

This generated password is for development use only. Your security configuration must be updated before running your application in production.

2026-05-19T12:01:02.476+08:00  INFO 869058 --- [media-task-platform-java] [           main] r$InitializeUserDetailsManagerConfigurer : Global AuthenticationManager configured with UserDetailsService bean with name inMemoryUserDetailsManager
2026-05-19T12:01:03.142+08:00  INFO 869058 --- [media-task-platform-java] [           main] o.s.b.t.m.w.SpringBootMockServletContext : Initializing Spring TestDispatcherServlet ''
2026-05-19T12:01:03.143+08:00  INFO 869058 --- [media-task-platform-java] [           main] o.s.t.web.servlet.TestDispatcherServlet  : Initializing Servlet ''
2026-05-19T12:01:03.144+08:00  INFO 869058 --- [media-task-platform-java] [           main] o.s.t.web.servlet.TestDispatcherServlet  : Completed initialization in 1 ms
2026-05-19T12:01:03.240+08:00  INFO 869058 --- [media-task-platform-java] [           main] com.ryan.media.MediaTaskQueryHttpIT      : Started MediaTaskQueryHttpIT in 3.35 seconds (process running for 6.299)
2026-05-19T12:01:03.350+08:00  INFO 869058 --- [media-task-platform-java] [           main] com.zaxxer.hikari.HikariDataSource       : HikariPool-1 - Starting...
2026-05-19T12:01:03.373+08:00  INFO 869058 --- [media-task-platform-java] [           main] com.zaxxer.hikari.pool.HikariPool        : HikariPool-1 - Added connection conn3: url=jdbc:h2:mem:week11_query_http_it user=SA
2026-05-19T12:01:03.384+08:00  INFO 869058 --- [media-task-platform-java] [           main] com.zaxxer.hikari.HikariDataSource       : HikariPool-1 - Start completed.
2026-05-19T12:01:03.686+08:00  INFO 869058 --- [media-task-platform-java] [           main] t.c.s.AnnotationConfigContextLoaderUtils : Could not detect default configuration classes for test class [com.ryan.media.ContractIT]: ContractIT does not declare any static, non-private, non-final, nested classes annotated with @Configuration.
2026-05-19T12:01:03.703+08:00  INFO 869058 --- [media-task-platform-java] [           main] .b.t.c.SpringBootTestContextBootstrapper : Found @SpringBootConfiguration com.ryan.media.MediaTaskApplication for test class com.ryan.media.ContractIT

  .   ____          _            __ _ _
 /\\ / ___'_ __ _ _(_)_ __  __ _ \ \ \ \
( ( )\___ | '_ | '_| | '_ \/ _` | \ \ \ \
 \\/  ___)| |_)| | | | | || (_| |  ) ) ) )
  '  |____| .__|_| |_|_| |_\__, | / / / /
 =========|_|==============|___/=/_/_/_/

 :: Spring Boot ::               (v3.5.13)

2026-05-19T12:01:03.734+08:00  INFO 869058 --- [media-task-platform-java] [           main] com.ryan.media.ContractIT                : Starting ContractIT using Java 21.0.10 with PID 869058 (started by GRT in /home/GRT/work/media-task-platform-java)
2026-05-19T12:01:03.735+08:00  INFO 869058 --- [media-task-platform-java] [           main] com.ryan.media.ContractIT                : No active profile set, falling back to 1 default profile: "default"
2026-05-19T12:01:04.067+08:00  WARN 869058 --- [media-task-platform-java] [           main] .s.s.UserDetailsServiceAutoConfiguration : 

Using generated security password: 6dd572fa-c9f6-4f94-9154-ca38fa77f754

This generated password is for development use only. Your security configuration must be updated before running your application in production.

2026-05-19T12:01:04.068+08:00  INFO 869058 --- [media-task-platform-java] [           main] r$InitializeUserDetailsManagerConfigurer : Global AuthenticationManager configured with UserDetailsService bean with name inMemoryUserDetailsManager
2026-05-19T12:01:04.113+08:00  INFO 869058 --- [media-task-platform-java] [           main] o.s.b.t.m.w.SpringBootMockServletContext : Initializing Spring TestDispatcherServlet ''
2026-05-19T12:01:04.113+08:00  INFO 869058 --- [media-task-platform-java] [           main] o.s.t.web.servlet.TestDispatcherServlet  : Initializing Servlet ''
2026-05-19T12:01:04.114+08:00  INFO 869058 --- [media-task-platform-java] [           main] o.s.t.web.servlet.TestDispatcherServlet  : Completed initialization in 1 ms
2026-05-19T12:01:04.121+08:00  INFO 869058 --- [media-task-platform-java] [           main] com.ryan.media.ContractIT                : Started ContractIT in 0.414 seconds (process running for 7.181)
